TpTrace Verbose: 0 : 21636, 1, 2023/11/10, 14:53:45.919, 15777615137903, vstest.console.dll, Version: 17.5.0-release-20221220-01 Current process architecture: X64
TpTrace Verbose: 0 : 21636, 1, 2023/11/10, 14:53:45.920, 15777615152546, vstest.console.dll, Runtime location: C:\Program Files\dotnet\shared\Microsoft.NETCore.App\7.0.3
TpTrace Verbose: 0 : 21636, 1, 2023/11/10, 14:53:45.922, 15777615171008, vstest.console.dll, ArtifactProcessingPostProcessModeProcessorExecutor.Initialize: ArtifactProcessingMode.Collect
TpTrace Verbose: 0 : 21636, 1, 2023/11/10, 14:53:45.922, 15777615172067, vstest.console.dll, TestSessionCorrelationIdProcessorModeProcessorExecutor.Initialize: TestSessionCorrelationId '7868_96d3ddb0-6080-4192-bb07-324cc339aa07'
TpTrace Information: 0 : 21636, 1, 2023/11/10, 14:53:45.929, 15777615243250, vstest.console.dll, FilePatternParser: The given file D:\HK5\Testing\QuanLyQuanCafe\QuanLyQuanCafeTest2\bin\Debug\net7.0\fine-code-coverage\build-output\QuanLyQuanCafeTest.dll is a full path.
TpTrace Verbose: 0 : 21636, 1, 2023/11/10, 14:53:45.935, 15777615296955, vstest.console.dll, TestPluginCache.DiscoverTestExtensions: finding test extensions in assemblies ends with: RuntimeProvider.dll TPluginInfo: Microsoft.VisualStudio.TestPlatform.Common.ExtensionFramework.Utilities.TestRuntimePluginInformation TExtension: Microsoft.VisualStudio.TestPlatform.ObjectModel.Host.ITestRuntimeProvider
TpTrace Verbose: 0 : 21636, 1, 2023/11/10, 14:53:45.935, 15777615301489, vstest.console.dll, TestPluginCache.GetExtensionPaths: Filtered extension paths: 
TpTrace Verbose: 0 : 21636, 1, 2023/11/10, 14:53:45.935, 15777615302478, vstest.console.dll, TestPluginCache.GetExtensionPaths: Added default extension paths: C:\Program Files\dotnet\sdk\7.0.201\Extensions\Microsoft.Diagnostics.NETCore.Client.dll
C:\Program Files\dotnet\sdk\7.0.201\Extensions\Microsoft.TestPlatform.Extensions.BlameDataCollector.dll
C:\Program Files\dotnet\sdk\7.0.201\Extensions\Microsoft.TestPlatform.Extensions.EventLogCollector.dll
C:\Program Files\dotnet\sdk\7.0.201\Extensions\Microsoft.TestPlatform.TestHostRuntimeProvider.dll
C:\Program Files\dotnet\sdk\7.0.201\Extensions\Microsoft.VisualStudio.TestPlatform.Extensions.Html.TestLogger.dll
C:\Program Files\dotnet\sdk\7.0.201\Extensions\Microsoft.VisualStudio.TestPlatform.Extensions.Trx.TestLogger.dll
TpTrace Verbose: 0 : 21636, 1, 2023/11/10, 14:53:45.935, 15777615302819, vstest.console.dll, TestPluginCache.GetExtensionPaths: Added unfilterableExtensionPaths: 
TpTrace Information: 0 : 21636, 1, 2023/11/10, 14:53:45.936, 15777615309568, vstest.console.dll, AssemblyResolver.ctor: Creating AssemblyResolver with searchDirectories C:\Program Files\dotnet\sdk\7.0.201\Extensions,C:\Program Files\dotnet\sdk\7.0.201
TpTrace Verbose: 0 : 21636, 1, 2023/11/10, 14:53:45.937, 15777615321931, vstest.console.dll, TestPluginCache.DiscoverTestExtensions: Discovering the extensions using extension path.
TpTrace Verbose: 0 : 21636, 1, 2023/11/10, 14:53:45.937, 15777615323264, vstest.console.dll, TestPluginCache.GetExtensionPaths: Filtered extension paths: 
TpTrace Verbose: 0 : 21636, 1, 2023/11/10, 14:53:45.937, 15777615323800, vstest.console.dll, TestPluginCache.GetExtensionPaths: Added default extension paths: C:\Program Files\dotnet\sdk\7.0.201\Extensions\Microsoft.Diagnostics.NETCore.Client.dll
C:\Program Files\dotnet\sdk\7.0.201\Extensions\Microsoft.TestPlatform.Extensions.BlameDataCollector.dll
C:\Program Files\dotnet\sdk\7.0.201\Extensions\Microsoft.TestPlatform.Extensions.EventLogCollector.dll
C:\Program Files\dotnet\sdk\7.0.201\Extensions\Microsoft.TestPlatform.TestHostRuntimeProvider.dll
C:\Program Files\dotnet\sdk\7.0.201\Extensions\Microsoft.VisualStudio.TestPlatform.Extensions.Html.TestLogger.dll
C:\Program Files\dotnet\sdk\7.0.201\Extensions\Microsoft.VisualStudio.TestPlatform.Extensions.Trx.TestLogger.dll
TpTrace Verbose: 0 : 21636, 1, 2023/11/10, 14:53:45.937, 15777615324090, vstest.console.dll, TestPluginCache.GetExtensionPaths: Added unfilterableExtensionPaths: 
TpTrace Verbose: 0 : 21636, 1, 2023/11/10, 14:53:45.938, 15777615325011, vstest.console.dll, TestPluginCache.DiscoverTestExtensions: Discovering the extensions using allExtensionPaths: C:\Program Files\dotnet\sdk\7.0.201\Extensions\Microsoft.Diagnostics.NETCore.Client.dll
C:\Program Files\dotnet\sdk\7.0.201\Extensions\Microsoft.TestPlatform.Extensions.BlameDataCollector.dll
C:\Program Files\dotnet\sdk\7.0.201\Extensions\Microsoft.TestPlatform.Extensions.EventLogCollector.dll
C:\Program Files\dotnet\sdk\7.0.201\Extensions\Microsoft.TestPlatform.TestHostRuntimeProvider.dll
C:\Program Files\dotnet\sdk\7.0.201\Extensions\Microsoft.VisualStudio.TestPlatform.Extensions.Html.TestLogger.dll
C:\Program Files\dotnet\sdk\7.0.201\Extensions\Microsoft.VisualStudio.TestPlatform.Extensions.Trx.TestLogger.dll
TpTrace Information: 0 : 21636, 1, 2023/11/10, 14:53:45.938, 15777615326720, vstest.console.dll, AssemblyResolver.AddSearchDirectories: Adding more searchDirectories C:\Program Files\dotnet\sdk\7.0.201\Extensions,C:\Program Files\dotnet\sdk\7.0.201
TpTrace Information: 0 : 21636, 1, 2023/11/10, 14:53:45.938, 15777615327542, vstest.console.dll, AssemblyResolver.AddSearchDirectories: Adding more searchDirectories C:\Program Files\dotnet\sdk\7.0.201\Extensions,C:\Program Files\dotnet\sdk\7.0.201
TpTrace Information: 0 : 21636, 1, 2023/11/10, 14:53:45.938, 15777615327908, vstest.console.dll, AssemblyResolver.AddSearchDirectories: Adding more searchDirectories C:\Program Files\dotnet\sdk\7.0.201\Extensions,C:\Program Files\dotnet\sdk\7.0.201
TpTrace Information: 0 : 21636, 1, 2023/11/10, 14:53:45.938, 15777615328184, vstest.console.dll, AssemblyResolver.AddSearchDirectories: Adding more searchDirectories C:\Program Files\dotnet\sdk\7.0.201\Extensions,C:\Program Files\dotnet\sdk\7.0.201
TpTrace Information: 0 : 21636, 1, 2023/11/10, 14:53:45.938, 15777615328492, vstest.console.dll, AssemblyResolver.AddSearchDirectories: Adding more searchDirectories C:\Program Files\dotnet\sdk\7.0.201\Extensions,C:\Program Files\dotnet\sdk\7.0.201
TpTrace Information: 0 : 21636, 1, 2023/11/10, 14:53:45.938, 15777615328773, vstest.console.dll, AssemblyResolver.AddSearchDirectories: Adding more searchDirectories C:\Program Files\dotnet\sdk\7.0.201\Extensions,C:\Program Files\dotnet\sdk\7.0.201
TpTrace Information: 0 : 21636, 1, 2023/11/10, 14:53:45.938, 15777615333242, vstest.console.dll, AssemblyResolver.OnResolve: Microsoft.Diagnostics.NETCore.Client: Resolving assembly.
TpTrace Information: 0 : 21636, 1, 2023/11/10, 14:53:45.938, 15777615333995, vstest.console.dll, AssemblyResolver.OnResolve: Microsoft.Diagnostics.NETCore.Client: Searching in: 'C:\Program Files\dotnet\sdk\7.0.201\Extensions'.
TpTrace Information: 0 : 21636, 1, 2023/11/10, 14:53:45.945, 15777615404331, vstest.console.dll, AssemblyResolver.OnResolve: Microsoft.Diagnostics.NETCore.Client: Loading assembly 'C:\Program Files\dotnet\sdk\7.0.201\Extensions\Microsoft.Diagnostics.NETCore.Client.dll'.
TpTrace Information: 0 : 21636, 1, 2023/11/10, 14:53:45.946, 15777615409182, vstest.console.dll, AssemblyResolver.OnResolve: Resolved assembly: Microsoft.Diagnostics.NETCore.Client, from path: C:\Program Files\dotnet\sdk\7.0.201\Extensions\Microsoft.Diagnostics.NETCore.Client.dll
TpTrace Verbose: 0 : 21636, 1, 2023/11/10, 14:53:45.947, 15777615422779, vstest.console.dll, MetadataReaderExtensionsHelper: Discovering extensions inside assembly 'Microsoft.Diagnostics.NETCore.Client, Version=0.2.6.42401, Culture=neutral, PublicKeyToken=31bf3856ad364e35' file path 'C:\Program Files\dotnet\sdk\7.0.201\Extensions\Microsoft.Diagnostics.NETCore.Client.dll'
TpTrace Information: 0 : 21636, 1, 2023/11/10, 14:53:45.950, 15777615450319, vstest.console.dll, AssemblyResolver.OnResolve: Microsoft.Bcl.AsyncInterfaces: Resolving assembly.
TpTrace Information: 0 : 21636, 1, 2023/11/10, 14:53:45.950, 15777615451065, vstest.console.dll, AssemblyResolver.OnResolve: Microsoft.Bcl.AsyncInterfaces: Searching in: 'C:\Program Files\dotnet\sdk\7.0.201\Extensions'.
TpTrace Information: 0 : 21636, 1, 2023/11/10, 14:53:45.950, 15777615451518, vstest.console.dll, AssemblyResolver.OnResolve: Microsoft.Bcl.AsyncInterfaces: Assembly path does not exist: 'C:\Program Files\dotnet\sdk\7.0.201\Extensions\Microsoft.Bcl.AsyncInterfaces.dll', returning.
TpTrace Information: 0 : 21636, 1, 2023/11/10, 14:53:45.950, 15777615452169, vstest.console.dll, AssemblyResolver.OnResolve: Microsoft.Bcl.AsyncInterfaces: Assembly path does not exist: 'C:\Program Files\dotnet\sdk\7.0.201\Extensions\Microsoft.Bcl.AsyncInterfaces.exe', returning.
TpTrace Information: 0 : 21636, 1, 2023/11/10, 14:53:45.950, 15777615452414, vstest.console.dll, AssemblyResolver.OnResolve: Microsoft.Bcl.AsyncInterfaces: Searching in: 'C:\Program Files\dotnet\sdk\7.0.201'.
TpTrace Information: 0 : 21636, 1, 2023/11/10, 14:53:45.950, 15777615452854, vstest.console.dll, AssemblyResolver.OnResolve: Microsoft.Bcl.AsyncInterfaces: Assembly path does not exist: 'C:\Program Files\dotnet\sdk\7.0.201\Microsoft.Bcl.AsyncInterfaces.dll', returning.
TpTrace Information: 0 : 21636, 1, 2023/11/10, 14:53:45.950, 15777615453104, vstest.console.dll, AssemblyResolver.OnResolve: Microsoft.Bcl.AsyncInterfaces: Assembly path does not exist: 'C:\Program Files\dotnet\sdk\7.0.201\Microsoft.Bcl.AsyncInterfaces.exe', returning.
TpTrace Information: 0 : 21636, 1, 2023/11/10, 14:53:45.950, 15777615453273, vstest.console.dll, AssemblyResolver.OnResolve: Microsoft.Bcl.AsyncInterfaces: Failed to load assembly.
TpTrace Verbose: 0 : 21636, 1, 2023/11/10, 14:53:45.950, 15777615453505, vstest.console.dll, CurrentDomainAssemblyResolve: Resolving assembly 'Microsoft.Bcl.AsyncInterfaces'.
TpTrace Information: 0 : 21636, 1, 2023/11/10, 14:53:45.950, 15777615453956, vstest.console.dll, AssemblyResolver.OnResolve: Microsoft.Bcl.AsyncInterfaces: Resolving assembly.
TpTrace Information: 0 : 21636, 1, 2023/11/10, 14:53:45.950, 15777615454157, vstest.console.dll, AssemblyResolver.OnResolve: Microsoft.Bcl.AsyncInterfaces: Resolved from cache.
TpTrace Verbose: 0 : 21636, 1, 2023/11/10, 14:53:45.950, 15777615454286, vstest.console.dll, CurrentDomainAssemblyResolve: Resolving assembly 'Microsoft.Bcl.AsyncInterfaces'.
TpTrace Verbose: 0 : 21636, 1, 2023/11/10, 14:53:45.950, 15777615454459, vstest.console.dll, CurrentDomainAssemblyResolve: Failed to resolve assembly 'Microsoft.Bcl.AsyncInterfaces'.
TpTrace Verbose: 0 : 21636, 1, 2023/11/10, 14:53:45.951, 15777615458610, vstest.console.dll, CurrentDomainAssemblyResolve: Failed to resolve assembly 'Microsoft.Bcl.AsyncInterfaces'.
TpTrace Warning: 0 : 21636, 1, 2023/11/10, 14:53:45.956, 15777615505085, vstest.console.dll, TestPluginDiscoverer: Failed to get types from assembly 'Microsoft.Diagnostics.NETCore.Client, Version=0.2.6.42401, Culture=neutral, PublicKeyToken=31bf3856ad364e35'. Error: System.Reflection.ReflectionTypeLoadException: Unable to load one or more of the requested types.
Could not load file or assembly 'Microsoft.Bcl.AsyncInterfaces, Version=1.0.0.0, Culture=neutral, PublicKeyToken=cc7b13ffcd2ddd51'. The system cannot find the file specified.
   at System.Reflection.RuntimeModule.GetTypes(RuntimeModule module)
   at System.Reflection.Assembly.GetTypes()
   at Microsoft.VisualStudio.TestPlatform.Common.ExtensionFramework.TestPluginDiscoverer.GetTestExtensionsFromAssembly[TPluginInfo,TExtension](Assembly assembly, Dictionary`2 pluginInfos, String filePath)
System.IO.FileNotFoundException: Could not load file or assembly 'Microsoft.Bcl.AsyncInterfaces, Version=1.0.0.0, Culture=neutral, PublicKeyToken=cc7b13ffcd2ddd51'. The system cannot find the file specified.
File name: 'Microsoft.Bcl.AsyncInterfaces, Version=1.0.0.0, Culture=neutral, PublicKeyToken=cc7b13ffcd2ddd51'
 ---> System.IO.FileNotFoundException: Could not load file or assembly 'Microsoft.Bcl.AsyncInterfaces, Culture=neutral, PublicKeyToken=null'. The system cannot find the file specified.
File name: 'Microsoft.Bcl.AsyncInterfaces, Culture=neutral, PublicKeyToken=null'
   at System.Reflection.RuntimeAssembly.InternalLoad(AssemblyName assemblyName, StackCrawlMark& stackMark, AssemblyLoadContext assemblyLoadContext, RuntimeAssembly requestingAssembly, Boolean throwOnFileNotFound)
   at System.Reflection.Assembly.Load(AssemblyName assemblyRef)
   at Microsoft.VisualStudio.TestPlatform.Common.ExtensionFramework.TestPluginCache.CurrentDomainAssemblyResolve(Object sender, AssemblyResolveEventArgs args)
   at System.Runtime.Loader.AssemblyLoadContext.GetFirstResolvedAssemblyFromResolvingEvent(AssemblyName assemblyName)
   at System.Runtime.Loader.AssemblyLoadContext.ResolveUsingEvent(AssemblyName assemblyName)
   at System.Runtime.Loader.AssemblyLoadContext.ResolveUsingResolvingEvent(IntPtr gchManagedAssemblyLoadContext, AssemblyName assemblyName)
TpTrace Warning: 0 : 21636, 1, 2023/11/10, 14:53:45.956, 15777615507835, vstest.console.dll, LoaderExceptions: System.IO.FileNotFoundException: Could not load file or assembly 'Microsoft.Bcl.AsyncInterfaces, Version=1.0.0.0, Culture=neutral, PublicKeyToken=cc7b13ffcd2ddd51'. The system cannot find the file specified.
File name: 'Microsoft.Bcl.AsyncInterfaces, Version=1.0.0.0, Culture=neutral, PublicKeyToken=cc7b13ffcd2ddd51'
 ---> System.IO.FileNotFoundException: Could not load file or assembly 'Microsoft.Bcl.AsyncInterfaces, Culture=neutral, PublicKeyToken=null'. The system cannot find the file specified.
File name: 'Microsoft.Bcl.AsyncInterfaces, Culture=neutral, PublicKeyToken=null'
   at System.Reflection.RuntimeAssembly.InternalLoad(AssemblyName assemblyName, StackCrawlMark& stackMark, AssemblyLoadContext assemblyLoadContext, RuntimeAssembly requestingAssembly, Boolean throwOnFileNotFound)
   at System.Reflection.Assembly.Load(AssemblyName assemblyRef)
   at Microsoft.VisualStudio.TestPlatform.Common.ExtensionFramework.TestPluginCache.CurrentDomainAssemblyResolve(Object sender, AssemblyResolveEventArgs args)
   at System.Runtime.Loader.AssemblyLoadContext.GetFirstResolvedAssemblyFromResolvingEvent(AssemblyName assemblyName)
   at System.Runtime.Loader.AssemblyLoadContext.ResolveUsingEvent(AssemblyName assemblyName)
   at System.Runtime.Loader.AssemblyLoadContext.ResolveUsingResolvingEvent(IntPtr gchManagedAssemblyLoadContext, AssemblyName assemblyName)
TpTrace Information: 0 : 21636, 1, 2023/11/10, 14:53:45.956, 15777615509072, vstest.console.dll, AssemblyResolver.OnResolve: Microsoft.TestPlatform.Extensions.BlameDataCollector: Resolving assembly.
TpTrace Information: 0 : 21636, 1, 2023/11/10, 14:53:45.956, 15777615509339, vstest.console.dll, AssemblyResolver.OnResolve: Microsoft.TestPlatform.Extensions.BlameDataCollector: Searching in: 'C:\Program Files\dotnet\sdk\7.0.201\Extensions'.
TpTrace Information: 0 : 21636, 1, 2023/11/10, 14:53:45.956, 15777615511382, vstest.console.dll, AssemblyResolver.OnResolve: Microsoft.TestPlatform.Extensions.BlameDataCollector: Loading assembly 'C:\Program Files\dotnet\sdk\7.0.201\Extensions\Microsoft.TestPlatform.Extensions.BlameDataCollector.dll'.
TpTrace Information: 0 : 21636, 1, 2023/11/10, 14:53:45.956, 15777615514233, vstest.console.dll, AssemblyResolver.OnResolve: Resolved assembly: Microsoft.TestPlatform.Extensions.BlameDataCollector, from path: C:\Program Files\dotnet\sdk\7.0.201\Extensions\Microsoft.TestPlatform.Extensions.BlameDataCollector.dll
TpTrace Verbose: 0 : 21636, 1, 2023/11/10, 14:53:45.956, 15777615514809, vstest.console.dll, MetadataReaderExtensionsHelper: Discovering extensions inside assembly 'Microsoft.TestPlatform.Extensions.BlameDataCollector, Version=15.0.0.0, Culture=neutral, PublicKeyToken=b03f5f7f11d50a3a' file path 'C:\Program Files\dotnet\sdk\7.0.201\Extensions\Microsoft.TestPlatform.Extensions.BlameDataCollector.dll'
TpTrace Information: 0 : 21636, 1, 2023/11/10, 14:53:45.958, 15777615530861, vstest.console.dll, AssemblyResolver.OnResolve: Microsoft.TestPlatform.Extensions.EventLogCollector: Resolving assembly.
TpTrace Information: 0 : 21636, 1, 2023/11/10, 14:53:45.958, 15777615531636, vstest.console.dll, AssemblyResolver.OnResolve: Microsoft.TestPlatform.Extensions.EventLogCollector: Searching in: 'C:\Program Files\dotnet\sdk\7.0.201\Extensions'.
TpTrace Information: 0 : 21636, 1, 2023/11/10, 14:53:45.958, 15777615533267, vstest.console.dll, AssemblyResolver.OnResolve: Microsoft.TestPlatform.Extensions.EventLogCollector: Loading assembly 'C:\Program Files\dotnet\sdk\7.0.201\Extensions\Microsoft.TestPlatform.Extensions.EventLogCollector.dll'.
TpTrace Information: 0 : 21636, 1, 2023/11/10, 14:53:45.959, 15777615535690, vstest.console.dll, AssemblyResolver.OnResolve: Resolved assembly: Microsoft.TestPlatform.Extensions.EventLogCollector, from path: C:\Program Files\dotnet\sdk\7.0.201\Extensions\Microsoft.TestPlatform.Extensions.EventLogCollector.dll
TpTrace Verbose: 0 : 21636, 1, 2023/11/10, 14:53:45.959, 15777615536146, vstest.console.dll, MetadataReaderExtensionsHelper: Discovering extensions inside assembly 'Microsoft.TestPlatform.Extensions.EventLogCollector, Version=15.0.0.0, Culture=neutral, PublicKeyToken=b03f5f7f11d50a3a' file path 'C:\Program Files\dotnet\sdk\7.0.201\Extensions\Microsoft.TestPlatform.Extensions.EventLogCollector.dll'
TpTrace Information: 0 : 21636, 1, 2023/11/10, 14:53:45.960, 15777615546696, vstest.console.dll, AssemblyResolver.OnResolve: Microsoft.TestPlatform.TestHostRuntimeProvider: Resolving assembly.
TpTrace Information: 0 : 21636, 1, 2023/11/10, 14:53:45.960, 15777615547119, vstest.console.dll, AssemblyResolver.OnResolve: Microsoft.TestPlatform.TestHostRuntimeProvider: Searching in: 'C:\Program Files\dotnet\sdk\7.0.201\Extensions'.
TpTrace Information: 0 : 21636, 1, 2023/11/10, 14:53:45.960, 15777615548614, vstest.console.dll, AssemblyResolver.OnResolve: Microsoft.TestPlatform.TestHostRuntimeProvider: Loading assembly 'C:\Program Files\dotnet\sdk\7.0.201\Extensions\Microsoft.TestPlatform.TestHostRuntimeProvider.dll'.
TpTrace Information: 0 : 21636, 1, 2023/11/10, 14:53:45.960, 15777615550836, vstest.console.dll, AssemblyResolver.OnResolve: Resolved assembly: Microsoft.TestPlatform.TestHostRuntimeProvider, from path: C:\Program Files\dotnet\sdk\7.0.201\Extensions\Microsoft.TestPlatform.TestHostRuntimeProvider.dll
TpTrace Verbose: 0 : 21636, 1, 2023/11/10, 14:53:45.960, 15777615551268, vstest.console.dll, MetadataReaderExtensionsHelper: Discovering extensions inside assembly 'Microsoft.TestPlatform.TestHostRuntimeProvider, Version=15.0.0.0, Culture=neutral, PublicKeyToken=b03f5f7f11d50a3a' file path 'C:\Program Files\dotnet\sdk\7.0.201\Extensions\Microsoft.TestPlatform.TestHostRuntimeProvider.dll'
TpTrace Information: 0 : 21636, 1, 2023/11/10, 14:53:45.962, 15777615564910, vstest.console.dll, GetTestExtensionFromType: Register extension with identifier data 'HostProvider://DefaultTestHost' and type 'Microsoft.VisualStudio.TestPlatform.CrossPlatEngine.Hosting.DefaultTestHostManager, Microsoft.TestPlatform.TestHostRuntimeProvider, Version=15.0.0.0, Culture=neutral, PublicKeyToken=b03f5f7f11d50a3a' inside file 'C:\Program Files\dotnet\sdk\7.0.201\Extensions\Microsoft.TestPlatform.TestHostRuntimeProvider.dll'
TpTrace Information: 0 : 21636, 1, 2023/11/10, 14:53:45.962, 15777615566698, vstest.console.dll, GetTestExtensionFromType: Register extension with identifier data 'HostProvider://DotnetTestHost' and type 'Microsoft.VisualStudio.TestPlatform.CrossPlatEngine.Hosting.DotnetTestHostManager, Microsoft.TestPlatform.TestHostRuntimeProvider, Version=15.0.0.0, Culture=neutral, PublicKeyToken=b03f5f7f11d50a3a' inside file 'C:\Program Files\dotnet\sdk\7.0.201\Extensions\Microsoft.TestPlatform.TestHostRuntimeProvider.dll'
TpTrace Information: 0 : 21636, 1, 2023/11/10, 14:53:45.962, 15777615567234, vstest.console.dll, AssemblyResolver.OnResolve: Microsoft.VisualStudio.TestPlatform.Extensions.Html.TestLogger: Resolving assembly.
TpTrace Information: 0 : 21636, 1, 2023/11/10, 14:53:45.962, 15777615567444, vstest.console.dll, AssemblyResolver.OnResolve: Microsoft.VisualStudio.TestPlatform.Extensions.Html.TestLogger: Searching in: 'C:\Program Files\dotnet\sdk\7.0.201\Extensions'.
TpTrace Information: 0 : 21636, 1, 2023/11/10, 14:53:45.962, 15777615569059, vstest.console.dll, AssemblyResolver.OnResolve: Microsoft.VisualStudio.TestPlatform.Extensions.Html.TestLogger: Loading assembly 'C:\Program Files\dotnet\sdk\7.0.201\Extensions\Microsoft.VisualStudio.TestPlatform.Extensions.Html.TestLogger.dll'.
TpTrace Information: 0 : 21636, 1, 2023/11/10, 14:53:45.962, 15777615571794, vstest.console.dll, AssemblyResolver.OnResolve: Resolved assembly: Microsoft.VisualStudio.TestPlatform.Extensions.Html.TestLogger, from path: C:\Program Files\dotnet\sdk\7.0.201\Extensions\Microsoft.VisualStudio.TestPlatform.Extensions.Html.TestLogger.dll
TpTrace Verbose: 0 : 21636, 1, 2023/11/10, 14:53:45.962, 15777615572421, vstest.console.dll, MetadataReaderExtensionsHelper: Discovering extensions inside assembly 'Microsoft.VisualStudio.TestPlatform.Extensions.Html.TestLogger, Version=15.0.0.0, Culture=neutral, PublicKeyToken=b03f5f7f11d50a3a' file path 'C:\Program Files\dotnet\sdk\7.0.201\Extensions\Microsoft.VisualStudio.TestPlatform.Extensions.Html.TestLogger.dll'
TpTrace Information: 0 : 21636, 1, 2023/11/10, 14:53:45.963, 15777615583537, vstest.console.dll, AssemblyResolver.OnResolve: Microsoft.VisualStudio.TestPlatform.Extensions.Trx.TestLogger: Resolving assembly.
TpTrace Information: 0 : 21636, 1, 2023/11/10, 14:53:45.963, 15777615584524, vstest.console.dll, AssemblyResolver.OnResolve: Microsoft.VisualStudio.TestPlatform.Extensions.Trx.TestLogger: Searching in: 'C:\Program Files\dotnet\sdk\7.0.201\Extensions'.
TpTrace Information: 0 : 21636, 1, 2023/11/10, 14:53:45.964, 15777615586810, vstest.console.dll, AssemblyResolver.OnResolve: Microsoft.VisualStudio.TestPlatform.Extensions.Trx.TestLogger: Loading assembly 'C:\Program Files\dotnet\sdk\7.0.201\Extensions\Microsoft.VisualStudio.TestPlatform.Extensions.Trx.TestLogger.dll'.
TpTrace Information: 0 : 21636, 1, 2023/11/10, 14:53:45.964, 15777615589773, vstest.console.dll, AssemblyResolver.OnResolve: Resolved assembly: Microsoft.VisualStudio.TestPlatform.Extensions.Trx.TestLogger, from path: C:\Program Files\dotnet\sdk\7.0.201\Extensions\Microsoft.VisualStudio.TestPlatform.Extensions.Trx.TestLogger.dll
TpTrace Verbose: 0 : 21636, 1, 2023/11/10, 14:53:45.964, 15777615590291, vstest.console.dll, MetadataReaderExtensionsHelper: Discovering extensions inside assembly 'Microsoft.VisualStudio.TestPlatform.Extensions.Trx.TestLogger, Version=15.0.0.0, Culture=neutral, PublicKeyToken=b03f5f7f11d50a3a' file path 'C:\Program Files\dotnet\sdk\7.0.201\Extensions\Microsoft.VisualStudio.TestPlatform.Extensions.Trx.TestLogger.dll'
TpTrace Verbose: 0 : 21636, 1, 2023/11/10, 14:53:45.965, 15777615597857, vstest.console.dll, TestPluginCache: Discovered the extensions using extension path ''.
TpTrace Verbose: 0 : 21636, 1, 2023/11/10, 14:53:45.965, 15777615598300, vstest.console.dll, TestPluginCache: Discoverers are ''.
TpTrace Verbose: 0 : 21636, 1, 2023/11/10, 14:53:45.965, 15777615598446, vstest.console.dll, TestPluginCache: Executors are ''.
TpTrace Verbose: 0 : 21636, 1, 2023/11/10, 14:53:45.965, 15777615598677, vstest.console.dll, TestPluginCache: Executors2 are ''.
TpTrace Verbose: 0 : 21636, 1, 2023/11/10, 14:53:45.965, 15777615598803, vstest.console.dll, TestPluginCache: Setting providers are ''.
TpTrace Verbose: 0 : 21636, 1, 2023/11/10, 14:53:45.965, 15777615598931, vstest.console.dll, TestPluginCache: Loggers are ''.
TpTrace Verbose: 0 : 21636, 1, 2023/11/10, 14:53:45.965, 15777615599871, vstest.console.dll, TestPluginCache: TestHosts are 'HostProvider://DefaultTestHost,HostProvider://DotnetTestHost'.
TpTrace Verbose: 0 : 21636, 1, 2023/11/10, 14:53:45.965, 15777615600060, vstest.console.dll, TestPluginCache: DataCollectors are ''.
TpTrace Information: 0 : 21636, 1, 2023/11/10, 14:53:45.972, 15777615671491, vstest.console.dll, RunTestsArgumentProcessor:Execute: Test run is starting.
TpTrace Verbose: 0 : 21636, 1, 2023/11/10, 14:53:45.972, 15777615672302, vstest.console.dll, RunTestsArgumentProcessor:Execute: Queuing Test run.
TpTrace Information: 0 : 21636, 1, 2023/11/10, 14:53:45.972, 15777615673968, vstest.console.dll, TestRequestManager.RunTests: run tests started.
TpTrace Information: 0 : 21636, 1, 2023/11/10, 14:53:45.974, 15777615684969, vstest.console.dll, AssemblyMetadataProvider.GetFrameworkName: Determined framework:'.NETCoreApp,Version=v7.0' for source: 'D:\HK5\Testing\QuanLyQuanCafe\QuanLyQuanCafeTest2\bin\Debug\net7.0\fine-code-coverage\build-output\QuanLyQuanCafeTest.dll'
TpTrace Information: 0 : 21636, 1, 2023/11/10, 14:53:45.974, 15777615686340, vstest.console.dll, Determined framework for all sources: .NETCoreApp,Version=v7.0
TpTrace Verbose: 0 : 21636, 1, 2023/11/10, 14:53:45.974, 15777615689247, vstest.console.dll, TestRequestManager.UpdateRunSettingsIfRequired: Default architecture: X64 IsDefaultTargetArchitecture: True, Current process architecture: X64 OperatingSystem: Windows.
TpTrace Information: 0 : 21636, 1, 2023/11/10, 14:53:45.975, 15777615702832, vstest.console.dll, AssemblyMetadataProvider.GetArchitecture: Determined architecture:AnyCPU info for assembly: D:\HK5\Testing\QuanLyQuanCafe\QuanLyQuanCafeTest2\bin\Debug\net7.0\fine-code-coverage\build-output\QuanLyQuanCafeTest.dll
TpTrace Information: 0 : 21636, 1, 2023/11/10, 14:53:45.975, 15777615703254, vstest.console.dll, Determined platform for source 'D:\HK5\Testing\QuanLyQuanCafe\QuanLyQuanCafeTest2\bin\Debug\net7.0\fine-code-coverage\build-output\QuanLyQuanCafeTest.dll' was AnyCPU and it will use the default plaform X64.
TpTrace Information: 0 : 21636, 1, 2023/11/10, 14:53:45.975, 15777615703407, vstest.console.dll, None of the sources provided any runnable platform, using the default platform: X64
TpTrace Information: 0 : 21636, 1, 2023/11/10, 14:53:45.975, 15777615703977, vstest.console.dll, Platform was updated to 'X64'.
TpTrace Information: 0 : 21636, 1, 2023/11/10, 14:53:45.978, 15777615730281, vstest.console.dll, InferRunSettingsHelper.IsTestSettingsEnabled: Unable to navigate to RunSettings/MSTest. Current node: RunSettings
TpTrace Information: 0 : 21636, 1, 2023/11/10, 14:53:45.979, 15777615735821, vstest.console.dll, AssemblyResolver.OnResolve: Microsoft.VisualStudio.TestPlatform.Fakes: Resolving assembly.
TpTrace Information: 0 : 21636, 1, 2023/11/10, 14:53:45.979, 15777615736262, vstest.console.dll, AssemblyResolver.OnResolve: Microsoft.VisualStudio.TestPlatform.Fakes: Searching in: 'C:\Program Files\dotnet\sdk\7.0.201\Extensions'.
TpTrace Information: 0 : 21636, 1, 2023/11/10, 14:53:45.979, 15777615736853, vstest.console.dll, AssemblyResolver.OnResolve: Microsoft.VisualStudio.TestPlatform.Fakes: Assembly path does not exist: 'C:\Program Files\dotnet\sdk\7.0.201\Extensions\Microsoft.VisualStudio.TestPlatform.Fakes.dll', returning.
TpTrace Information: 0 : 21636, 1, 2023/11/10, 14:53:45.979, 15777615737138, vstest.console.dll, AssemblyResolver.OnResolve: Microsoft.VisualStudio.TestPlatform.Fakes: Assembly path does not exist: 'C:\Program Files\dotnet\sdk\7.0.201\Extensions\Microsoft.VisualStudio.TestPlatform.Fakes.exe', returning.
TpTrace Information: 0 : 21636, 1, 2023/11/10, 14:53:45.979, 15777615737306, vstest.console.dll, AssemblyResolver.OnResolve: Microsoft.VisualStudio.TestPlatform.Fakes: Searching in: 'C:\Program Files\dotnet\sdk\7.0.201'.
TpTrace Information: 0 : 21636, 1, 2023/11/10, 14:53:45.979, 15777615737591, vstest.console.dll, AssemblyResolver.OnResolve: Microsoft.VisualStudio.TestPlatform.Fakes: Assembly path does not exist: 'C:\Program Files\dotnet\sdk\7.0.201\Microsoft.VisualStudio.TestPlatform.Fakes.dll', returning.
TpTrace Information: 0 : 21636, 1, 2023/11/10, 14:53:45.979, 15777615737831, vstest.console.dll, AssemblyResolver.OnResolve: Microsoft.VisualStudio.TestPlatform.Fakes: Assembly path does not exist: 'C:\Program Files\dotnet\sdk\7.0.201\Microsoft.VisualStudio.TestPlatform.Fakes.exe', returning.
TpTrace Information: 0 : 21636, 1, 2023/11/10, 14:53:45.979, 15777615737967, vstest.console.dll, AssemblyResolver.OnResolve: Microsoft.VisualStudio.TestPlatform.Fakes: Failed to load assembly.
TpTrace Information: 0 : 21636, 1, 2023/11/10, 14:53:45.979, 15777615739867, vstest.console.dll, Failed to load assembly Microsoft.VisualStudio.TestPlatform.Fakes, Version=17.0.0.0, Culture=neutral. Reason:System.IO.FileNotFoundException: Could not load file or assembly 'Microsoft.VisualStudio.TestPlatform.Fakes, Version=17.0.0.0, Culture=neutral, PublicKeyToken=null'. The system cannot find the file specified.
File name: 'Microsoft.VisualStudio.TestPlatform.Fakes, Version=17.0.0.0, Culture=neutral, PublicKeyToken=null'
   at System.Reflection.RuntimeAssembly.InternalLoad(AssemblyName assemblyName, StackCrawlMark& stackMark, AssemblyLoadContext assemblyLoadContext, RuntimeAssembly requestingAssembly, Boolean throwOnFileNotFound)
   at System.Reflection.Assembly.Load(AssemblyName assemblyRef)
   at Microsoft.VisualStudio.TestPlatform.Common.Utilities.FakesUtilities.LoadTestPlatformAssembly()
TpTrace Verbose: 0 : 21636, 1, 2023/11/10, 14:53:45.982, 15777615767711, vstest.console.dll, TestPluginCache.DiscoverTestExtensions: finding test extensions in assemblies ends with: TestLogger.dll TPluginInfo: Microsoft.VisualStudio.TestPlatform.Common.ExtensionFramework.Utilities.TestLoggerPluginInformation TExtension: Microsoft.VisualStudio.TestPlatform.ObjectModel.Client.ITestLogger
TpTrace Verbose: 0 : 21636, 1, 2023/11/10, 14:53:45.982, 15777615768573, vstest.console.dll, TestPluginCache.GetExtensionPaths: Filtered extension paths: 
TpTrace Verbose: 0 : 21636, 1, 2023/11/10, 14:53:45.982, 15777615768912, vstest.console.dll, TestPluginCache.GetExtensionPaths: Added default extension paths: C:\Program Files\dotnet\sdk\7.0.201\Extensions\Microsoft.Diagnostics.NETCore.Client.dll
C:\Program Files\dotnet\sdk\7.0.201\Extensions\Microsoft.TestPlatform.Extensions.BlameDataCollector.dll
C:\Program Files\dotnet\sdk\7.0.201\Extensions\Microsoft.TestPlatform.Extensions.EventLogCollector.dll
C:\Program Files\dotnet\sdk\7.0.201\Extensions\Microsoft.TestPlatform.TestHostRuntimeProvider.dll
C:\Program Files\dotnet\sdk\7.0.201\Extensions\Microsoft.VisualStudio.TestPlatform.Extensions.Html.TestLogger.dll
C:\Program Files\dotnet\sdk\7.0.201\Extensions\Microsoft.VisualStudio.TestPlatform.Extensions.Trx.TestLogger.dll
TpTrace Verbose: 0 : 21636, 1, 2023/11/10, 14:53:45.982, 15777615769139, vstest.console.dll, TestPluginCache.GetExtensionPaths: Added unfilterableExtensionPaths: 
TpTrace Information: 0 : 21636, 1, 2023/11/10, 14:53:45.982, 15777615770045, vstest.console.dll, AssemblyResolver.AddSearchDirectories: Adding more searchDirectories C:\Program Files\dotnet\sdk\7.0.201\Extensions,C:\Program Files\dotnet\sdk\7.0.201
TpTrace Verbose: 0 : 21636, 1, 2023/11/10, 14:53:45.982, 15777615770314, vstest.console.dll, TestPluginCache.DiscoverTestExtensions: Discovering the extensions using extension path.
TpTrace Verbose: 0 : 21636, 1, 2023/11/10, 14:53:45.982, 15777615770498, vstest.console.dll, TestPluginCache.GetExtensionPaths: Filtered extension paths: 
TpTrace Verbose: 0 : 21636, 1, 2023/11/10, 14:53:45.982, 15777615770664, vstest.console.dll, TestPluginCache.GetExtensionPaths: Added default extension paths: C:\Program Files\dotnet\sdk\7.0.201\Extensions\Microsoft.Diagnostics.NETCore.Client.dll
C:\Program Files\dotnet\sdk\7.0.201\Extensions\Microsoft.TestPlatform.Extensions.BlameDataCollector.dll
C:\Program Files\dotnet\sdk\7.0.201\Extensions\Microsoft.TestPlatform.Extensions.EventLogCollector.dll
C:\Program Files\dotnet\sdk\7.0.201\Extensions\Microsoft.TestPlatform.TestHostRuntimeProvider.dll
C:\Program Files\dotnet\sdk\7.0.201\Extensions\Microsoft.VisualStudio.TestPlatform.Extensions.Html.TestLogger.dll
C:\Program Files\dotnet\sdk\7.0.201\Extensions\Microsoft.VisualStudio.TestPlatform.Extensions.Trx.TestLogger.dll
TpTrace Verbose: 0 : 21636, 1, 2023/11/10, 14:53:45.982, 15777615770812, vstest.console.dll, TestPluginCache.GetExtensionPaths: Added unfilterableExtensionPaths: 
TpTrace Verbose: 0 : 21636, 1, 2023/11/10, 14:53:45.982, 15777615771001, vstest.console.dll, TestPluginCache.DiscoverTestExtensions: Discovering the extensions using allExtensionPaths: C:\Program Files\dotnet\sdk\7.0.201\Extensions\Microsoft.Diagnostics.NETCore.Client.dll
C:\Program Files\dotnet\sdk\7.0.201\Extensions\Microsoft.TestPlatform.Extensions.BlameDataCollector.dll
C:\Program Files\dotnet\sdk\7.0.201\Extensions\Microsoft.TestPlatform.Extensions.EventLogCollector.dll
C:\Program Files\dotnet\sdk\7.0.201\Extensions\Microsoft.TestPlatform.TestHostRuntimeProvider.dll
C:\Program Files\dotnet\sdk\7.0.201\Extensions\Microsoft.VisualStudio.TestPlatform.Extensions.Html.TestLogger.dll
C:\Program Files\dotnet\sdk\7.0.201\Extensions\Microsoft.VisualStudio.TestPlatform.Extensions.Trx.TestLogger.dll
TpTrace Information: 0 : 21636, 1, 2023/11/10, 14:53:45.982, 15777615771700, vstest.console.dll, AssemblyResolver.AddSearchDirectories: Adding more searchDirectories C:\Program Files\dotnet\sdk\7.0.201\Extensions,C:\Program Files\dotnet\sdk\7.0.201
TpTrace Information: 0 : 21636, 1, 2023/11/10, 14:53:45.982, 15777615771930, vstest.console.dll, AssemblyResolver.AddSearchDirectories: Adding more searchDirectories C:\Program Files\dotnet\sdk\7.0.201\Extensions,C:\Program Files\dotnet\sdk\7.0.201
TpTrace Information: 0 : 21636, 1, 2023/11/10, 14:53:45.982, 15777615772085, vstest.console.dll, AssemblyResolver.AddSearchDirectories: Adding more searchDirectories C:\Program Files\dotnet\sdk\7.0.201\Extensions,C:\Program Files\dotnet\sdk\7.0.201
TpTrace Information: 0 : 21636, 1, 2023/11/10, 14:53:45.982, 15777615772236, vstest.console.dll, AssemblyResolver.AddSearchDirectories: Adding more searchDirectories C:\Program Files\dotnet\sdk\7.0.201\Extensions,C:\Program Files\dotnet\sdk\7.0.201
TpTrace Information: 0 : 21636, 1, 2023/11/10, 14:53:45.982, 15777615772409, vstest.console.dll, AssemblyResolver.AddSearchDirectories: Adding more searchDirectories C:\Program Files\dotnet\sdk\7.0.201\Extensions,C:\Program Files\dotnet\sdk\7.0.201
TpTrace Information: 0 : 21636, 1, 2023/11/10, 14:53:45.982, 15777615772559, vstest.console.dll, AssemblyResolver.AddSearchDirectories: Adding more searchDirectories C:\Program Files\dotnet\sdk\7.0.201\Extensions,C:\Program Files\dotnet\sdk\7.0.201
TpTrace Verbose: 0 : 21636, 1, 2023/11/10, 14:53:45.982, 15777615773321, vstest.console.dll, MetadataReaderExtensionsHelper: Discovering extensions inside assembly 'Microsoft.Diagnostics.NETCore.Client, Version=0.2.6.42401, Culture=neutral, PublicKeyToken=31bf3856ad364e35' file path 'C:\Program Files\dotnet\sdk\7.0.201\Extensions\Microsoft.Diagnostics.NETCore.Client.dll'
TpTrace Information: 0 : 21636, 1, 2023/11/10, 14:53:45.983, 15777615778256, vstest.console.dll, AssemblyResolver.OnResolve: Microsoft.Bcl.AsyncInterfaces: Resolving assembly.
TpTrace Information: 0 : 21636, 1, 2023/11/10, 14:53:45.983, 15777615778704, vstest.console.dll, AssemblyResolver.OnResolve: Microsoft.Bcl.AsyncInterfaces: Resolved from cache.
TpTrace Verbose: 0 : 21636, 1, 2023/11/10, 14:53:45.983, 15777615778990, vstest.console.dll, CurrentDomainAssemblyResolve: Resolving assembly 'Microsoft.Bcl.AsyncInterfaces'.
TpTrace Information: 0 : 21636, 1, 2023/11/10, 14:53:45.983, 15777615779289, vstest.console.dll, AssemblyResolver.OnResolve: Microsoft.Bcl.AsyncInterfaces: Resolving assembly.
TpTrace Information: 0 : 21636, 1, 2023/11/10, 14:53:45.983, 15777615779440, vstest.console.dll, AssemblyResolver.OnResolve: Microsoft.Bcl.AsyncInterfaces: Resolved from cache.
TpTrace Verbose: 0 : 21636, 1, 2023/11/10, 14:53:45.983, 15777615779595, vstest.console.dll, CurrentDomainAssemblyResolve: Resolving assembly 'Microsoft.Bcl.AsyncInterfaces'.
TpTrace Verbose: 0 : 21636, 1, 2023/11/10, 14:53:45.983, 15777615779725, vstest.console.dll, CurrentDomainAssemblyResolve: Failed to resolve assembly 'Microsoft.Bcl.AsyncInterfaces'.
TpTrace Verbose: 0 : 21636, 1, 2023/11/10, 14:53:45.983, 15777615780818, vstest.console.dll, CurrentDomainAssemblyResolve: Failed to resolve assembly 'Microsoft.Bcl.AsyncInterfaces'.
TpTrace Warning: 0 : 21636, 1, 2023/11/10, 14:53:45.983, 15777615783199, vstest.console.dll, TestPluginDiscoverer: Failed to get types from assembly 'Microsoft.Diagnostics.NETCore.Client, Version=0.2.6.42401, Culture=neutral, PublicKeyToken=31bf3856ad364e35'. Error: System.Reflection.ReflectionTypeLoadException: Unable to load one or more of the requested types.
Could not load file or assembly 'Microsoft.Bcl.AsyncInterfaces, Version=1.0.0.0, Culture=neutral, PublicKeyToken=cc7b13ffcd2ddd51'. The system cannot find the file specified.
   at System.Reflection.RuntimeModule.GetTypes(RuntimeModule module)
   at System.Reflection.Assembly.GetTypes()
   at Microsoft.VisualStudio.TestPlatform.Common.ExtensionFramework.TestPluginDiscoverer.GetTestExtensionsFromAssembly[TPluginInfo,TExtension](Assembly assembly, Dictionary`2 pluginInfos, String filePath)
System.IO.FileNotFoundException: Could not load file or assembly 'Microsoft.Bcl.AsyncInterfaces, Version=1.0.0.0, Culture=neutral, PublicKeyToken=cc7b13ffcd2ddd51'. The system cannot find the file specified.
File name: 'Microsoft.Bcl.AsyncInterfaces, Version=1.0.0.0, Culture=neutral, PublicKeyToken=cc7b13ffcd2ddd51'
 ---> System.IO.FileNotFoundException: Could not load file or assembly 'Microsoft.Bcl.AsyncInterfaces, Culture=neutral, PublicKeyToken=null'. The system cannot find the file specified.
File name: 'Microsoft.Bcl.AsyncInterfaces, Culture=neutral, PublicKeyToken=null'
   at System.Reflection.RuntimeAssembly.InternalLoad(AssemblyName assemblyName, StackCrawlMark& stackMark, AssemblyLoadContext assemblyLoadContext, RuntimeAssembly requestingAssembly, Boolean throwOnFileNotFound)
   at System.Reflection.Assembly.Load(AssemblyName assemblyRef)
   at Microsoft.VisualStudio.TestPlatform.Common.ExtensionFramework.TestPluginCache.CurrentDomainAssemblyResolve(Object sender, AssemblyResolveEventArgs args)
   at System.Runtime.Loader.AssemblyLoadContext.GetFirstResolvedAssemblyFromResolvingEvent(AssemblyName assemblyName)
   at System.Runtime.Loader.AssemblyLoadContext.ResolveUsingEvent(AssemblyName assemblyName)
   at System.Runtime.Loader.AssemblyLoadContext.ResolveUsingResolvingEvent(IntPtr gchManagedAssemblyLoadContext, AssemblyName assemblyName)
TpTrace Warning: 0 : 21636, 1, 2023/11/10, 14:53:45.983, 15777615784209, vstest.console.dll, LoaderExceptions: System.IO.FileNotFoundException: Could not load file or assembly 'Microsoft.Bcl.AsyncInterfaces, Version=1.0.0.0, Culture=neutral, PublicKeyToken=cc7b13ffcd2ddd51'. The system cannot find the file specified.
File name: 'Microsoft.Bcl.AsyncInterfaces, Version=1.0.0.0, Culture=neutral, PublicKeyToken=cc7b13ffcd2ddd51'
 ---> System.IO.FileNotFoundException: Could not load file or assembly 'Microsoft.Bcl.AsyncInterfaces, Culture=neutral, PublicKeyToken=null'. The system cannot find the file specified.
File name: 'Microsoft.Bcl.AsyncInterfaces, Culture=neutral, PublicKeyToken=null'
   at System.Reflection.RuntimeAssembly.InternalLoad(AssemblyName assemblyName, StackCrawlMark& stackMark, AssemblyLoadContext assemblyLoadContext, RuntimeAssembly requestingAssembly, Boolean throwOnFileNotFound)
   at System.Reflection.Assembly.Load(AssemblyName assemblyRef)
   at Microsoft.VisualStudio.TestPlatform.Common.ExtensionFramework.TestPluginCache.CurrentDomainAssemblyResolve(Object sender, AssemblyResolveEventArgs args)
   at System.Runtime.Loader.AssemblyLoadContext.GetFirstResolvedAssemblyFromResolvingEvent(AssemblyName assemblyName)
   at System.Runtime.Loader.AssemblyLoadContext.ResolveUsingEvent(AssemblyName assemblyName)
   at System.Runtime.Loader.AssemblyLoadContext.ResolveUsingResolvingEvent(IntPtr gchManagedAssemblyLoadContext, AssemblyName assemblyName)
TpTrace Verbose: 0 : 21636, 1, 2023/11/10, 14:53:45.983, 15777615784781, vstest.console.dll, MetadataReaderExtensionsHelper: Discovering extensions inside assembly 'Microsoft.TestPlatform.Extensions.BlameDataCollector, Version=15.0.0.0, Culture=neutral, PublicKeyToken=b03f5f7f11d50a3a' file path 'C:\Program Files\dotnet\sdk\7.0.201\Extensions\Microsoft.TestPlatform.Extensions.BlameDataCollector.dll'
TpTrace Information: 0 : 21636, 1, 2023/11/10, 14:53:45.984, 15777615788196, vstest.console.dll, GetTestExtensionFromType: Register extension with identifier data 'logger://Microsoft/TestPlatform/Extensions/Blame/v1' and type 'Microsoft.TestPlatform.Extensions.BlameDataCollector.BlameLogger, Microsoft.TestPlatform.Extensions.BlameDataCollector, Version=15.0.0.0, Culture=neutral, PublicKeyToken=b03f5f7f11d50a3a' inside file 'C:\Program Files\dotnet\sdk\7.0.201\Extensions\Microsoft.TestPlatform.Extensions.BlameDataCollector.dll'
TpTrace Verbose: 0 : 21636, 1, 2023/11/10, 14:53:45.984, 15777615788786, vstest.console.dll, MetadataReaderExtensionsHelper: Discovering extensions inside assembly 'Microsoft.TestPlatform.Extensions.EventLogCollector, Version=15.0.0.0, Culture=neutral, PublicKeyToken=b03f5f7f11d50a3a' file path 'C:\Program Files\dotnet\sdk\7.0.201\Extensions\Microsoft.TestPlatform.Extensions.EventLogCollector.dll'
TpTrace Verbose: 0 : 21636, 1, 2023/11/10, 14:53:45.984, 15777615790663, vstest.console.dll, MetadataReaderExtensionsHelper: Discovering extensions inside assembly 'Microsoft.TestPlatform.TestHostRuntimeProvider, Version=15.0.0.0, Culture=neutral, PublicKeyToken=b03f5f7f11d50a3a' file path 'C:\Program Files\dotnet\sdk\7.0.201\Extensions\Microsoft.TestPlatform.TestHostRuntimeProvider.dll'
TpTrace Verbose: 0 : 21636, 1, 2023/11/10, 14:53:45.984, 15777615792496, vstest.console.dll, MetadataReaderExtensionsHelper: Discovering extensions inside assembly 'Microsoft.VisualStudio.TestPlatform.Extensions.Html.TestLogger, Version=15.0.0.0, Culture=neutral, PublicKeyToken=b03f5f7f11d50a3a' file path 'C:\Program Files\dotnet\sdk\7.0.201\Extensions\Microsoft.VisualStudio.TestPlatform.Extensions.Html.TestLogger.dll'
TpTrace Information: 0 : 21636, 1, 2023/11/10, 14:53:45.985, 15777615795987, vstest.console.dll, GetTestExtensionFromType: Register extension with identifier data 'logger://Microsoft/TestPlatform/HtmlLogger/v1' and type 'Microsoft.VisualStudio.TestPlatform.Extensions.HtmlLogger.HtmlLogger, Microsoft.VisualStudio.TestPlatform.Extensions.Html.TestLogger, Version=15.0.0.0, Culture=neutral, PublicKeyToken=b03f5f7f11d50a3a' inside file 'C:\Program Files\dotnet\sdk\7.0.201\Extensions\Microsoft.VisualStudio.TestPlatform.Extensions.Html.TestLogger.dll'
TpTrace Verbose: 0 : 21636, 1, 2023/11/10, 14:53:45.985, 15777615796452, vstest.console.dll, MetadataReaderExtensionsHelper: Discovering extensions inside assembly 'Microsoft.VisualStudio.TestPlatform.Extensions.Trx.TestLogger, Version=15.0.0.0, Culture=neutral, PublicKeyToken=b03f5f7f11d50a3a' file path 'C:\Program Files\dotnet\sdk\7.0.201\Extensions\Microsoft.VisualStudio.TestPlatform.Extensions.Trx.TestLogger.dll'
TpTrace Information: 0 : 21636, 1, 2023/11/10, 14:53:45.985, 15777615798386, vstest.console.dll, GetTestExtensionFromType: Register extension with identifier data 'logger://Microsoft/TestPlatform/TrxLogger/v1' and type 'Microsoft.VisualStudio.TestPlatform.Extensions.TrxLogger.TrxLogger, Microsoft.VisualStudio.TestPlatform.Extensions.Trx.TestLogger, Version=15.0.0.0, Culture=neutral, PublicKeyToken=b03f5f7f11d50a3a' inside file 'C:\Program Files\dotnet\sdk\7.0.201\Extensions\Microsoft.VisualStudio.TestPlatform.Extensions.Trx.TestLogger.dll'
TpTrace Verbose: 0 : 21636, 1, 2023/11/10, 14:53:45.985, 15777615798923, vstest.console.dll, TestPluginCache: Discovered the extensions using extension path ''.
TpTrace Verbose: 0 : 21636, 1, 2023/11/10, 14:53:45.985, 15777615799085, vstest.console.dll, TestPluginCache: Discoverers are ''.
TpTrace Verbose: 0 : 21636, 1, 2023/11/10, 14:53:45.985, 15777615799243, vstest.console.dll, TestPluginCache: Executors are ''.
TpTrace Verbose: 0 : 21636, 1, 2023/11/10, 14:53:45.985, 15777615799358, vstest.console.dll, TestPluginCache: Executors2 are ''.
TpTrace Verbose: 0 : 21636, 1, 2023/11/10, 14:53:45.985, 15777615799471, vstest.console.dll, TestPluginCache: Setting providers are ''.
TpTrace Verbose: 0 : 21636, 1, 2023/11/10, 14:53:45.985, 15777615799858, vstest.console.dll, TestPluginCache: Loggers are 'logger://Microsoft/TestPlatform/Extensions/Blame/v1,logger://Microsoft/TestPlatform/HtmlLogger/v1,logger://Microsoft/TestPlatform/TrxLogger/v1'.
TpTrace Verbose: 0 : 21636, 1, 2023/11/10, 14:53:45.985, 15777615800072, vstest.console.dll, TestPluginCache: TestHosts are 'HostProvider://DefaultTestHost,HostProvider://DotnetTestHost'.
TpTrace Verbose: 0 : 21636, 1, 2023/11/10, 14:53:45.985, 15777615800230, vstest.console.dll, TestPluginCache: DataCollectors are ''.
TpTrace Information: 0 : 21636, 1, 2023/11/10, 14:53:45.986, 15777615806408, vstest.console.dll, TestPluginManager.CreateTestExtension: Attempting to load test extension: Microsoft.TestPlatform.Extensions.BlameDataCollector.BlameLogger
TpTrace Verbose: 0 : 21636, 1, 2023/11/10, 14:53:45.991, 15777615859325, vstest.console.dll, TestEngine: Initializing Parallel Execution as MaxCpuCount is set to: 1
TpTrace Information: 0 : 21636, 1, 2023/11/10, 14:53:45.992, 15777615871458, vstest.console.dll, TestPluginManager.CreateTestExtension: Attempting to load test extension: Microsoft.VisualStudio.TestPlatform.CrossPlatEngine.Hosting.DefaultTestHostManager
TpTrace Information: 0 : 21636, 1, 2023/11/10, 14:53:45.993, 15777615877441, vstest.console.dll, TestPluginManager.CreateTestExtension: Attempting to load test extension: Microsoft.VisualStudio.TestPlatform.CrossPlatEngine.Hosting.DotnetTestHostManager
TpTrace Information: 0 : 21636, 1, 2023/11/10, 14:53:45.993, 15777615884049, vstest.console.dll, InferRunSettingsHelper.IsTestSettingsEnabled: Unable to navigate to RunSettings/MSTest. Current node: RunSettings
TpTrace Verbose: 0 : 21636, 1, 2023/11/10, 14:53:45.997, 15777615918572, vstest.console.dll, TestEngine.GetExecutionManager: Chosen execution manager 'Microsoft.VisualStudio.TestPlatform.CrossPlatEngine.Client.Parallel.ParallelProxyExecutionManager, Microsoft.TestPlatform.CrossPlatEngine, Version=15.0.0.0, Culture=neutral, PublicKeyToken=b03f5f7f11d50a3a' ParallelLevel '1'.
TpTrace Verbose: 0 : 21636, 1, 2023/11/10, 14:53:45.997, 15777615920370, vstest.console.dll, TestRunRequest.ExecuteAsync: Creating test run request.
TpTrace Verbose: 0 : 21636, 1, 2023/11/10, 14:53:45.997, 15777615922656, vstest.console.dll, TestRunRequest.ExecuteAsync: Starting.
TpTrace Information: 0 : 21636, 1, 2023/11/10, 14:53:45.998, 15777615925032, vstest.console.dll, TestRunRequest.ExecuteAsync: Starting run with settings:TestRunCriteria:
   KeepAlive=False,FrequencyOfRunStatsChangeEvent=10,RunStatsChangeEventTimeout=00:00:01.5000000,TestCaseFilter=,TestExecutorLauncher=
   Settingsxml=<RunSettings>
  <RunConfiguration>
    <ResultsDirectory>D:\HK5\Testing\QuanLyQuanCafe\QuanLyQuanCafeTest2\bin\Debug\net7.0\fine-code-coverage\coverage-tool-output</ResultsDirectory>
    <TargetPlatform>X64</TargetPlatform>
    <TargetFrameworkVersion>.NETCoreApp,Version=v7.0</TargetFrameworkVersion>
    <DesignMode>False</DesignMode>
    <CollectSourceInformation>False</CollectSourceInformation>
  </RunConfiguration>
  <LoggerRunSettings>
    <Loggers>
      <Logger friendlyName="blame" enabled="True" />
      <Logger friendlyName="Console" uri="logger://microsoft/TestPlatform/ConsoleLogger/v1" assemblyQualifiedName="Microsoft.VisualStudio.TestPlatform.CommandLine.Internal.ConsoleLogger, vstest.console, Version=15.0.0.0, Culture=neutral, PublicKeyToken=b03f5f7f11d50a3a" codeBase="C:\Program Files\dotnet\sdk\7.0.201\vstest.console.dll" enabled="True" />
    </Loggers>
  </LoggerRunSettings>
  <DataCollectionRunSettings>
    <DataCollectors>
      <DataCollector friendlyName="blame" enabled="True">
        <Configuration>
          <ResultsDirectory>D:\HK5\Testing\QuanLyQuanCafe\QuanLyQuanCafeTest2\bin\Debug\net7.0\fine-code-coverage\coverage-tool-output</ResultsDirectory>
        </Configuration>
      </DataCollector>
    </DataCollectors>
  </DataCollectionRunSettings>
</RunSettings>

TpTrace Verbose: 0 : 21636, 1, 2023/11/10, 14:53:45.998, 15777615925380, vstest.console.dll, TestRunRequest.ExecuteAsync: Wait for the first run request is over.
TpTrace Verbose: 0 : 21636, 1, 2023/11/10, 14:53:45.998, 15777615927745, vstest.console.dll, MulticastDelegateUtilities.SafeInvoke: TestRun.TestRunStart: Invoking callbacks was skipped because there are no subscribers.
TpTrace Verbose: 0 : 21636, 4, 2023/11/10, 14:53:45.998, 15777615930331, vstest.console.dll, MulticastDelegateUtilities.SafeInvoke: InternalTestLoggerEvents.SendTestRunStart: Invoking callback 1/1 for Microsoft.VisualStudio.TestPlatform.CommandLine.Internal.ConsoleLogger., took 0 ms.
TpTrace Verbose: 0 : 21636, 1, 2023/11/10, 14:53:45.999, 15777615936514, vstest.console.dll, ParallelProxyExecutionManager: Start execution. Total sources: 1
TpTrace Verbose: 0 : 21636, 1, 2023/11/10, 14:53:46.000, 15777615947737, vstest.console.dll, TestRequestSender is acting as server.
TpTrace Verbose: 0 : 21636, 1, 2023/11/10, 14:53:46.001, 15777615956987, vstest.console.dll, DataCollectionRequestSender.InitializeCommunication : Initialize communication. 
TpTrace Information: 0 : 21636, 1, 2023/11/10, 14:53:46.004, 15777615985086, vstest.console.dll, Listening on Endpoint : 127.0.0.1:61050
TpTrace Verbose: 0 : 21636, 1, 2023/11/10, 14:53:46.009, 15777616036309, vstest.console.dll, DotnetDataCollectionLauncher: Adding  --runtimeconfig "C:\Program Files\dotnet\sdk\7.0.201\datacollector.runtimeconfig.json" in args
TpTrace Verbose: 0 : 21636, 1, 2023/11/10, 14:53:46.009, 15777616037603, vstest.console.dll, DotnetDataCollectionLauncher: Adding  --depsfile "C:\Program Files\dotnet\sdk\7.0.201\datacollector.deps.json" in args
TpTrace Verbose: 0 : 21636, 1, 2023/11/10, 14:53:46.009, 15777616038828, vstest.console.dll, DotnetDataCollectionLauncher: Full path of dotnet.exe is C:\Program Files\dotnet\dotnet.exe
TpTrace Information: 0 : 21636, 1, 2023/11/10, 14:53:46.015, 15777616099274, vstest.console.dll, ProxyDataCollectionManager.Initialize: Launched datacollector processId: 19088 port: 61050
TpTrace Information: 0 : 21636, 1, 2023/11/10, 14:53:46.015, 15777616101017, vstest.console.dll, ProxyDataCollectionManager.Initialize: waiting for connection with timeout: 90 seconds
TpTrace Verbose: 0 : 21636, 1, 2023/11/10, 14:53:46.015, 15777616101558, vstest.console.dll, DataCollectionRequestSender.WaitForRequestHandlerConnection : Waiting for connection with timeout: 90000
TpTrace Information: 0 : 21636, 7, 2023/11/10, 14:53:46.118, 15777617133213, vstest.console.dll, Using the buffer size of 16384 bytes
TpTrace Information: 0 : 21636, 7, 2023/11/10, 14:53:46.118, 15777617134582, vstest.console.dll, Accepted Client request and set the flag
TpTrace Verbose: 0 : 21636, 1, 2023/11/10, 14:53:46.118, 15777617133987, vstest.console.dll, SocketCommunicationManager.WaitForClientConnection took: 103 ms, with 90000 ms timeout, and finished with True.
TpTrace Verbose: 0 : 21636, 1, 2023/11/10, 14:53:46.119, 15777617135868, vstest.console.dll, ProxyDataCollectionManager.InvokeDataCollectionServiceAction: Starting.
TpTrace Information: 0 : 21636, 1, 2023/11/10, 14:53:46.119, 15777617136455, vstest.console.dll, ProxyDataCollectionManager.BeforeTestRunStart: Get environment variable and port for datacollector processId: 19088 port: 61050
TpTrace Verbose: 0 : 21636, 1, 2023/11/10, 14:53:46.119, 15777617137205, vstest.console.dll, DataCollectionRequestSender.SendBeforeTestRunStartAndGetResult: Send BeforeTestRunStart message with settingsXml <RunSettings><RunConfiguration><ResultsDirectory>D:\HK5\Testing\QuanLyQuanCafe\QuanLyQuanCafeTest2\bin\Debug\net7.0\fine-code-coverage\coverage-tool-output</ResultsDirectory><TargetPlatform>X64</TargetPlatform><TargetFrameworkVersion>.NETCoreApp,Version=v7.0</TargetFrameworkVersion><DesignMode>False</DesignMode><CollectSourceInformation>False</CollectSourceInformation><TestAdaptersPaths>C:\Program Files\dotnet\sdk\7.0.201\Extensions</TestAdaptersPaths></RunConfiguration><LoggerRunSettings><Loggers><Logger friendlyName="blame" enabled="True" /><Logger friendlyName="Console" uri="logger://microsoft/TestPlatform/ConsoleLogger/v1" assemblyQualifiedName="Microsoft.VisualStudio.TestPlatform.CommandLine.Internal.ConsoleLogger, vstest.console, Version=15.0.0.0, Culture=neutral, PublicKeyToken=b03f5f7f11d50a3a" codeBase="C:\Program Files\dotnet\sdk\7.0.201\vstest.console.dll" enabled="True" /></Loggers></LoggerRunSettings><DataCollectionRunSettings><DataCollectors><DataCollector friendlyName="blame" enabled="True"><Configuration><ResultsDirectory>D:\HK5\Testing\QuanLyQuanCafe\QuanLyQuanCafeTest2\bin\Debug\net7.0\fine-code-coverage\coverage-tool-output</ResultsDirectory></Configuration></DataCollector></DataCollectors></DataCollectionRunSettings></RunSettings> and sources System.Collections.Generic.List`1[System.String]: 
TpTrace Verbose: 0 : 21636, 1, 2023/11/10, 14:53:46.172, 15777617671803, vstest.console.dll, DataCollectionRequestSender.SendBeforeTestRunStartAndGetResult: Received message: (DataCollection.SendMessage) -> {"MessageType":"DataCollection.SendMessage","Payload":{"FriendlyName":null,"Uri":null,"TestCaseId":"00000000-0000-0000-0000-000000000000","Message":"Logging DataCollector Diagnostics in file: D:\\HK5\\Testing\\QuanLyQuanCafe\\QuanLyQuanCafeTest2\\bin\\Debug\\net7.0\\fine-code-coverage\\coverage-tool-output\\diagnostics.datacollector.23-11-10_14-53-46_00888_1.log","Level":0}}
TpTrace Verbose: 0 : 21636, 1, 2023/11/10, 14:53:46.240, 15777618353736, vstest.console.dll, DataCollectionRequestSender.SendBeforeTestRunStartAndGetResult: Received message: (DataCollection.BeforeTestRunStartResult) -> {"MessageType":"DataCollection.BeforeTestRunStartResult","Payload":{"EnvironmentVariables":{},"DataCollectionEventsPort":61052}}
TpTrace Information: 0 : 21636, 1, 2023/11/10, 14:53:46.245, 15777618396243, vstest.console.dll, ProxyDataCollectionManager.BeforeTestRunStart: SendBeforeTestRunStartAndGetResult successful, env variable from datacollector:   and testhost port: 61052
TpTrace Information: 0 : 21636, 1, 2023/11/10, 14:53:46.245, 15777618397250, vstest.console.dll, ProxyDataCollectionManager.InvokeDataCollectionServiceAction: Completed.
TpTrace Verbose: 0 : 21636, 1, 2023/11/10, 14:53:46.245, 15777618398266, vstest.console.dll, ProxyParallelExecutionManager: No sources available for execution.
TpTrace Verbose: 0 : 21636, 7, 2023/11/10, 14:53:46.245, 15777618398381, vstest.console.dll, ParallelProxyExecutionManager: Execution started. Started clients: 1
TpTrace Information: 0 : 21636, 1, 2023/11/10, 14:53:46.245, 15777618398640, vstest.console.dll, TestRunRequest.ExecuteAsync: Started.
TpTrace Verbose: 0 : 21636, 1, 2023/11/10, 14:53:46.245, 15777618399809, vstest.console.dll, TestRunRequest.WaitForCompletion: Waiting with timeout -1.
TpTrace Verbose: 0 : 21636, 7, 2023/11/10, 14:53:46.245, 15777618400630, vstest.console.dll, TestRunRequest:SendTestRunMessage: Starting.
TpTrace Verbose: 0 : 21636, 7, 2023/11/10, 14:53:46.245, 15777618401745, vstest.console.dll, MulticastDelegateUtilities.SafeInvoke: TestRun.LogMessages: Invoking callback 1/1 for Microsoft.VisualStudio.TestPlatform.CommandLine.TestRunResultAggregator., took 0 ms.
TpTrace Information: 0 : 21636, 7, 2023/11/10, 14:53:46.245, 15777618401945, vstest.console.dll, TestRunRequest:SendTestRunMessage: Completed.
TpTrace Verbose: 0 : 21636, 4, 2023/11/10, 14:53:46.245, 15777618403121, vstest.console.dll, MulticastDelegateUtilities.SafeInvoke: InternalTestLoggerEvents.SendTestRunMessage: Invoking callback 1/1 for Microsoft.VisualStudio.TestPlatform.CommandLine.Internal.ConsoleLogger., took 0 ms.
TpTrace Verbose: 0 : 21636, 7, 2023/11/10, 14:53:46.245, 15777618403212, vstest.console.dll, ProxyExecutionManager: Test host is always Lazy initialize.
TpTrace Verbose: 0 : 21636, 7, 2023/11/10, 14:53:46.246, 15777618405142, vstest.console.dll, TestRequestSender.InitializeCommunication: initialize communication. 
TpTrace Information: 0 : 21636, 7, 2023/11/10, 14:53:46.246, 15777618408937, vstest.console.dll, SocketServer.Start: Listening on endpoint : 127.0.0.1:61053
TpTrace Verbose: 0 : 21636, 7, 2023/11/10, 14:53:46.247, 15777618417316, vstest.console.dll, DotnetTestHostmanager.GetTestHostProcessStartInfo: Platform environment 'X64' target architecture 'X64' framework '.NETCoreApp,Version=v7.0' OS 'Windows'
TpTrace Verbose: 0 : 21636, 7, 2023/11/10, 14:53:46.247, 15777618419123, vstest.console.dll, DotnetTestHostmanager: Adding  --runtimeconfig "D:\HK5\Testing\QuanLyQuanCafe\QuanLyQuanCafeTest2\bin\Debug\net7.0\fine-code-coverage\build-output\QuanLyQuanCafeTest.runtimeconfig.json" in args
TpTrace Verbose: 0 : 21636, 7, 2023/11/10, 14:53:46.247, 15777618419574, vstest.console.dll, DotnetTestHostmanager: Adding  --depsfile "D:\HK5\Testing\QuanLyQuanCafe\QuanLyQuanCafeTest2\bin\Debug\net7.0\fine-code-coverage\build-output\QuanLyQuanCafeTest.deps.json" in args
TpTrace Verbose: 0 : 21636, 7, 2023/11/10, 14:53:46.247, 15777618421442, vstest.console.dll, DotnetTestHostmanager.IsWinOnArm: Current PROCESSOR_ARCHITECTURE from environment variable 'AMD64'
TpTrace Verbose: 0 : 21636, 7, 2023/11/10, 14:53:46.247, 15777618421872, vstest.console.dll, DotnetTestHostmanager.IsWinOnArm: Is Windows on ARM 'False'
TpTrace Verbose: 0 : 21636, 7, 2023/11/10, 14:53:46.247, 15777618422147, vstest.console.dll, DotnetTestHostManager: testhost.exe found at path: D:\HK5\Testing\QuanLyQuanCafe\QuanLyQuanCafeTest2\bin\Debug\net7.0\fine-code-coverage\build-output\testhost.exe
TpTrace Verbose: 0 : 21636, 7, 2023/11/10, 14:53:46.247, 15777618422345, vstest.console.dll, DotnetTestHostmanager: Full path of host exe is D:\HK5\Testing\QuanLyQuanCafe\QuanLyQuanCafeTest2\bin\Debug\net7.0\fine-code-coverage\build-output\testhost.exe
TpTrace Verbose: 0 : 21636, 7, 2023/11/10, 14:53:46.247, 15777618423533, vstest.console.dll, DotnetTestHostmanager.LaunchTestHostAsync: Found 'VSTEST_WINAPPHOST_DOTNET_ROOT' in env variables, value 'C:\Program Files\dotnet', forwarding to 'DOTNET_ROOT'
TpTrace Verbose: 0 : 21636, 7, 2023/11/10, 14:53:46.247, 15777618424805, vstest.console.dll, DotnetTestHostManager: Starting process 'D:\HK5\Testing\QuanLyQuanCafe\QuanLyQuanCafeTest2\bin\Debug\net7.0\fine-code-coverage\build-output\testhost.exe' with command line ' --runtimeconfig "D:\HK5\Testing\QuanLyQuanCafe\QuanLyQuanCafeTest2\bin\Debug\net7.0\fine-code-coverage\build-output\QuanLyQuanCafeTest.runtimeconfig.json" --depsfile "D:\HK5\Testing\QuanLyQuanCafe\QuanLyQuanCafeTest2\bin\Debug\net7.0\fine-code-coverage\build-output\QuanLyQuanCafeTest.deps.json" --port 61053 --endpoint 127.0.0.1:061053 --role client --parentprocessid 21636 --diag "D:\HK5\Testing\QuanLyQuanCafe\QuanLyQuanCafeTest2\bin\Debug\net7.0\fine-code-coverage\coverage-tool-output\diagnostics.host.23-11-10_14-53-46_24675_7.log" --tracelevel 4 --datacollectionport 61052 --telemetryoptedin false'
TpTrace Verbose: 0 : 21636, 7, 2023/11/10, 14:53:46.253, 15777618484839, vstest.console.dll, MulticastDelegateUtilities.SafeInvoke: HostProviderEvents.OnHostLaunched: Invoking callback 1/2 for Microsoft.VisualStudio.TestPlatform.CrossPlatEngine.Client.ProxyExecutionManagerWithDataCollection., took 1 ms.
TpTrace Verbose: 0 : 21636, 7, 2023/11/10, 14:53:46.254, 15777618488305, vstest.console.dll, Test Runtime launched
TpTrace Verbose: 0 : 21636, 7, 2023/11/10, 14:53:46.254, 15777618489021, vstest.console.dll, MulticastDelegateUtilities.SafeInvoke: HostProviderEvents.OnHostLaunched: Invoking callback 2/2 for Microsoft.VisualStudio.TestPlatform.CrossPlatEngine.Client.ProxyOperationManager., took 0 ms.
TpTrace Verbose: 0 : 21636, 7, 2023/11/10, 14:53:46.254, 15777618490597, vstest.console.dll, TestRequestSender.WaitForRequestHandlerConnection: waiting for connection with timeout: 90000.
TpTrace Verbose: 0 : 21636, 12, 2023/11/10, 14:53:46.370, 15777619651979, vstest.console.dll, MulticastDelegateUtilities.SafeInvoke: SocketServer: ClientConnected: Invoking callback 1/1 for Microsoft.VisualStudio.TestPlatform.CommunicationUtilities.TestRequestSender., took 0 ms.
TpTrace Verbose: 0 : 21636, 12, 2023/11/10, 14:53:46.370, 15777619653084, vstest.console.dll, SocketServer.OnClientConnected: Client connected for endPoint: 127.0.0.1:61053, starting MessageLoopAsync:
TpTrace Verbose: 0 : 21636, 7, 2023/11/10, 14:53:46.370, 15777619652189, vstest.console.dll, TestRequestSender.WaitForRequestHandlerConnection: waiting took 116 ms, with timeout 90000 ms, and result 0, which is success.
TpTrace Verbose: 0 : 21636, 12, 2023/11/10, 14:53:46.370, 15777619654588, vstest.console.dll, TcpClientExtensions.MessageLoopAsync: Polling on remoteEndPoint: 127.0.0.1:61054 localEndPoint: 127.0.0.1:61053
TpTrace Verbose: 0 : 21636, 7, 2023/11/10, 14:53:46.371, 15777619662692, vstest.console.dll, TestRequestSender.CheckVersionWithTestHost: Sending check version message: {"MessageType":"ProtocolVersion","Payload":7}
TpTrace Verbose: 0 : 21636, 12, 2023/11/10, 14:53:46.456, 15777620510905, vstest.console.dll, TcpClientExtensions.MessageLoopAsync: NotifyDataAvailable remoteEndPoint: 127.0.0.1:61054 localEndPoint: 127.0.0.1:61053
TpTrace Verbose: 0 : 21636, 12, 2023/11/10, 14:53:46.456, 15777620513518, vstest.console.dll, TestRequestSender.CheckVersionWithTestHost: onMessageReceived received message: (ProtocolVersion) -> {"MessageType":"ProtocolVersion","Payload":7}
TpTrace Verbose: 0 : 21636, 12, 2023/11/10, 14:53:46.457, 15777620518880, vstest.console.dll, MulticastDelegateUtilities.SafeInvoke: LengthPrefixCommunicationChannel: MessageReceived: Invoking callback 1/1 for Microsoft.VisualStudio.TestPlatform.CommunicationUtilities.TestRequestSender+<>c__DisplayClass29_0., took 0 ms.
TpTrace Verbose: 0 : 21636, 12, 2023/11/10, 14:53:46.457, 15777620519558, vstest.console.dll, TcpClientExtensions.MessageLoopAsync: Polling on remoteEndPoint: 127.0.0.1:61054 localEndPoint: 127.0.0.1:61053
TpTrace Verbose: 0 : 21636, 7, 2023/11/10, 14:53:46.457, 15777620519793, vstest.console.dll, TestPluginCache.GetExtensionPaths: Filtered extension paths: 
TpTrace Verbose: 0 : 21636, 7, 2023/11/10, 14:53:46.457, 15777620520349, vstest.console.dll, TestPluginCache.GetExtensionPaths: Added default extension paths: C:\Program Files\dotnet\sdk\7.0.201\Extensions\Microsoft.Diagnostics.NETCore.Client.dll
C:\Program Files\dotnet\sdk\7.0.201\Extensions\Microsoft.TestPlatform.Extensions.BlameDataCollector.dll
C:\Program Files\dotnet\sdk\7.0.201\Extensions\Microsoft.TestPlatform.Extensions.EventLogCollector.dll
C:\Program Files\dotnet\sdk\7.0.201\Extensions\Microsoft.TestPlatform.TestHostRuntimeProvider.dll
C:\Program Files\dotnet\sdk\7.0.201\Extensions\Microsoft.VisualStudio.TestPlatform.Extensions.Html.TestLogger.dll
C:\Program Files\dotnet\sdk\7.0.201\Extensions\Microsoft.VisualStudio.TestPlatform.Extensions.Trx.TestLogger.dll
TpTrace Verbose: 0 : 21636, 7, 2023/11/10, 14:53:46.457, 15777620520561, vstest.console.dll, TestPluginCache.GetExtensionPaths: Added unfilterableExtensionPaths: 
TpTrace Verbose: 0 : 21636, 7, 2023/11/10, 14:53:46.459, 15777620543424, vstest.console.dll, TestRequestSender.InitializeExecution: Sending initialize execution with message: {"Version":7,"MessageType":"TestExecution.Initialize","Payload":["D:\\HK5\\Testing\\QuanLyQuanCafe\\QuanLyQuanCafeTest2\\bin\\Debug\\net7.0\\fine-code-coverage\\build-output\\NUnit3.TestAdapter.dll"]}
TpTrace Warning: 0 : 21636, 7, 2023/11/10, 14:53:46.460, 15777620547044, vstest.console.dll, InferRunSettingsHelper.MakeRunsettingsCompatible: Removing the following settings: TargetPlatform from RunSettings file. To use those settings please move to latest version of Microsoft.NET.Test.Sdk
TpTrace Verbose: 0 : 21636, 12, 2023/11/10, 14:53:46.461, 15777620560329, vstest.console.dll, TcpClientExtensions.MessageLoopAsync: NotifyDataAvailable remoteEndPoint: 127.0.0.1:61054 localEndPoint: 127.0.0.1:61053
TpTrace Verbose: 0 : 21636, 12, 2023/11/10, 14:53:46.461, 15777620562619, vstest.console.dll, TestRequestSender.OnExecutionMessageReceived: Received message: {"Version":7,"MessageType":"TestSession.Message","Payload":{"MessageLevel":0,"Message":"Logging TestHost Diagnostics in file: D:\\HK5\\Testing\\QuanLyQuanCafe\\QuanLyQuanCafeTest2\\bin\\Debug\\net7.0\\fine-code-coverage\\coverage-tool-output\\diagnostics.host.23-11-10_14-53-46_24675_7.log"}}
TpTrace Verbose: 0 : 21636, 12, 2023/11/10, 14:53:46.466, 15777620612415, vstest.console.dll, TestRunRequest:SendTestRunMessage: Starting.
TpTrace Verbose: 0 : 21636, 12, 2023/11/10, 14:53:46.466, 15777620613968, vstest.console.dll, MulticastDelegateUtilities.SafeInvoke: TestRun.LogMessages: Invoking callback 1/1 for Microsoft.VisualStudio.TestPlatform.CommandLine.TestRunResultAggregator., took 0 ms.
TpTrace Information: 0 : 21636, 12, 2023/11/10, 14:53:46.466, 15777620614174, vstest.console.dll, TestRunRequest:SendTestRunMessage: Completed.
TpTrace Verbose: 0 : 21636, 12, 2023/11/10, 14:53:46.467, 15777620614834, vstest.console.dll, MulticastDelegateUtilities.SafeInvoke: LengthPrefixCommunicationChannel: MessageReceived: Invoking callback 1/1 for Microsoft.VisualStudio.TestPlatform.CommunicationUtilities.TestRequestSender+<>c__DisplayClass34_0., took 5 ms.
TpTrace Verbose: 0 : 21636, 12, 2023/11/10, 14:53:46.467, 15777620615082, vstest.console.dll, TcpClientExtensions.MessageLoopAsync: Polling on remoteEndPoint: 127.0.0.1:61054 localEndPoint: 127.0.0.1:61053
TpTrace Verbose: 0 : 21636, 4, 2023/11/10, 14:53:46.467, 15777620615140, vstest.console.dll, MulticastDelegateUtilities.SafeInvoke: InternalTestLoggerEvents.SendTestRunMessage: Invoking callback 1/1 for Microsoft.VisualStudio.TestPlatform.CommandLine.Internal.ConsoleLogger., took 0 ms.
TpTrace Verbose: 0 : 21636, 7, 2023/11/10, 14:53:46.468, 15777620632383, vstest.console.dll, TestRequestSender.StartTestRun: Sending test run with message: {"Version":7,"MessageType":"TestExecution.StartWithSources","Payload":{"AdapterSourceMap":{"_none_":["D:\\HK5\\Testing\\QuanLyQuanCafe\\QuanLyQuanCafeTest2\\bin\\Debug\\net7.0\\fine-code-coverage\\build-output\\QuanLyQuanCafeTest.dll"]},"RunSettings":"<RunSettings>\r\n  <RunConfiguration>\r\n    <ResultsDirectory>D:\\HK5\\Testing\\QuanLyQuanCafe\\QuanLyQuanCafeTest2\\bin\\Debug\\net7.0\\fine-code-coverage\\coverage-tool-output</ResultsDirectory>\r\n    <TargetFrameworkVersion>.NETCoreApp,Version=v7.0</TargetFrameworkVersion>\r\n    <DesignMode>False</DesignMode>\r\n    <CollectSourceInformation>False</CollectSourceInformation>\r\n  </RunConfiguration>\r\n  <LoggerRunSettings>\r\n    <Loggers>\r\n      <Logger friendlyName=\"blame\" enabled=\"True\" />\r\n      <Logger friendlyName=\"Console\" uri=\"logger://microsoft/TestPlatform/ConsoleLogger/v1\" assemblyQualifiedName=\"Microsoft.VisualStudio.TestPlatform.CommandLine.Internal.ConsoleLogger, vstest.console, Version=15.0.0.0, Culture=neutral, PublicKeyToken=b03f5f7f11d50a3a\" codeBase=\"C:\\Program Files\\dotnet\\sdk\\7.0.201\\vstest.console.dll\" enabled=\"True\" />\r\n    </Loggers>\r\n  </LoggerRunSettings>\r\n  <DataCollectionRunSettings>\r\n    <DataCollectors>\r\n      <DataCollector friendlyName=\"blame\" enabled=\"True\">\r\n        <Configuration>\r\n          <ResultsDirectory>D:\\HK5\\Testing\\QuanLyQuanCafe\\QuanLyQuanCafeTest2\\bin\\Debug\\net7.0\\fine-code-coverage\\coverage-tool-output</ResultsDirectory>\r\n        </Configuration>\r\n      </DataCollector>\r\n    </DataCollectors>\r\n  </DataCollectionRunSettings>\r\n</RunSettings>","TestExecutionContext":{"FrequencyOfRunStatsChangeEvent":10,"RunStatsChangeEventTimeout":"00:00:01.5000000","InIsolation":false,"KeepAlive":false,"AreTestCaseLevelEventsRequired":false,"IsDebug":false,"TestCaseFilter":null,"FilterOptions":null},"Package":null}}
TpTrace Verbose: 0 : 21636, 12, 2023/11/10, 14:53:46.564, 15777621586012, vstest.console.dll, TcpClientExtensions.MessageLoopAsync: NotifyDataAvailable remoteEndPoint: 127.0.0.1:61054 localEndPoint: 127.0.0.1:61053
TpTrace Verbose: 0 : 21636, 12, 2023/11/10, 14:53:46.564, 15777621588007, vstest.console.dll, TestRequestSender.OnExecutionMessageReceived: Received message: {"Version":7,"MessageType":"TestSession.Message","Payload":{"MessageLevel":0,"Message":"NUnit Adapter 4.3.0.0: Test execution started"}}
TpTrace Verbose: 0 : 21636, 12, 2023/11/10, 14:53:46.564, 15777621590346, vstest.console.dll, TestRunRequest:SendTestRunMessage: Starting.
TpTrace Verbose: 0 : 21636, 12, 2023/11/10, 14:53:46.564, 15777621590868, vstest.console.dll, MulticastDelegateUtilities.SafeInvoke: TestRun.LogMessages: Invoking callback 1/1 for Microsoft.VisualStudio.TestPlatform.CommandLine.TestRunResultAggregator., took 0 ms.
TpTrace Information: 0 : 21636, 12, 2023/11/10, 14:53:46.564, 15777621591044, vstest.console.dll, TestRunRequest:SendTestRunMessage: Completed.
TpTrace Verbose: 0 : 21636, 12, 2023/11/10, 14:53:46.564, 15777621591194, vstest.console.dll, MulticastDelegateUtilities.SafeInvoke: LengthPrefixCommunicationChannel: MessageReceived: Invoking callback 1/1 for Microsoft.VisualStudio.TestPlatform.CommunicationUtilities.TestRequestSender+<>c__DisplayClass34_0., took 0 ms.
TpTrace Verbose: 0 : 21636, 12, 2023/11/10, 14:53:46.564, 15777621591858, vstest.console.dll, TcpClientExtensions.MessageLoopAsync: Polling on remoteEndPoint: 127.0.0.1:61054 localEndPoint: 127.0.0.1:61053
TpTrace Verbose: 0 : 21636, 4, 2023/11/10, 14:53:46.564, 15777621591433, vstest.console.dll, MulticastDelegateUtilities.SafeInvoke: InternalTestLoggerEvents.SendTestRunMessage: Invoking callback 1/1 for Microsoft.VisualStudio.TestPlatform.CommandLine.Internal.ConsoleLogger., took 0 ms.
TpTrace Verbose: 0 : 21636, 12, 2023/11/10, 14:53:46.584, 15777621793561, vstest.console.dll, TcpClientExtensions.MessageLoopAsync: NotifyDataAvailable remoteEndPoint: 127.0.0.1:61054 localEndPoint: 127.0.0.1:61053
TpTrace Verbose: 0 : 21636, 12, 2023/11/10, 14:53:46.584, 15777621794785, vstest.console.dll, TestRequestSender.OnExecutionMessageReceived: Received message: {"Version":7,"MessageType":"TestSession.Message","Payload":{"MessageLevel":0,"Message":"Running all tests in D:\\HK5\\Testing\\QuanLyQuanCafe\\QuanLyQuanCafeTest2\\bin\\Debug\\net7.0\\fine-code-coverage\\build-output\\QuanLyQuanCafeTest.dll"}}
TpTrace Verbose: 0 : 21636, 12, 2023/11/10, 14:53:46.585, 15777621795629, vstest.console.dll, TestRunRequest:SendTestRunMessage: Starting.
TpTrace Verbose: 0 : 21636, 12, 2023/11/10, 14:53:46.585, 15777621795949, vstest.console.dll, MulticastDelegateUtilities.SafeInvoke: TestRun.LogMessages: Invoking callback 1/1 for Microsoft.VisualStudio.TestPlatform.CommandLine.TestRunResultAggregator., took 0 ms.
TpTrace Information: 0 : 21636, 12, 2023/11/10, 14:53:46.585, 15777621796231, vstest.console.dll, TestRunRequest:SendTestRunMessage: Completed.
TpTrace Verbose: 0 : 21636, 12, 2023/11/10, 14:53:46.585, 15777621796384, vstest.console.dll, MulticastDelegateUtilities.SafeInvoke: LengthPrefixCommunicationChannel: MessageReceived: Invoking callback 1/1 for Microsoft.VisualStudio.TestPlatform.CommunicationUtilities.TestRequestSender+<>c__DisplayClass34_0., took 0 ms.
TpTrace Verbose: 0 : 21636, 12, 2023/11/10, 14:53:46.585, 15777621796541, vstest.console.dll, TcpClientExtensions.MessageLoopAsync: Polling on remoteEndPoint: 127.0.0.1:61054 localEndPoint: 127.0.0.1:61053
TpTrace Verbose: 0 : 21636, 4, 2023/11/10, 14:53:46.585, 15777621797127, vstest.console.dll, MulticastDelegateUtilities.SafeInvoke: InternalTestLoggerEvents.SendTestRunMessage: Invoking callback 1/1 for Microsoft.VisualStudio.TestPlatform.CommandLine.Internal.ConsoleLogger., took 0 ms.
TpTrace Verbose: 0 : 21636, 12, 2023/11/10, 14:53:46.672, 15777622669591, vstest.console.dll, TcpClientExtensions.MessageLoopAsync: NotifyDataAvailable remoteEndPoint: 127.0.0.1:61054 localEndPoint: 127.0.0.1:61053
TpTrace Verbose: 0 : 21636, 12, 2023/11/10, 14:53:46.674, 15777622690956, vstest.console.dll, TestRequestSender.OnExecutionMessageReceived: Received message: {"Version":7,"MessageType":"TestSession.Message","Payload":{"MessageLevel":0,"Message":"   NUnit3TestExecutor discovered 22 of 22 NUnit test cases using Current Discovery mode, Non-Explicit run"}}
TpTrace Verbose: 0 : 21636, 12, 2023/11/10, 14:53:46.674, 15777622692734, vstest.console.dll, TestRunRequest:SendTestRunMessage: Starting.
TpTrace Verbose: 0 : 21636, 12, 2023/11/10, 14:53:46.674, 15777622693461, vstest.console.dll, MulticastDelegateUtilities.SafeInvoke: TestRun.LogMessages: Invoking callback 1/1 for Microsoft.VisualStudio.TestPlatform.CommandLine.TestRunResultAggregator., took 0 ms.
TpTrace Information: 0 : 21636, 12, 2023/11/10, 14:53:46.674, 15777622693718, vstest.console.dll, TestRunRequest:SendTestRunMessage: Completed.
TpTrace Verbose: 0 : 21636, 12, 2023/11/10, 14:53:46.674, 15777622693911, vstest.console.dll, MulticastDelegateUtilities.SafeInvoke: LengthPrefixCommunicationChannel: MessageReceived: Invoking callback 1/1 for Microsoft.VisualStudio.TestPlatform.CommunicationUtilities.TestRequestSender+<>c__DisplayClass34_0., took 0 ms.
TpTrace Verbose: 0 : 21636, 4, 2023/11/10, 14:53:46.674, 15777622693837, vstest.console.dll, MulticastDelegateUtilities.SafeInvoke: InternalTestLoggerEvents.SendTestRunMessage: Invoking callback 1/1 for Microsoft.VisualStudio.TestPlatform.CommandLine.Internal.ConsoleLogger., took 0 ms.
TpTrace Verbose: 0 : 21636, 12, 2023/11/10, 14:53:46.674, 15777622694622, vstest.console.dll, TcpClientExtensions.MessageLoopAsync: Polling on remoteEndPoint: 127.0.0.1:61054 localEndPoint: 127.0.0.1:61053
TpTrace Verbose: 0 : 21636, 12, 2023/11/10, 14:53:46.849, 15777624442848, vstest.console.dll, TcpClientExtensions.MessageLoopAsync: NotifyDataAvailable remoteEndPoint: 127.0.0.1:61054 localEndPoint: 127.0.0.1:61053
TpTrace Verbose: 0 : 21636, 12, 2023/11/10, 14:53:46.850, 15777624447573, vstest.console.dll, TestRequestSender.OnExecutionMessageReceived: Received message: {"Version":7,"MessageType":"TestExecution.StatsChange","Payload":{"NewTestResults":[{"TestCase":{"Id":"dfd79eda-851e-86b7-37cf-ae031c0ac6f8","FullyQualifiedName":"QuanLyQuanCafe.DALTest.TableDALTest.TableDAL_danhSachBanAn","DisplayName":"TableDAL_danhSachBanAn","ExecutorUri":"executor://NUnit3TestExecutor","Source":"D:\\HK5\\Testing\\QuanLyQuanCafe\\QuanLyQuanCafeTest2\\bin\\Debug\\net7.0\\fine-code-coverage\\build-output\\QuanLyQuanCafeTest.dll","CodeFilePath":null,"LineNumber":0,"Properties":[{"Key":{"Id":"NUnit.Seed","Label":"Seed","Category":"","Description":"","Attributes":0,"ValueType":"System.String"},"Value":"1607128527"}]},"Attachments":[],"Outcome":1,"ErrorMessage":null,"ErrorStackTrace":null,"DisplayName":"TableDAL_danhSachBanAn","Messages":[],"ComputerName":"LAPTOP-V8PS969S","Duration":"00:00:00.0869260","StartTime":"2023-11-10T07:53:46.6976284+00:00","EndTime":"2023-11-10T07:53:46.784497+00:00","Properties":[{"Key":{"Id":"NUnit.Seed","Label":"Seed","Category":"","Description":"","Attributes":0,"ValueType":"System.String"},"Value":"1607128527"}]},{"TestCase":{"Id":"ef41136f-d5fe-ff4d-1239-a2ac87c165b4","FullyQualifiedName":"QuanLyQuanCafe.DALTest.TableDALTest.TableDAL_danhSachIDTable","DisplayName":"TableDAL_danhSachIDTable","ExecutorUri":"executor://NUnit3TestExecutor","Source":"D:\\HK5\\Testing\\QuanLyQuanCafe\\QuanLyQuanCafeTest2\\bin\\Debug\\net7.0\\fine-code-coverage\\build-output\\QuanLyQuanCafeTest.dll","CodeFilePath":null,"LineNumber":0,"Properties":[{"Key":{"Id":"NUnit.Seed","Label":"Seed","Category":"","Description":"","Attributes":0,"ValueType":"System.String"},"Value":"262736063"}]},"Attachments":[],"Outcome":1,"ErrorMessage":null,"ErrorStackTrace":null,"DisplayName":"TableDAL_danhSachIDTable","Messages":[],"ComputerName":"LAPTOP-V8PS969S","Duration":"00:00:00.0045010","StartTime":"2023-11-10T07:53:46.7860616+00:00","EndTime":"2023-11-10T07:53:46.7905626+00:00","Properties":[{"Key":{"Id":"NUnit.Seed","Label":"Seed","Category":"","Description":"","Attributes":0,"ValueType":"System.String"},"Value":"262736063"}]},{"TestCase":{"Id":"44ad0b07-ba8f-4a4f-38c6-1d48949a0759","FullyQualifiedName":"QuanLyQuanCafe.DALTest.TableDALTest.TableDAL_themRow_ShouldReturnFalseForAddFail(\"Bn 0\",\"Trng\")","DisplayName":"TableDAL_themRow_ShouldReturnFalseForAddFail(\"Bn 0\",\"Trng\")","ExecutorUri":"executor://NUnit3TestExecutor","Source":"D:\\HK5\\Testing\\QuanLyQuanCafe\\QuanLyQuanCafeTest2\\bin\\Debug\\net7.0\\fine-code-coverage\\build-output\\QuanLyQuanCafeTest.dll","CodeFilePath":null,"LineNumber":0,"Properties":[{"Key":{"Id":"NUnit.Seed","Label":"Seed","Category":"","Description":"","Attributes":0,"ValueType":"System.String"},"Value":"1759021706"}]},"Attachments":[],"Outcome":1,"ErrorMessage":null,"ErrorStackTrace":null,"DisplayName":"TableDAL_themRow_ShouldReturnFalseForAddFail(\"Bn 0\",\"Trng\")","Messages":[],"ComputerName":"LAPTOP-V8PS969S","Duration":"00:00:00.0051620","StartTime":"2023-11-10T07:53:46.7906466+00:00","EndTime":"2023-11-10T07:53:46.7958074+00:00","Properties":[{"Key":{"Id":"NUnit.Seed","Label":"Seed","Category":"","Description":"","Attributes":0,"ValueType":"System.String"},"Value":"1759021706"}]},{"TestCase":{"Id":"7acb67be-00c2-e6ff-8faa-1305574833fa","FullyQualifiedName":"QuanLyQuanCafe.DALTest.TableDALTest.TableDAL_themRow_ShouldReturnTrueForAddSuccess(\"Bn 207\",\"Trng\")","DisplayName":"TableDAL_themRow_ShouldReturnTrueForAddSuccess(\"Bn 207\",\"Trng\")","ExecutorUri":"executor://NUnit3TestExecutor","Source":"D:\\HK5\\Testing\\QuanLyQuanCafe\\QuanLyQuanCafeTest2\\bin\\Debug\\net7.0\\fine-code-coverage\\build-output\\QuanLyQuanCafeTest.dll","CodeFilePath":null,"LineNumber":0,"Properties":[{"Key":{"Id":"NUnit.Seed","Label":"Seed","Category":"","Description":"","Attributes":0,"ValueType":"System.String"},"Value":"1524633334"}]},"Attachments":[],"Outcome":1,"ErrorMessage":null,"ErrorStackTrace":null,"DisplayName":"TableDAL_themRow_ShouldReturnTrueForAddSuccess(\"Bn 207\",\"Trng\")","Messages":[],"ComputerName":"LAPTOP-V8PS969S","Duration":"00:00:00.0015650","StartTime":"2023-11-10T07:53:46.797456+00:00","EndTime":"2023-11-10T07:53:46.7990199+00:00","Properties":[{"Key":{"Id":"NUnit.Seed","Label":"Seed","Category":"","Description":"","Attributes":0,"ValueType":"System.String"},"Value":"1524633334"}]},{"TestCase":{"Id":"cc3ca5ac-cd2b-bae0-9a5b-5b77df4e348b","FullyQualifiedName":"QuanLyQuanCafeTest.BLLTest.TableBLLTest.TableBLL_chinhSuaRow_ShouldReturnTr(\"Bi 0\",\"Trng\")","DisplayName":"TableBLL_chinhSuaRow_ShouldReturnTr(\"Bi 0\",\"Trng\")","ExecutorUri":"executor://NUnit3TestExecutor","Source":"D:\\HK5\\Testing\\QuanLyQuanCafe\\QuanLyQuanCafeTest2\\bin\\Debug\\net7.0\\fine-code-coverage\\build-output\\QuanLyQuanCafeTest.dll","CodeFilePath":null,"LineNumber":0,"Properties":[{"Key":{"Id":"NUnit.Seed","Label":"Seed","Category":"","Description":"","Attributes":0,"ValueType":"System.String"},"Value":"919428226"}]},"Attachments":[],"Outcome":1,"ErrorMessage":null,"ErrorStackTrace":null,"DisplayName":"TableBLL_chinhSuaRow_ShouldReturnTr(\"Bi 0\",\"Trng\")","Messages":[],"ComputerName":"LAPTOP-V8PS969S","Duration":"00:00:00.0053440","StartTime":"2023-11-10T07:53:46.799974+00:00","EndTime":"2023-11-10T07:53:46.8053175+00:00","Properties":[{"Key":{"Id":"NUnit.Seed","Label":"Seed","Category":"","Description":"","Attributes":0,"ValueType":"System.String"},"Value":"919428226"}]},{"TestCase":{"Id":"87feebba-566b-677e-ecf5-824ab1b38bf1","FullyQualifiedName":"QuanLyQuanCafeTest.BLLTest.TableBLLTest.TableBLL_chinhSuaRow_ShouldReturnTrue(\"Bn 170\",\"Trng\")","DisplayName":"TableBLL_chinhSuaRow_ShouldReturnTrue(\"Bn 170\",\"Trng\")","ExecutorUri":"executor://NUnit3TestExecutor","Source":"D:\\HK5\\Testing\\QuanLyQuanCafe\\QuanLyQuanCafeTest2\\bin\\Debug\\net7.0\\fine-code-coverage\\build-output\\QuanLyQuanCafeTest.dll","CodeFilePath":null,"LineNumber":0,"Properties":[{"Key":{"Id":"NUnit.Seed","Label":"Seed","Category":"","Description":"","Attributes":0,"ValueType":"System.String"},"Value":"581218713"}]},"Attachments":[],"Outcome":1,"ErrorMessage":null,"ErrorStackTrace":null,"DisplayName":"TableBLL_chinhSuaRow_ShouldReturnTrue(\"Bn 170\",\"Trng\")","Messages":[],"ComputerName":"LAPTOP-V8PS969S","Duration":"00:00:00.0014240","StartTime":"2023-11-10T07:53:46.8053817+00:00","EndTime":"2023-11-10T07:53:46.8068051+00:00","Properties":[{"Key":{"Id":"NUnit.Seed","Label":"Seed","Category":"","Description":"","Attributes":0,"ValueType":"System.String"},"Value":"581218713"}]},{"TestCase":{"Id":"85b37e85-039f-56e6-b114-cbfbfa2f996c","FullyQualifiedName":"QuanLyQuanCafeTest.BLLTest.TableBLLTest.TableBLL_danhSachBanAn","DisplayName":"TableBLL_danhSachBanAn","ExecutorUri":"executor://NUnit3TestExecutor","Source":"D:\\HK5\\Testing\\QuanLyQuanCafe\\QuanLyQuanCafeTest2\\bin\\Debug\\net7.0\\fine-code-coverage\\build-output\\QuanLyQuanCafeTest.dll","CodeFilePath":null,"LineNumber":0,"Properties":[{"Key":{"Id":"NUnit.Seed","Label":"Seed","Category":"","Description":"","Attributes":0,"ValueType":"System.String"},"Value":"1624619906"}]},"Attachments":[],"Outcome":1,"ErrorMessage":null,"ErrorStackTrace":null,"DisplayName":"TableBLL_danhSachBanAn","Messages":[],"ComputerName":"LAPTOP-V8PS969S","Duration":"00:00:00.0012530","StartTime":"2023-11-10T07:53:46.8068525+00:00","EndTime":"2023-11-10T07:53:46.8081052+00:00","Properties":[{"Key":{"Id":"NUnit.Seed","Label":"Seed","Category":"","Description":"","Attributes":0,"ValueType":"System.String"},"Value":"1624619906"}]},{"TestCase":{"Id":"3989dedb-66ba-534d-22d3-3fc2f8423f48","FullyQualifiedName":"QuanLyQuanCafeTest.BLLTest.TableBLLTest.TableBLL_danhSachIDTable","DisplayName":"TableBLL_danhSachIDTable","ExecutorUri":"executor://NUnit3TestExecutor","Source":"D:\\HK5\\Testing\\QuanLyQuanCafe\\QuanLyQuanCafeTest2\\bin\\Debug\\net7.0\\fine-code-coverage\\build-output\\QuanLyQuanCafeTest.dll","CodeFilePath":null,"LineNumber":0,"Properties":[{"Key":{"Id":"NUnit.Seed","Label":"Seed","Category":"","Description":"","Attributes":0,"ValueType":"System.String"},"Value":"1793103353"}]},"Attachments":[],"Outcome":1,"ErrorMessage":null,"ErrorStackTrace":null,"DisplayName":"TableBLL_danhSachIDTable","Messages":[],"ComputerName":"LAPTOP-V8PS969S","Duration":"00:00:00.0009859","StartTime":"2023-11-10T07:53:46.8081228+00:00","EndTime":"2023-11-10T07:53:46.8091082+00:00","Properties":[{"Key":{"Id":"NUnit.Seed","Label":"Seed","Category":"","Description":"","Attributes":0,"ValueType":"System.String"},"Value":"1793103353"}]},{"TestCase":{"Id":"2e5842a1-45dd-c4ab-8f73-07b5d5bcc916","FullyQualifiedName":"QuanLyQuanCafeTest.BLLTest.TableBLLTest.TableBLL_HienThiTable","DisplayName":"TableBLL_HienThiTable","ExecutorUri":"executor://NUnit3TestExecutor","Source":"D:\\HK5\\Testing\\QuanLyQuanCafe\\QuanLyQuanCafeTest2\\bin\\Debug\\net7.0\\fine-code-coverage\\build-output\\QuanLyQuanCafeTest.dll","CodeFilePath":null,"LineNumber":0,"Properties":[{"Key":{"Id":"NUnit.Seed","Label":"Seed","Category":"","Description":"","Attributes":0,"ValueType":"System.String"},"Value":"2124623715"}]},"Attachments":[],"Outcome":1,"ErrorMessage":null,"ErrorStackTrace":null,"DisplayName":"TableBLL_HienThiTable","Messages":[],"ComputerName":"LAPTOP-V8PS969S","Duration":"00:00:00.0010230","StartTime":"2023-11-10T07:53:46.8091216+00:00","EndTime":"2023-11-10T07:53:46.810144+00:00","Properties":[{"Key":{"Id":"NUnit.Seed","Label":"Seed","Category":"","Description":"","Attributes":0,"ValueType":"System.String"},"Value":"2124623715"}]}],"TestRunStatistics":{"ExecutedTests":9,"Stats":{"Passed":9}},"ActiveTests":[{"Id":"c89a6c7b-a46e-9369-1153-6fb1d1d1199f","FullyQualifiedName":"QuanLyQuanCafeTest.BLLTest.TableBLLTest.TableBLL_themRow_ShouldReturnTrueForDistinguishTable(\"Bn 200\",\"Trng\")","DisplayName":"TableBLL_themRow_ShouldReturnTrueForDistinguishTable(\"Bn 200\",\"Trng\")","ExecutorUri":"executor://NUnit3TestExecutor","Source":"D:\\HK5\\Testing\\QuanLyQuanCafe\\QuanLyQuanCafeTest2\\bin\\Debug\\net7.0\\fine-code-coverage\\build-output\\QuanLyQuanCafeTest.dll","CodeFilePath":null,"LineNumber":0,"Properties":[{"Key":{"Id":"NUnit.Seed","Label":"Seed","Category":"","Description":"","Attributes":0,"ValueType":"System.String"},"Value":"738288958"}]}]}}
TpTrace Verbose: 0 : 21636, 12, 2023/11/10, 14:53:46.873, 15777624680532, vstest.console.dll, TestRunRequest:SendTestRunStatsChange: Starting.
TpTrace Verbose: 0 : 21636, 12, 2023/11/10, 14:53:46.873, 15777624682383, vstest.console.dll, InProgress is TableBLL_themRow_ShouldReturnTrueForDistinguishTable("Bn 200","Trng")
TpTrace Verbose: 0 : 21636, 12, 2023/11/10, 14:53:46.873, 15777624684559, vstest.console.dll, MulticastDelegateUtilities.SafeInvoke: TestRun.RunStatsChanged: Invoking callbacks was skipped because there are no subscribers.
TpTrace Information: 0 : 21636, 12, 2023/11/10, 14:53:46.874, 15777624684990, vstest.console.dll, TestRunRequest:SendTestRunStatsChange: Completed.
TpTrace Verbose: 0 : 21636, 12, 2023/11/10, 14:53:46.874, 15777624685302, vstest.console.dll, MulticastDelegateUtilities.SafeInvoke: LengthPrefixCommunicationChannel: MessageReceived: Invoking callback 1/1 for Microsoft.VisualStudio.TestPlatform.CommunicationUtilities.TestRequestSender+<>c__DisplayClass34_0., took 23 ms.
TpTrace Verbose: 0 : 21636, 12, 2023/11/10, 14:53:46.874, 15777624685667, vstest.console.dll, TcpClientExtensions.MessageLoopAsync: Polling on remoteEndPoint: 127.0.0.1:61054 localEndPoint: 127.0.0.1:61053
TpTrace Verbose: 0 : 21636, 4, 2023/11/10, 14:53:46.875, 15777624701585, vstest.console.dll, MulticastDelegateUtilities.SafeInvoke: InternalTestLoggerEvents.SendTestResult: Invoking callback 1/1 for Microsoft.VisualStudio.TestPlatform.CommandLine.Internal.ConsoleLogger., took 1 ms.
TpTrace Verbose: 0 : 21636, 4, 2023/11/10, 14:53:46.875, 15777624704282, vstest.console.dll, MulticastDelegateUtilities.SafeInvoke: InternalTestLoggerEvents.SendTestResult: Invoking callback 1/1 for Microsoft.VisualStudio.TestPlatform.CommandLine.Internal.ConsoleLogger., took 0 ms.
TpTrace Verbose: 0 : 21636, 4, 2023/11/10, 14:53:46.876, 15777624704893, vstest.console.dll, MulticastDelegateUtilities.SafeInvoke: InternalTestLoggerEvents.SendTestResult: Invoking callback 1/1 for Microsoft.VisualStudio.TestPlatform.CommandLine.Internal.ConsoleLogger., took 0 ms.
TpTrace Verbose: 0 : 21636, 4, 2023/11/10, 14:53:46.876, 15777624705125, vstest.console.dll, MulticastDelegateUtilities.SafeInvoke: InternalTestLoggerEvents.SendTestResult: Invoking callback 1/1 for Microsoft.VisualStudio.TestPlatform.CommandLine.Internal.ConsoleLogger., took 0 ms.
TpTrace Verbose: 0 : 21636, 4, 2023/11/10, 14:53:46.876, 15777624705362, vstest.console.dll, MulticastDelegateUtilities.SafeInvoke: InternalTestLoggerEvents.SendTestResult: Invoking callback 1/1 for Microsoft.VisualStudio.TestPlatform.CommandLine.Internal.ConsoleLogger., took 0 ms.
TpTrace Verbose: 0 : 21636, 4, 2023/11/10, 14:53:46.876, 15777624705634, vstest.console.dll, MulticastDelegateUtilities.SafeInvoke: InternalTestLoggerEvents.SendTestResult: Invoking callback 1/1 for Microsoft.VisualStudio.TestPlatform.CommandLine.Internal.ConsoleLogger., took 0 ms.
TpTrace Verbose: 0 : 21636, 4, 2023/11/10, 14:53:46.876, 15777624705838, vstest.console.dll, MulticastDelegateUtilities.SafeInvoke: InternalTestLoggerEvents.SendTestResult: Invoking callback 1/1 for Microsoft.VisualStudio.TestPlatform.CommandLine.Internal.ConsoleLogger., took 0 ms.
TpTrace Verbose: 0 : 21636, 4, 2023/11/10, 14:53:46.876, 15777624706056, vstest.console.dll, MulticastDelegateUtilities.SafeInvoke: InternalTestLoggerEvents.SendTestResult: Invoking callback 1/1 for Microsoft.VisualStudio.TestPlatform.CommandLine.Internal.ConsoleLogger., took 0 ms.
TpTrace Verbose: 0 : 21636, 4, 2023/11/10, 14:53:46.876, 15777624706268, vstest.console.dll, MulticastDelegateUtilities.SafeInvoke: InternalTestLoggerEvents.SendTestResult: Invoking callback 1/1 for Microsoft.VisualStudio.TestPlatform.CommandLine.Internal.ConsoleLogger., took 0 ms.
TpTrace Verbose: 0 : 21636, 12, 2023/11/10, 14:53:46.880, 15777624750861, vstest.console.dll, TcpClientExtensions.MessageLoopAsync: NotifyDataAvailable remoteEndPoint: 127.0.0.1:61054 localEndPoint: 127.0.0.1:61053
TpTrace Verbose: 0 : 21636, 12, 2023/11/10, 14:53:46.880, 15777624752903, vstest.console.dll, TestRequestSender.OnExecutionMessageReceived: Received message: {"Version":7,"MessageType":"TestExecution.StatsChange","Payload":{"NewTestResults":[{"TestCase":{"Id":"c89a6c7b-a46e-9369-1153-6fb1d1d1199f","FullyQualifiedName":"QuanLyQuanCafeTest.BLLTest.TableBLLTest.TableBLL_themRow_ShouldReturnTrueForDistinguishTable(\"Bn 200\",\"Trng\")","DisplayName":"TableBLL_themRow_ShouldReturnTrueForDistinguishTable(\"Bn 200\",\"Trng\")","ExecutorUri":"executor://NUnit3TestExecutor","Source":"D:\\HK5\\Testing\\QuanLyQuanCafe\\QuanLyQuanCafeTest2\\bin\\Debug\\net7.0\\fine-code-coverage\\build-output\\QuanLyQuanCafeTest.dll","CodeFilePath":null,"LineNumber":0,"Properties":[{"Key":{"Id":"NUnit.Seed","Label":"Seed","Category":"","Description":"","Attributes":0,"ValueType":"System.String"},"Value":"738288958"}]},"Attachments":[],"Outcome":1,"ErrorMessage":null,"ErrorStackTrace":null,"DisplayName":"TableBLL_themRow_ShouldReturnTrueForDistinguishTable(\"Bn 200\",\"Trng\")","Messages":[],"ComputerName":"LAPTOP-V8PS969S","Duration":"00:00:00.0009850","StartTime":"2023-11-10T07:53:46.8101805+00:00","EndTime":"2023-11-10T07:53:46.8111649+00:00","Properties":[{"Key":{"Id":"NUnit.Seed","Label":"Seed","Category":"","Description":"","Attributes":0,"ValueType":"System.String"},"Value":"738288958"}]},{"TestCase":{"Id":"aaa635f1-ee37-f785-5ea6-edd70489fbfe","FullyQualifiedName":"QuanLyQuanCafeTest.BLLTest.TableBLLTest.TableBLL_themRow_ShouldReturnTrueForNotDistinguishTable(\"Bn 2\",\"Trng\")","DisplayName":"TableBLL_themRow_ShouldReturnTrueForNotDistinguishTable(\"Bn 2\",\"Trng\")","ExecutorUri":"executor://NUnit3TestExecutor","Source":"D:\\HK5\\Testing\\QuanLyQuanCafe\\QuanLyQuanCafeTest2\\bin\\Debug\\net7.0\\fine-code-coverage\\build-output\\QuanLyQuanCafeTest.dll","CodeFilePath":null,"LineNumber":0,"Properties":[{"Key":{"Id":"NUnit.Seed","Label":"Seed","Category":"","Description":"","Attributes":0,"ValueType":"System.String"},"Value":"286634240"}]},"Attachments":[],"Outcome":1,"ErrorMessage":null,"ErrorStackTrace":null,"DisplayName":"TableBLL_themRow_ShouldReturnTrueForNotDistinguishTable(\"Bn 2\",\"Trng\")","Messages":[],"ComputerName":"LAPTOP-V8PS969S","Duration":"00:00:00.0007440","StartTime":"2023-11-10T07:53:46.811205+00:00","EndTime":"2023-11-10T07:53:46.811949+00:00","Properties":[{"Key":{"Id":"NUnit.Seed","Label":"Seed","Category":"","Description":"","Attributes":0,"ValueType":"System.String"},"Value":"286634240"}]},{"TestCase":{"Id":"179e7c2c-1a4d-3192-152e-c9da079dce8e","FullyQualifiedName":"QuanLyQuanCafeTest.BLLTest.TableBLLTest.TableBLL_TimKiemBanAn(\"Bn\")","DisplayName":"TableBLL_TimKiemBanAn(\"Bn\")","ExecutorUri":"executor://NUnit3TestExecutor","Source":"D:\\HK5\\Testing\\QuanLyQuanCafe\\QuanLyQuanCafeTest2\\bin\\Debug\\net7.0\\fine-code-coverage\\build-output\\QuanLyQuanCafeTest.dll","CodeFilePath":null,"LineNumber":0,"Properties":[{"Key":{"Id":"NUnit.Seed","Label":"Seed","Category":"","Description":"","Attributes":0,"ValueType":"System.String"},"Value":"441715515"}]},"Attachments":[],"Outcome":1,"ErrorMessage":null,"ErrorStackTrace":null,"DisplayName":"TableBLL_TimKiemBanAn(\"Bn\")","Messages":[],"ComputerName":"LAPTOP-V8PS969S","Duration":"00:00:00.0011980","StartTime":"2023-11-10T07:53:46.8119927+00:00","EndTime":"2023-11-10T07:53:46.8131905+00:00","Properties":[{"Key":{"Id":"NUnit.Seed","Label":"Seed","Category":"","Description":"","Attributes":0,"ValueType":"System.String"},"Value":"441715515"}]},{"TestCase":{"Id":"0a58910f-ea48-c252-70b3-b824f2e465de","FullyQualifiedName":"QuanLyQuanCafeTest.BLLTest.TableBLLTest.TableBLL_xoaRow_ShouldReturnFalse(0)","DisplayName":"TableBLL_xoaRow_ShouldReturnFalse(0)","ExecutorUri":"executor://NUnit3TestExecutor","Source":"D:\\HK5\\Testing\\QuanLyQuanCafe\\QuanLyQuanCafeTest2\\bin\\Debug\\net7.0\\fine-code-coverage\\build-output\\QuanLyQuanCafeTest.dll","CodeFilePath":null,"LineNumber":0,"Properties":[{"Key":{"Id":"NUnit.Seed","Label":"Seed","Category":"","Description":"","Attributes":0,"ValueType":"System.String"},"Value":"1083323355"}]},"Attachments":[],"Outcome":1,"ErrorMessage":null,"ErrorStackTrace":null,"DisplayName":"TableBLL_xoaRow_ShouldReturnFalse(0)","Messages":[],"ComputerName":"LAPTOP-V8PS969S","Duration":"00:00:00.0157590","StartTime":"2023-11-10T07:53:46.813249+00:00","EndTime":"2023-11-10T07:53:46.8290081+00:00","Properties":[{"Key":{"Id":"NUnit.Seed","Label":"Seed","Category":"","Description":"","Attributes":0,"ValueType":"System.String"},"Value":"1083323355"}]},{"TestCase":{"Id":"8ab39adf-91c2-e158-0d4a-b014345465eb","FullyQualifiedName":"QuanLyQuanCafeTest.BLLTest.TableBLLTest.TableBLL_xoaRow_ShouldReturnTrue(28)","DisplayName":"TableBLL_xoaRow_ShouldReturnTrue(28)","ExecutorUri":"executor://NUnit3TestExecutor","Source":"D:\\HK5\\Testing\\QuanLyQuanCafe\\QuanLyQuanCafeTest2\\bin\\Debug\\net7.0\\fine-code-coverage\\build-output\\QuanLyQuanCafeTest.dll","CodeFilePath":null,"LineNumber":0,"Properties":[{"Key":{"Id":"NUnit.Seed","Label":"Seed","Category":"","Description":"","Attributes":0,"ValueType":"System.String"},"Value":"1020906608"}]},"Attachments":[],"Outcome":1,"ErrorMessage":null,"ErrorStackTrace":null,"DisplayName":"TableBLL_xoaRow_ShouldReturnTrue(28)","Messages":[],"ComputerName":"LAPTOP-V8PS969S","Duration":"00:00:00.0010510","StartTime":"2023-11-10T07:53:46.8290638+00:00","EndTime":"2023-11-10T07:53:46.8301143+00:00","Properties":[{"Key":{"Id":"NUnit.Seed","Label":"Seed","Category":"","Description":"","Attributes":0,"ValueType":"System.String"},"Value":"1020906608"}]},{"TestCase":{"Id":"3f8b6026-0491-5604-c6c1-8e8324791f4b","FullyQualifiedName":"QuanLyQuanCafeTest.BLLTest.TableBLLTest.TableBLL_xuLyChinhSuaTable(1,\"\",False)","DisplayName":"TableBLL_xuLyChinhSuaTable(1,\"\",False)","ExecutorUri":"executor://NUnit3TestExecutor","Source":"D:\\HK5\\Testing\\QuanLyQuanCafe\\QuanLyQuanCafeTest2\\bin\\Debug\\net7.0\\fine-code-coverage\\build-output\\QuanLyQuanCafeTest.dll","CodeFilePath":null,"LineNumber":0,"Properties":[{"Key":{"Id":"NUnit.Seed","Label":"Seed","Category":"","Description":"","Attributes":0,"ValueType":"System.String"},"Value":"965415188"}]},"Attachments":[],"Outcome":1,"ErrorMessage":null,"ErrorStackTrace":null,"DisplayName":"TableBLL_xuLyChinhSuaTable(1,\"\",False)","Messages":[],"ComputerName":"LAPTOP-V8PS969S","Duration":"00:00:00.0012480","StartTime":"2023-11-10T07:53:46.8301891+00:00","EndTime":"2023-11-10T07:53:46.8314365+00:00","Properties":[{"Key":{"Id":"NUnit.Seed","Label":"Seed","Category":"","Description":"","Attributes":0,"ValueType":"System.String"},"Value":"965415188"}]},{"TestCase":{"Id":"f1e44bc4-8830-00b6-bd29-737def016d32","FullyQualifiedName":"QuanLyQuanCafeTest.BLLTest.TableBLLTest.TableBLL_xuLyChinhSuaTable(1,\"Bn 1\",False)","DisplayName":"TableBLL_xuLyChinhSuaTable(1,\"Bn 1\",False)","ExecutorUri":"executor://NUnit3TestExecutor","Source":"D:\\HK5\\Testing\\QuanLyQuanCafe\\QuanLyQuanCafeTest2\\bin\\Debug\\net7.0\\fine-code-coverage\\build-output\\QuanLyQuanCafeTest.dll","CodeFilePath":null,"LineNumber":0,"Properties":[{"Key":{"Id":"NUnit.Seed","Label":"Seed","Category":"","Description":"","Attributes":0,"ValueType":"System.String"},"Value":"1648491604"}]},"Attachments":[],"Outcome":1,"ErrorMessage":null,"ErrorStackTrace":null,"DisplayName":"TableBLL_xuLyChinhSuaTable(1,\"Bn 1\",False)","Messages":[],"ComputerName":"LAPTOP-V8PS969S","Duration":"00:00:00.0006950","StartTime":"2023-11-10T07:53:46.8314557+00:00","EndTime":"2023-11-10T07:53:46.8321501+00:00","Properties":[{"Key":{"Id":"NUnit.Seed","Label":"Seed","Category":"","Description":"","Attributes":0,"ValueType":"System.String"},"Value":"1648491604"}]},{"TestCase":{"Id":"1155d338-1a34-e5f4-9f19-ca0720b6fb99","FullyQualifiedName":"QuanLyQuanCafeTest.BLLTest.TableBLLTest.TableBLL_xuLyChinhSuaTable(1,\"Bn 2\",False)","DisplayName":"TableBLL_xuLyChinhSuaTable(1,\"Bn 2\",False)","ExecutorUri":"executor://NUnit3TestExecutor","Source":"D:\\HK5\\Testing\\QuanLyQuanCafe\\QuanLyQuanCafeTest2\\bin\\Debug\\net7.0\\fine-code-coverage\\build-output\\QuanLyQuanCafeTest.dll","CodeFilePath":null,"LineNumber":0,"Properties":[{"Key":{"Id":"NUnit.Seed","Label":"Seed","Category":"","Description":"","Attributes":0,"ValueType":"System.String"},"Value":"1888269921"}]},"Attachments":[],"Outcome":1,"ErrorMessage":null,"ErrorStackTrace":null,"DisplayName":"TableBLL_xuLyChinhSuaTable(1,\"Bn 2\",False)","Messages":[],"ComputerName":"LAPTOP-V8PS969S","Duration":"00:00:00.0001110","StartTime":"2023-11-10T07:53:46.832166+00:00","EndTime":"2023-11-10T07:53:46.8322764+00:00","Properties":[{"Key":{"Id":"NUnit.Seed","Label":"Seed","Category":"","Description":"","Attributes":0,"ValueType":"System.String"},"Value":"1888269921"}]},{"TestCase":{"Id":"25d25a80-2183-a88a-61bb-4bf8c2789e49","FullyQualifiedName":"QuanLyQuanCafeTest.BLLTest.TableBLLTest.TableBLL_xuLyChinhSuaTable(1,\"Bn 5\",True)","DisplayName":"TableBLL_xuLyChinhSuaTable(1,\"Bn 5\",True)","ExecutorUri":"executor://NUnit3TestExecutor","Source":"D:\\HK5\\Testing\\QuanLyQuanCafe\\QuanLyQuanCafeTest2\\bin\\Debug\\net7.0\\fine-code-coverage\\build-output\\QuanLyQuanCafeTest.dll","CodeFilePath":null,"LineNumber":0,"Properties":[{"Key":{"Id":"NUnit.Seed","Label":"Seed","Category":"","Description":"","Attributes":0,"ValueType":"System.String"},"Value":"2126042501"}]},"Attachments":[],"Outcome":1,"ErrorMessage":null,"ErrorStackTrace":null,"DisplayName":"TableBLL_xuLyChinhSuaTable(1,\"Bn 5\",True)","Messages":[],"ComputerName":"LAPTOP-V8PS969S","Duration":"00:00:00.0000580","StartTime":"2023-11-10T07:53:46.8322829+00:00","EndTime":"2023-11-10T07:53:46.8323411+00:00","Properties":[{"Key":{"Id":"NUnit.Seed","Label":"Seed","Category":"","Description":"","Attributes":0,"ValueType":"System.String"},"Value":"2126042501"}]}],"TestRunStatistics":{"ExecutedTests":18,"Stats":{"Passed":18}},"ActiveTests":[{"Id":"13e386c9-a4da-ccf0-1efb-865f31192fda","FullyQualifiedName":"QuanLyQuanCafeTest.BLLTest.TableBLLTest.TableBLL_xuLyThemTable(\"\",False)","DisplayName":"TableBLL_xuLyThemTable(\"\",False)","ExecutorUri":"executor://NUnit3TestExecutor","Source":"D:\\HK5\\Testing\\QuanLyQuanCafe\\QuanLyQuanCafeTest2\\bin\\Debug\\net7.0\\fine-code-coverage\\build-output\\QuanLyQuanCafeTest.dll","CodeFilePath":null,"LineNumber":0,"Properties":[{"Key":{"Id":"NUnit.Seed","Label":"Seed","Category":"","Description":"","Attributes":0,"ValueType":"System.String"},"Value":"1509752953"}]}]}}
TpTrace Verbose: 0 : 21636, 12, 2023/11/10, 14:53:46.882, 15777624765717, vstest.console.dll, TestRunRequest:SendTestRunStatsChange: Starting.
TpTrace Verbose: 0 : 21636, 12, 2023/11/10, 14:53:46.882, 15777624766329, vstest.console.dll, InProgress is TableBLL_xuLyThemTable("",False)
TpTrace Verbose: 0 : 21636, 12, 2023/11/10, 14:53:46.882, 15777624766831, vstest.console.dll, MulticastDelegateUtilities.SafeInvoke: TestRun.RunStatsChanged: Invoking callbacks was skipped because there are no subscribers.
TpTrace Information: 0 : 21636, 12, 2023/11/10, 14:53:46.882, 15777624767140, vstest.console.dll, TestRunRequest:SendTestRunStatsChange: Completed.
TpTrace Verbose: 0 : 21636, 12, 2023/11/10, 14:53:46.882, 15777624767374, vstest.console.dll, MulticastDelegateUtilities.SafeInvoke: LengthPrefixCommunicationChannel: MessageReceived: Invoking callback 1/1 for Microsoft.VisualStudio.TestPlatform.CommunicationUtilities.TestRequestSender+<>c__DisplayClass34_0., took 1 ms.
TpTrace Verbose: 0 : 21636, 4, 2023/11/10, 14:53:46.882, 15777624767438, vstest.console.dll, MulticastDelegateUtilities.SafeInvoke: InternalTestLoggerEvents.SendTestResult: Invoking callback 1/1 for Microsoft.VisualStudio.TestPlatform.CommandLine.Internal.ConsoleLogger., took 0 ms.
TpTrace Verbose: 0 : 21636, 4, 2023/11/10, 14:53:46.882, 15777624768024, vstest.console.dll, MulticastDelegateUtilities.SafeInvoke: InternalTestLoggerEvents.SendTestResult: Invoking callback 1/1 for Microsoft.VisualStudio.TestPlatform.CommandLine.Internal.ConsoleLogger., took 0 ms.
TpTrace Verbose: 0 : 21636, 12, 2023/11/10, 14:53:46.882, 15777624768047, vstest.console.dll, TcpClientExtensions.MessageLoopAsync: Polling on remoteEndPoint: 127.0.0.1:61054 localEndPoint: 127.0.0.1:61053
TpTrace Verbose: 0 : 21636, 4, 2023/11/10, 14:53:46.883, 15777624776686, vstest.console.dll, MulticastDelegateUtilities.SafeInvoke: InternalTestLoggerEvents.SendTestResult: Invoking callback 1/1 for Microsoft.VisualStudio.TestPlatform.CommandLine.Internal.ConsoleLogger., took 0 ms.
TpTrace Verbose: 0 : 21636, 4, 2023/11/10, 14:53:46.883, 15777624777400, vstest.console.dll, MulticastDelegateUtilities.SafeInvoke: InternalTestLoggerEvents.SendTestResult: Invoking callback 1/1 for Microsoft.VisualStudio.TestPlatform.CommandLine.Internal.ConsoleLogger., took 0 ms.
TpTrace Verbose: 0 : 21636, 4, 2023/11/10, 14:53:46.883, 15777624777671, vstest.console.dll, MulticastDelegateUtilities.SafeInvoke: InternalTestLoggerEvents.SendTestResult: Invoking callback 1/1 for Microsoft.VisualStudio.TestPlatform.CommandLine.Internal.ConsoleLogger., took 0 ms.
TpTrace Verbose: 0 : 21636, 4, 2023/11/10, 14:53:46.883, 15777624778222, vstest.console.dll, MulticastDelegateUtilities.SafeInvoke: InternalTestLoggerEvents.SendTestResult: Invoking callback 1/1 for Microsoft.VisualStudio.TestPlatform.CommandLine.Internal.ConsoleLogger., took 0 ms.
TpTrace Verbose: 0 : 21636, 4, 2023/11/10, 14:53:46.883, 15777624778491, vstest.console.dll, MulticastDelegateUtilities.SafeInvoke: InternalTestLoggerEvents.SendTestResult: Invoking callback 1/1 for Microsoft.VisualStudio.TestPlatform.CommandLine.Internal.ConsoleLogger., took 0 ms.
TpTrace Verbose: 0 : 21636, 4, 2023/11/10, 14:53:46.883, 15777624778731, vstest.console.dll, MulticastDelegateUtilities.SafeInvoke: InternalTestLoggerEvents.SendTestResult: Invoking callback 1/1 for Microsoft.VisualStudio.TestPlatform.CommandLine.Internal.ConsoleLogger., took 0 ms.
TpTrace Verbose: 0 : 21636, 4, 2023/11/10, 14:53:46.883, 15777624778952, vstest.console.dll, MulticastDelegateUtilities.SafeInvoke: InternalTestLoggerEvents.SendTestResult: Invoking callback 1/1 for Microsoft.VisualStudio.TestPlatform.CommandLine.Internal.ConsoleLogger., took 0 ms.
TpTrace Verbose: 0 : 21636, 12, 2023/11/10, 14:53:46.892, 15777624868128, vstest.console.dll, TcpClientExtensions.MessageLoopAsync: NotifyDataAvailable remoteEndPoint: 127.0.0.1:61054 localEndPoint: 127.0.0.1:61053
TpTrace Verbose: 0 : 21636, 12, 2023/11/10, 14:53:46.892, 15777624870249, vstest.console.dll, TestRequestSender.OnExecutionMessageReceived: Received message: {"Version":7,"MessageType":"TestSession.Message","Payload":{"MessageLevel":0,"Message":"NUnit Adapter 4.3.0.0: Test execution complete"}}
TpTrace Verbose: 0 : 21636, 12, 2023/11/10, 14:53:46.892, 15777624871423, vstest.console.dll, TestRunRequest:SendTestRunMessage: Starting.
TpTrace Verbose: 0 : 21636, 12, 2023/11/10, 14:53:46.892, 15777624871826, vstest.console.dll, MulticastDelegateUtilities.SafeInvoke: TestRun.LogMessages: Invoking callback 1/1 for Microsoft.VisualStudio.TestPlatform.CommandLine.TestRunResultAggregator., took 0 ms.
TpTrace Information: 0 : 21636, 12, 2023/11/10, 14:53:46.892, 15777624871987, vstest.console.dll, TestRunRequest:SendTestRunMessage: Completed.
TpTrace Verbose: 0 : 21636, 12, 2023/11/10, 14:53:46.892, 15777624872149, vstest.console.dll, MulticastDelegateUtilities.SafeInvoke: LengthPrefixCommunicationChannel: MessageReceived: Invoking callback 1/1 for Microsoft.VisualStudio.TestPlatform.CommunicationUtilities.TestRequestSender+<>c__DisplayClass34_0., took 0 ms.
TpTrace Verbose: 0 : 21636, 12, 2023/11/10, 14:53:46.892, 15777624872330, vstest.console.dll, TcpClientExtensions.MessageLoopAsync: Polling on remoteEndPoint: 127.0.0.1:61054 localEndPoint: 127.0.0.1:61053
TpTrace Verbose: 0 : 21636, 4, 2023/11/10, 14:53:46.892, 15777624872231, vstest.console.dll, MulticastDelegateUtilities.SafeInvoke: InternalTestLoggerEvents.SendTestRunMessage: Invoking callback 1/1 for Microsoft.VisualStudio.TestPlatform.CommandLine.Internal.ConsoleLogger., took 0 ms.
TpTrace Verbose: 0 : 21636, 12, 2023/11/10, 14:53:46.905, 15777625004354, vstest.console.dll, TcpClientExtensions.MessageLoopAsync: NotifyDataAvailable remoteEndPoint: 127.0.0.1:61054 localEndPoint: 127.0.0.1:61053
TpTrace Verbose: 0 : 21636, 12, 2023/11/10, 14:53:46.906, 15777625006300, vstest.console.dll, TestRequestSender.OnExecutionMessageReceived: Received message: {"Version":7,"MessageType":"TestExecution.Completed","Payload":{"TestRunCompleteArgs":{"TestRunStatistics":{"ExecutedTests":22,"Stats":{"Passed":22}},"IsCanceled":false,"IsAborted":false,"Error":null,"AttachmentSets":[],"InvokedDataCollectors":[],"ElapsedTimeInRunningTests":"00:00:00.3406704","Metrics":{},"DiscoveredExtensions":{"TestDiscoverers":["NUnit.VisualStudio.TestAdapter.NUnit3TestDiscoverer, NUnit3.TestAdapter, Version=4.3.0.0, Culture=neutral, PublicKeyToken=4cb40d35494691ac"],"TestExecutors":["executor://NUnit3TestExecutor"],"TestExecutors2":[],"TestSettingsProviders":[]}},"LastRunTests":{"NewTestResults":[{"TestCase":{"Id":"13e386c9-a4da-ccf0-1efb-865f31192fda","FullyQualifiedName":"QuanLyQuanCafeTest.BLLTest.TableBLLTest.TableBLL_xuLyThemTable(\"\",False)","DisplayName":"TableBLL_xuLyThemTable(\"\",False)","ExecutorUri":"executor://NUnit3TestExecutor","Source":"D:\\HK5\\Testing\\QuanLyQuanCafe\\QuanLyQuanCafeTest2\\bin\\Debug\\net7.0\\fine-code-coverage\\build-output\\QuanLyQuanCafeTest.dll","CodeFilePath":null,"LineNumber":0,"Properties":[{"Key":{"Id":"NUnit.Seed","Label":"Seed","Category":"","Description":"","Attributes":0,"ValueType":"System.String"},"Value":"1509752953"}]},"Attachments":[],"Outcome":1,"ErrorMessage":null,"ErrorStackTrace":null,"DisplayName":"TableBLL_xuLyThemTable(\"\",False)","Messages":[],"ComputerName":"LAPTOP-V8PS969S","Duration":"00:00:00.0005250","StartTime":"2023-11-10T07:53:46.8323699+00:00","EndTime":"2023-11-10T07:53:46.8328943+00:00","Properties":[{"Key":{"Id":"NUnit.Seed","Label":"Seed","Category":"","Description":"","Attributes":0,"ValueType":"System.String"},"Value":"1509752953"}]},{"TestCase":{"Id":"3dba3751-4816-273e-df49-f3a287fe9217","FullyQualifiedName":"QuanLyQuanCafeTest.BLLTest.TableBLLTest.TableBLL_xuLyThemTable(\"Bn 1\",False)","DisplayName":"TableBLL_xuLyThemTable(\"Bn 1\",False)","ExecutorUri":"executor://NUnit3TestExecutor","Source":"D:\\HK5\\Testing\\QuanLyQuanCafe\\QuanLyQuanCafeTest2\\bin\\Debug\\net7.0\\fine-code-coverage\\build-output\\QuanLyQuanCafeTest.dll","CodeFilePath":null,"LineNumber":0,"Properties":[{"Key":{"Id":"NUnit.Seed","Label":"Seed","Category":"","Description":"","Attributes":0,"ValueType":"System.String"},"Value":"158826875"}]},"Attachments":[],"Outcome":1,"ErrorMessage":null,"ErrorStackTrace":null,"DisplayName":"TableBLL_xuLyThemTable(\"Bn 1\",False)","Messages":[],"ComputerName":"LAPTOP-V8PS969S","Duration":"00:00:00.0001650","StartTime":"2023-11-10T07:53:46.832904+00:00","EndTime":"2023-11-10T07:53:46.8330685+00:00","Properties":[{"Key":{"Id":"NUnit.Seed","Label":"Seed","Category":"","Description":"","Attributes":0,"ValueType":"System.String"},"Value":"158826875"}]},{"TestCase":{"Id":"bff02a9b-11db-4a2f-55dd-06d8fe0093ae","FullyQualifiedName":"QuanLyQuanCafeTest.BLLTest.TableBLLTest.TableBLL_xuLyThemTable(\"Bn 5\",True)","DisplayName":"TableBLL_xuLyThemTable(\"Bn 5\",True)","ExecutorUri":"executor://NUnit3TestExecutor","Source":"D:\\HK5\\Testing\\QuanLyQuanCafe\\QuanLyQuanCafeTest2\\bin\\Debug\\net7.0\\fine-code-coverage\\build-output\\QuanLyQuanCafeTest.dll","CodeFilePath":null,"LineNumber":0,"Properties":[{"Key":{"Id":"NUnit.Seed","Label":"Seed","Category":"","Description":"","Attributes":0,"ValueType":"System.String"},"Value":"848396437"}]},"Attachments":[],"Outcome":1,"ErrorMessage":null,"ErrorStackTrace":null,"DisplayName":"TableBLL_xuLyThemTable(\"Bn 5\",True)","Messages":[],"ComputerName":"LAPTOP-V8PS969S","Duration":"00:00:00.0000470","StartTime":"2023-11-10T07:53:46.8330758+00:00","EndTime":"2023-11-10T07:53:46.8331224+00:00","Properties":[{"Key":{"Id":"NUnit.Seed","Label":"Seed","Category":"","Description":"","Attributes":0,"ValueType":"System.String"},"Value":"848396437"}]},{"TestCase":{"Id":"6f1b5305-7ad1-6d02-a387-baea37645b6b","FullyQualifiedName":"QuanLyQuanCafeTest2.Tests.Test1","DisplayName":"Test1","ExecutorUri":"executor://NUnit3TestExecutor","Source":"D:\\HK5\\Testing\\QuanLyQuanCafe\\QuanLyQuanCafeTest2\\bin\\Debug\\net7.0\\fine-code-coverage\\build-output\\QuanLyQuanCafeTest.dll","CodeFilePath":null,"LineNumber":0,"Properties":[{"Key":{"Id":"NUnit.Seed","Label":"Seed","Category":"","Description":"","Attributes":0,"ValueType":"System.String"},"Value":"616483479"}]},"Attachments":[],"Outcome":1,"ErrorMessage":null,"ErrorStackTrace":null,"DisplayName":"Test1","Messages":[],"ComputerName":"LAPTOP-V8PS969S","Duration":"00:00:00.0168730","StartTime":"2023-11-10T07:53:46.833225+00:00","EndTime":"2023-11-10T07:53:46.8500975+00:00","Properties":[{"Key":{"Id":"NUnit.Seed","Label":"Seed","Category":"","Description":"","Attributes":0,"ValueType":"System.String"},"Value":"616483479"}]}],"TestRunStatistics":{"ExecutedTests":22,"Stats":{"Passed":22}},"ActiveTests":[]},"RunAttachments":[],"ExecutorUris":["executor://nunit3testexecutor/"]}}
TpTrace Verbose: 0 : 21636, 12, 2023/11/10, 14:53:46.906, 15777625007160, vstest.console.dll, TestRequestSender.EndSession: Sending end session.
TpTrace Verbose: 0 : 21636, 12, 2023/11/10, 14:53:46.906, 15777625008428, vstest.console.dll, ProxyOperationManager.Close: waiting for test host to exit for 100 ms
TpTrace Warning: 0 : 21636, 11, 2023/11/10, 14:53:46.943, 15777625380016, vstest.console.dll, TestHostManagerCallbacks.ErrorReceivedCallback Test host standard error line: 
TpTrace Verbose: 0 : 21636, 11, 2023/11/10, 14:53:46.951, 15777625454961, vstest.console.dll, TestHostProvider.ExitCallBack: Host exited starting callback.
TpTrace Information: 0 : 21636, 11, 2023/11/10, 14:53:46.951, 15777625456546, vstest.console.dll, TestHostManagerCallbacks.ExitCallBack: Testhost processId: 30824 exited with exitcode: 0 error: ''
TpTrace Verbose: 0 : 21636, 11, 2023/11/10, 14:53:46.951, 15777625456805, vstest.console.dll, DotnetTestHostManager.OnHostExited: invoking OnHostExited callback
TpTrace Verbose: 0 : 21636, 11, 2023/11/10, 14:53:46.951, 15777625457171, vstest.console.dll, CrossPlatEngine.TestHostManagerHostExited: calling on client process exit callback.
TpTrace Information: 0 : 21636, 11, 2023/11/10, 14:53:46.951, 15777625457472, vstest.console.dll, TestRequestSender.OnClientProcessExit: Test host process exited. Standard error: 
TpTrace Information: 0 : 21636, 11, 2023/11/10, 14:53:46.951, 15777625457674, vstest.console.dll, SocketServer.Stop: Stop server endPoint: 127.0.0.1:61053
TpTrace Information: 0 : 21636, 11, 2023/11/10, 14:53:46.951, 15777625457798, vstest.console.dll, SocketServer.Stop: Cancellation requested. Stopping message loop.
TpTrace Information: 0 : 21636, 12, 2023/11/10, 14:53:46.951, 15777625458307, vstest.console.dll, SocketServer.Stop: Stop server endPoint: 127.0.0.1:61053
TpTrace Information: 0 : 21636, 12, 2023/11/10, 14:53:46.951, 15777625458816, vstest.console.dll, SocketServer.Stop: Cancellation requested. Stopping message loop.
TpTrace Information: 0 : 21636, 12, 2023/11/10, 14:53:46.951, 15777625459281, vstest.console.dll, Closing the connection
TpTrace Verbose: 0 : 21636, 11, 2023/11/10, 14:53:46.951, 15777625458459, vstest.console.dll, MulticastDelegateUtilities.SafeInvoke: HostProviderEvents.OnHostExited: Invoking callback 1/1 for Microsoft.VisualStudio.TestPlatform.CrossPlatEngine.Client.ProxyOperationManager., took 0 ms.
TpTrace Verbose: 0 : 21636, 12, 2023/11/10, 14:53:46.951, 15777625461687, vstest.console.dll, ProxyDataCollectionManager.InvokeDataCollectionServiceAction: Starting.
TpTrace Information: 0 : 21636, 12, 2023/11/10, 14:53:46.951, 15777625462179, vstest.console.dll, ProxyDataCollectionManager.AfterTestRunEnd: Get attachment set and invoked data collectors processId: 19088 port: 61050
TpTrace Verbose: 0 : 21636, 12, 2023/11/10, 14:53:46.951, 15777625462458, vstest.console.dll, DataCollectionRequestSender.SendAfterTestRunStartAndGetResult: Send AfterTestRunEnd message with isCancelled: False
TpTrace Verbose: 0 : 21636, 12, 2023/11/10, 14:53:46.957, 15777625523052, vstest.console.dll, DataCollectionRequestSender.SendAfterTestRunStartAndGetResult: Received message: (DataCollection.AfterTestRunEndResult) -> {"MessageType":"DataCollection.AfterTestRunEndResult","Payload":{"AttachmentSets":[],"InvokedDataCollectors":[{"Uri":"datacollector://Microsoft/TestPlatform/Extensions/Blame/v1","FriendlyName":"Blame","AssemblyQualifiedName":"Microsoft.TestPlatform.Extensions.BlameDataCollector.BlameCollector, Microsoft.TestPlatform.Extensions.BlameDataCollector, Version=15.0.0.0, Culture=neutral, PublicKeyToken=b03f5f7f11d50a3a","FilePath":"C:\\Program Files\\dotnet\\sdk\\7.0.201\\Extensions\\Microsoft.TestPlatform.Extensions.BlameDataCollector.dll","HasAttachmentProcessor":false}],"Metrics":{}}}
TpTrace Information: 0 : 21636, 12, 2023/11/10, 14:53:46.962, 15777625569203, vstest.console.dll, ProxyDataCollectionManager.InvokeDataCollectionServiceAction: Completed.
TpTrace Warning: 0 : 21636, 9, 2023/11/10, 14:53:46.989, 15777625842265, vstest.console.dll, DataCollectionLauncher.ErrorReceivedCallback datacollector standard error line: 
TpTrace Information: 0 : 21636, 9, 2023/11/10, 14:53:46.996, 15777625906490, vstest.console.dll, DataCollectionLauncher.ExitCallBack: Data collector exited with exitcode: 0 error: ''
TpTrace Verbose: 0 : 21636, 12, 2023/11/10, 14:53:47.001, 15777625962736, vstest.console.dll, TestRunRequest:SendTestRunStatsChange: Starting.
TpTrace Verbose: 0 : 21636, 12, 2023/11/10, 14:53:47.001, 15777625964185, vstest.console.dll, MulticastDelegateUtilities.SafeInvoke: TestRun.RunStatsChanged: Invoking callbacks was skipped because there are no subscribers.
TpTrace Information: 0 : 21636, 12, 2023/11/10, 14:53:47.001, 15777625964380, vstest.console.dll, TestRunRequest:SendTestRunStatsChange: Completed.
TpTrace Verbose: 0 : 21636, 4, 2023/11/10, 14:53:47.001, 15777625964791, vstest.console.dll, MulticastDelegateUtilities.SafeInvoke: InternalTestLoggerEvents.SendTestResult: Invoking callback 1/1 for Microsoft.VisualStudio.TestPlatform.CommandLine.Internal.ConsoleLogger., took 0 ms.
TpTrace Verbose: 0 : 21636, 4, 2023/11/10, 14:53:47.002, 15777625965556, vstest.console.dll, MulticastDelegateUtilities.SafeInvoke: InternalTestLoggerEvents.SendTestResult: Invoking callback 1/1 for Microsoft.VisualStudio.TestPlatform.CommandLine.Internal.ConsoleLogger., took 0 ms.
TpTrace Verbose: 0 : 21636, 4, 2023/11/10, 14:53:47.002, 15777625965852, vstest.console.dll, MulticastDelegateUtilities.SafeInvoke: InternalTestLoggerEvents.SendTestResult: Invoking callback 1/1 for Microsoft.VisualStudio.TestPlatform.CommandLine.Internal.ConsoleLogger., took 0 ms.
TpTrace Verbose: 0 : 21636, 4, 2023/11/10, 14:53:47.002, 15777625966125, vstest.console.dll, MulticastDelegateUtilities.SafeInvoke: InternalTestLoggerEvents.SendTestResult: Invoking callback 1/1 for Microsoft.VisualStudio.TestPlatform.CommandLine.Internal.ConsoleLogger., took 0 ms.
TpTrace Verbose: 0 : 21636, 12, 2023/11/10, 14:53:47.002, 15777625967615, vstest.console.dll, ParallelProxyExecutionManager: HandlePartialRunComplete: Total completed clients = 1, Run complete = True, Run canceled: False.
TpTrace Verbose: 0 : 21636, 4, 2023/11/10, 14:53:47.010, 15777626046541, vstest.console.dll, MulticastDelegateUtilities.SafeInvoke: InternalTestLoggerEvents.SendTestRunComplete: Invoking callback 1/2 for Microsoft.TestPlatform.Extensions.BlameDataCollector.BlameLogger., took 0 ms.
TpTrace Verbose: 0 : 21636, 4, 2023/11/10, 14:53:47.015, 15777626095455, vstest.console.dll, MulticastDelegateUtilities.SafeInvoke: InternalTestLoggerEvents.SendTestRunComplete: Invoking callback 2/2 for Microsoft.VisualStudio.TestPlatform.CommandLine.Internal.ConsoleLogger., took 4 ms.
TpTrace Verbose: 0 : 21636, 12, 2023/11/10, 14:53:47.015, 15777626098903, vstest.console.dll, TestRunRequest:TestRunComplete: Starting. IsAborted:False IsCanceled:False.
TpTrace Verbose: 0 : 21636, 12, 2023/11/10, 14:53:47.016, 15777626106934, vstest.console.dll, TestLoggerManager.HandleTestRunComplete: Ignoring as the object is disposed.
TpTrace Verbose: 0 : 21636, 12, 2023/11/10, 14:53:47.016, 15777626108699, vstest.console.dll, MulticastDelegateUtilities.SafeInvoke: TestRun.TestRunComplete: Invoking callback 1/2 for Microsoft.VisualStudio.TestPlatform.CommandLine.TestRunResultAggregator., took 0 ms.
TpTrace Verbose: 0 : 21636, 12, 2023/11/10, 14:53:47.016, 15777626109770, vstest.console.dll, MulticastDelegateUtilities.SafeInvoke: TestRun.TestRunComplete: Invoking callback 2/2 for Microsoft.VisualStudio.TestPlatform.CommandLine.Processors.RunTestsArgumentExecutor+TestRunRequestEventsRegistrar., took 0 ms.
TpTrace Information: 0 : 21636, 12, 2023/11/10, 14:53:47.016, 15777626110576, vstest.console.dll, TestRunRequest:TestRunComplete: Completed.
TpTrace Verbose: 0 : 21636, 12, 2023/11/10, 14:53:47.016, 15777626110830, vstest.console.dll, TestRequestSender.SetOperationComplete: Setting operation complete.
TpTrace Information: 0 : 21636, 12, 2023/11/10, 14:53:47.016, 15777626110995, vstest.console.dll, SocketServer.Stop: Stop server endPoint: 127.0.0.1:61053
TpTrace Verbose: 0 : 21636, 1, 2023/11/10, 14:53:47.016, 15777626111046, vstest.console.dll, TestRunRequest.Dispose: Starting.
TpTrace Information: 0 : 21636, 1, 2023/11/10, 14:53:47.016, 15777626111623, vstest.console.dll, TestRunRequest.Dispose: Completed.
TpTrace Information: 0 : 21636, 1, 2023/11/10, 14:53:47.016, 15777626111886, vstest.console.dll, TestRequestManager.RunTests: run tests completed.
TpTrace Information: 0 : 21636, 12, 2023/11/10, 14:53:47.016, 15777626111163, vstest.console.dll, SocketServer.Stop: Cancellation requested. Stopping message loop.
TpTrace Verbose: 0 : 21636, 12, 2023/11/10, 14:53:47.016, 15777626112550, vstest.console.dll, MulticastDelegateUtilities.SafeInvoke: LengthPrefixCommunicationChannel: MessageReceived: Invoking callback 1/1 for Microsoft.VisualStudio.TestPlatform.CommunicationUtilities.TestRequestSender+<>c__DisplayClass34_0., took 110 ms.
TpTrace Information: 0 : 21636, 12, 2023/11/10, 14:53:47.016, 15777626112889, vstest.console.dll, SocketServer.PrivateStop: Stopping server endPoint: 127.0.0.1:61053 error: 
TpTrace Information: 0 : 21636, 1, 2023/11/10, 14:53:47.016, 15777626113236, vstest.console.dll, RunTestsArgumentProcessor:Execute: Test run is completed.
TpTrace Verbose: 0 : 21636, 1, 2023/11/10, 14:53:47.017, 15777626114926, vstest.console.dll, Executor.Execute: Exiting with exit code of 0
TpTrace Verbose: 0 : 21636, 12, 2023/11/10, 14:53:47.017, 15777626115880, vstest.console.dll, LengthPrefixCommunicationChannel.Dispose: Dispose reader and writer.
TpTrace Information: 0 : 21636, 12, 2023/11/10, 14:53:47.017, 15777626116407, vstest.console.dll, SocketServer.Stop: Raise disconnected event endPoint: 127.0.0.1:61053 error: 
TpTrace Verbose: 0 : 21636, 12, 2023/11/10, 14:53:47.017, 15777626117014, vstest.console.dll, TestRequestSender: OnTestRunAbort: Operation is already complete. Skip error message.
TpTrace Verbose: 0 : 21636, 12, 2023/11/10, 14:53:47.017, 15777626117289, vstest.console.dll, MulticastDelegateUtilities.SafeInvoke: SocketServer: ClientDisconnected: Invoking callback 1/1 for Microsoft.VisualStudio.TestPlatform.CommunicationUtilities.TestRequestSender., took 0 ms.
TpTrace Verbose: 0 : 21636, 12, 2023/11/10, 14:53:47.017, 15777626117449, vstest.console.dll, TcpClientExtensions.MessageLoopAsync: exiting MessageLoopAsync remoteEndPoint: 127.0.0.1:61054 localEndPoint: 127.0.0.1:61053
