<?xml version="1.0" encoding="utf-8"?>
<CoverageSession xmlns:xsd="http://www.w3.org/2001/XMLSchema" xmlns:xsi="http://www.w3.org/2001/XMLSchema-instance" Version="4.7.922.0">
  <Summary numSequencePoints="377" visitedSequencePoints="0" numBranchPoints="124" visitedBranchPoints="0" sequenceCoverage="0" branchCoverage="0" maxCyclomaticComplexity="7" minCyclomaticComplexity="1" maxCrapScore="56" minCrapScore="2" visitedClasses="0" numClasses="8" visitedMethods="0" numMethods="56" />
  <Modules>
    <Module hash="A5-8D-0D-A0-A4-A6-31-6E-AB-7C-22-71-F6-18-CC-5A-97-14-AA-C2">
      <Summary numSequencePoints="377" visitedSequencePoints="0" numBranchPoints="124" visitedBranchPoints="0" sequenceCoverage="0" branchCoverage="0" maxCyclomaticComplexity="7" minCyclomaticComplexity="1" maxCrapScore="56" minCrapScore="2" visitedClasses="0" numClasses="8" visitedMethods="0" numMethods="56" />
      <ModulePath>D:\HK5\Testing\QuanLyQuanCafe\BLL\bin\Debug\fine-code-coverage\build-output\BLL.dll</ModulePath>
      <ModuleTime>2023-11-10T06:53:54.9958664Z</ModuleTime>
      <ModuleName>BLL</ModuleName>
      <Files>
        <File uid="1" fullPath="D:\HK5\Testing\QuanLyQuanCafe\BLL\AccountBLL.cs" />
        <File uid="2" fullPath="D:\HK5\Testing\QuanLyQuanCafe\BLL\BillBLL.cs" />
        <File uid="3" fullPath="D:\HK5\Testing\QuanLyQuanCafe\BLL\Bill_InforBLL.cs" />
        <File uid="4" fullPath="D:\HK5\Testing\QuanLyQuanCafe\BLL\Category_FoodBLL.cs" />
        <File uid="5" fullPath="D:\HK5\Testing\QuanLyQuanCafe\BLL\DataBLL.cs" />
        <File uid="6" fullPath="D:\HK5\Testing\QuanLyQuanCafe\BLL\FoodBLL.cs" />
        <File uid="7" fullPath="D:\HK5\Testing\QuanLyQuanCafe\BLL\MenuBLL.cs" />
        <File uid="8" fullPath="D:\HK5\Testing\QuanLyQuanCafe\BLL\TableBLL.cs" />
      </Files>
      <Classes>
        <Class>
          <Summary numSequencePoints="104" visitedSequencePoints="0" numBranchPoints="34" visitedBranchPoints="0" sequenceCoverage="0" branchCoverage="0" maxCyclomaticComplexity="6" minCyclomaticComplexity="1" maxCrapScore="42" minCrapScore="2" visitedClasses="0" numClasses="1" visitedMethods="0" numMethods="12" />
          <FullName>BLL.AccountBLL</FullName>
          <Methods>
            <Method visited="false" cyclomaticComplexity="3" nPathComplexity="4" sequenceCoverage="0" branchCoverage="0" crapScore="12" isConstructor="false" isStatic="false" isGetter="false" isSetter="false">
              <Summary numSequencePoints="5" visitedSequencePoints="0" numBranchPoints="5" visitedBranchPoints="0" sequenceCoverage="0" branchCoverage="0" maxCyclomaticComplexity="3" minCyclomaticComplexity="3" maxCrapScore="12" minCrapScore="12" visitedClasses="0" numClasses="0" visitedMethods="0" numMethods="1" />
              <MetadataToken>100663297</MetadataToken>
              <Name>System.Boolean BLL.AccountBLL::xuLyLogin(System.String,System.String)</Name>
              <FileRef uid="1" />
              <SequencePoints>
                <SequencePoint vc="0" uspid="1" ordinal="0" offset="0" sl="16" sc="9" el="16" ec="10" bec="0" bev="0" fileid="1" />
                <SequencePoint vc="0" uspid="2" ordinal="1" offset="1" sl="17" sc="13" el="17" ec="75" bec="4" bev="0" fileid="1" />
                <SequencePoint vc="0" uspid="3" ordinal="2" offset="35" sl="17" sc="76" el="17" ec="89" bec="0" bev="0" fileid="1" />
                <SequencePoint vc="0" uspid="4" ordinal="3" offset="39" sl="18" sc="13" el="18" ec="25" bec="0" bev="0" fileid="1" />
                <SequencePoint vc="0" uspid="5" ordinal="4" offset="43" sl="19" sc="9" el="19" ec="10" bec="0" bev="0" fileid="1" />
              </SequencePoints>
              <BranchPoints>
                <BranchPoint vc="0" uspid="6" ordinal="0" offset="12" sl="17" path="0" offsetend="14" fileid="1" />
                <BranchPoint vc="0" uspid="7" ordinal="1" offset="12" sl="17" path="1" offsetend="30" fileid="1" />
                <BranchPoint vc="0" uspid="8" ordinal="2" offset="33" sl="17" path="0" offsetend="35" fileid="1" />
                <BranchPoint vc="0" uspid="9" ordinal="3" offset="33" sl="17" path="1" offsetend="39" fileid="1" />
              </BranchPoints>
              <MethodPoint xsi:type="SequencePoint" vc="0" uspid="1" ordinal="0" offset="0" sl="16" sc="9" el="16" ec="10" bec="0" bev="0" fileid="1" />
            </Method>
            <Method visited="false" cyclomaticComplexity="1" nPathComplexity="0" sequenceCoverage="0" branchCoverage="0" crapScore="2" isConstructor="false" isStatic="false" isGetter="false" isSetter="false">
              <Summary numSequencePoints="3" visitedSequencePoints="0" numBranchPoints="1" visitedBranchPoints="0" sequenceCoverage="0" branchCoverage="0" maxCyclomaticComplexity="1" minCyclomaticComplexity="1" maxCrapScore="2" minCrapScore="2" visitedClasses="0" numClasses="0" visitedMethods="0" numMethods="1" />
              <MetadataToken>100663298</MetadataToken>
              <Name>System.Boolean BLL.AccountBLL::Login(System.String,System.String,DTO.Account&amp;)</Name>
              <FileRef uid="1" />
              <SequencePoints>
                <SequencePoint vc="0" uspid="10" ordinal="0" offset="0" sl="20" sc="78" el="20" ec="79" bec="0" bev="0" fileid="1" />
                <SequencePoint vc="0" uspid="11" ordinal="1" offset="1" sl="22" sc="9" el="22" ec="57" bec="0" bev="0" fileid="1" />
                <SequencePoint vc="0" uspid="12" ordinal="2" offset="12" sl="23" sc="9" el="23" ec="10" bec="0" bev="0" fileid="1" />
              </SequencePoints>
              <BranchPoints />
              <MethodPoint xsi:type="SequencePoint" vc="0" uspid="10" ordinal="0" offset="0" sl="20" sc="78" el="20" ec="79" bec="0" bev="0" fileid="1" />
            </Method>
            <Method visited="false" cyclomaticComplexity="3" nPathComplexity="4" sequenceCoverage="0" branchCoverage="0" crapScore="12" isConstructor="false" isStatic="false" isGetter="false" isSetter="false">
              <Summary numSequencePoints="27" visitedSequencePoints="0" numBranchPoints="5" visitedBranchPoints="0" sequenceCoverage="0" branchCoverage="0" maxCyclomaticComplexity="3" minCyclomaticComplexity="3" maxCrapScore="12" minCrapScore="12" visitedClasses="0" numClasses="0" visitedMethods="0" numMethods="1" />
              <MetadataToken>100663299</MetadataToken>
              <Name>System.Data.DataTable BLL.AccountBLL::hienThiDanhSachTaiKhoan()</Name>
              <FileRef uid="1" />
              <SequencePoints>
                <SequencePoint vc="0" uspid="13" ordinal="0" offset="0" sl="25" sc="9" el="25" ec="10" bec="0" bev="0" fileid="1" />
                <SequencePoint vc="0" uspid="14" ordinal="1" offset="1" sl="26" sc="13" el="26" ec="44" bec="0" bev="0" fileid="1" />
                <SequencePoint vc="0" uspid="15" ordinal="2" offset="7" sl="27" sc="13" el="27" ec="59" bec="0" bev="0" fileid="1" />
                <SequencePoint vc="0" uspid="16" ordinal="3" offset="34" sl="28" sc="13" el="28" ec="60" bec="0" bev="0" fileid="1" />
                <SequencePoint vc="0" uspid="17" ordinal="4" offset="61" sl="29" sc="13" el="29" ec="56" bec="0" bev="0" fileid="1" />
                <SequencePoint vc="0" uspid="18" ordinal="5" offset="88" sl="30" sc="13" el="30" ec="62" bec="0" bev="0" fileid="1" />
                <SequencePoint vc="0" uspid="19" ordinal="6" offset="115" sl="34" sc="13" el="34" ec="72" bec="0" bev="0" fileid="1" />
                <SequencePoint vc="0" uspid="20" ordinal="7" offset="126" sl="35" sc="18" el="35" ec="27" bec="0" bev="0" fileid="1" />
                <SequencePoint vc="0" uspid="21" ordinal="8" offset="133" sl="36" sc="13" el="36" ec="14" bec="0" bev="0" fileid="1" />
                <SequencePoint vc="0" uspid="22" ordinal="9" offset="134" sl="37" sc="15" el="37" ec="39" bec="0" bev="0" fileid="1" />
                <SequencePoint vc="0" uspid="23" ordinal="10" offset="147" sl="38" sc="17" el="38" ec="41" bec="0" bev="0" fileid="1" />
                <SequencePoint vc="0" uspid="24" ordinal="11" offset="155" sl="39" sc="17" el="39" ec="43" bec="0" bev="0" fileid="1" />
                <SequencePoint vc="0" uspid="25" ordinal="12" offset="175" sl="40" sc="17" el="40" ec="43" bec="0" bev="0" fileid="1" />
                <SequencePoint vc="0" uspid="26" ordinal="13" offset="195" sl="41" sc="17" el="41" ec="39" bec="0" bev="0" fileid="1" />
                <SequencePoint vc="0" uspid="27" ordinal="14" offset="215" sl="42" sc="17" el="42" ec="51" bec="2" bev="0" fileid="1" />
                <SequencePoint vc="0" uspid="28" ordinal="15" offset="240" sl="43" sc="17" el="43" ec="18" bec="0" bev="0" fileid="1" />
                <SequencePoint vc="0" uspid="29" ordinal="16" offset="241" sl="45" sc="21" el="45" ec="51" bec="0" bev="0" fileid="1" />
                <SequencePoint vc="0" uspid="30" ordinal="17" offset="259" sl="48" sc="17" el="48" ec="18" bec="0" bev="0" fileid="1" />
                <SequencePoint vc="0" uspid="31" ordinal="18" offset="262" sl="50" sc="17" el="50" ec="18" bec="0" bev="0" fileid="1" />
                <SequencePoint vc="0" uspid="32" ordinal="19" offset="263" sl="51" sc="21" el="51" ec="51" bec="0" bev="0" fileid="1" />
                <SequencePoint vc="0" uspid="33" ordinal="20" offset="281" sl="52" sc="17" el="52" ec="18" bec="0" bev="0" fileid="1" />
                <SequencePoint vc="0" uspid="34" ordinal="21" offset="282" sl="53" sc="17" el="53" ec="32" bec="0" bev="0" fileid="1" />
                <SequencePoint vc="0" uspid="35" ordinal="22" offset="296" sl="55" sc="13" el="55" ec="14" bec="0" bev="0" fileid="1" />
                <SequencePoint vc="0" uspid="36" ordinal="23" offset="297" sl="35" sc="45" el="35" ec="48" bec="0" bev="0" fileid="1" />
                <SequencePoint vc="0" uspid="37" ordinal="24" offset="301" sl="35" sc="28" el="35" ec="44" bec="2" bev="0" fileid="1" />
                <SequencePoint vc="0" uspid="38" ordinal="25" offset="324" sl="56" sc="13" el="56" ec="23" bec="0" bev="0" fileid="1" />
                <SequencePoint vc="0" uspid="39" ordinal="26" offset="329" sl="60" sc="9" el="60" ec="10" bec="0" bev="0" fileid="1" />
              </SequencePoints>
              <BranchPoints>
                <BranchPoint vc="0" uspid="40" ordinal="0" offset="238" sl="42" path="0" offsetend="240" fileid="1" />
                <BranchPoint vc="0" uspid="41" ordinal="1" offset="238" sl="42" path="1" offsetend="262" fileid="1" />
                <BranchPoint vc="0" uspid="42" ordinal="2" offset="319" sl="35" path="0" offsetend="324" fileid="1" />
                <BranchPoint vc="0" uspid="43" ordinal="3" offset="319" sl="35" path="1" offsetend="133" fileid="1" />
              </BranchPoints>
              <MethodPoint xsi:type="SequencePoint" vc="0" uspid="13" ordinal="0" offset="0" sl="25" sc="9" el="25" ec="10" bec="0" bev="0" fileid="1" />
            </Method>
            <Method visited="false" cyclomaticComplexity="5" nPathComplexity="8" sequenceCoverage="0" branchCoverage="0" crapScore="30" isConstructor="false" isStatic="true" isGetter="false" isSetter="false">
              <Summary numSequencePoints="22" visitedSequencePoints="0" numBranchPoints="7" visitedBranchPoints="0" sequenceCoverage="0" branchCoverage="0" maxCyclomaticComplexity="5" minCyclomaticComplexity="5" maxCrapScore="30" minCrapScore="30" visitedClasses="0" numClasses="0" visitedMethods="0" numMethods="1" />
              <MetadataToken>100663300</MetadataToken>
              <Name>System.Boolean BLL.AccountBLL::xuLyThemAccount(System.String,System.String,System.String&amp;)</Name>
              <FileRef uid="1" />
              <SequencePoints>
                <SequencePoint vc="0" uspid="44" ordinal="0" offset="0" sl="62" sc="9" el="62" ec="10" bec="0" bev="0" fileid="1" />
                <SequencePoint vc="0" uspid="45" ordinal="1" offset="1" sl="63" sc="13" el="63" ec="35" bec="2" bev="0" fileid="1" />
                <SequencePoint vc="0" uspid="46" ordinal="2" offset="16" sl="64" sc="13" el="64" ec="14" bec="0" bev="0" fileid="1" />
                <SequencePoint vc="0" uspid="47" ordinal="3" offset="17" sl="65" sc="17" el="65" ec="47" bec="0" bev="0" fileid="1" />
                <SequencePoint vc="0" uspid="48" ordinal="4" offset="24" sl="66" sc="17" el="66" ec="30" bec="0" bev="0" fileid="1" />
                <SequencePoint vc="0" uspid="49" ordinal="5" offset="28" sl="70" sc="13" el="70" ec="32" bec="2" bev="0" fileid="1" />
                <SequencePoint vc="0" uspid="50" ordinal="6" offset="43" sl="71" sc="13" el="71" ec="14" bec="0" bev="0" fileid="1" />
                <SequencePoint vc="0" uspid="51" ordinal="7" offset="44" sl="72" sc="17" el="72" ec="43" bec="0" bev="0" fileid="1" />
                <SequencePoint vc="0" uspid="52" ordinal="8" offset="51" sl="73" sc="17" el="73" ec="30" bec="0" bev="0" fileid="1" />
                <SequencePoint vc="0" uspid="53" ordinal="9" offset="55" sl="75" sc="13" el="75" ec="49" bec="0" bev="0" fileid="1" />
                <SequencePoint vc="0" uspid="54" ordinal="10" offset="61" sl="77" sc="13" el="77" ec="20" bec="0" bev="0" fileid="1" />
                <SequencePoint vc="0" uspid="55" ordinal="11" offset="62" sl="77" sc="34" el="77" ec="35" bec="0" bev="0" fileid="1" />
                <SequencePoint vc="0" uspid="56" ordinal="12" offset="72" sl="77" sc="22" el="77" ec="30" bec="0" bev="0" fileid="1" />
                <SequencePoint vc="0" uspid="57" ordinal="13" offset="81" sl="78" sc="13" el="78" ec="14" bec="0" bev="0" fileid="1" />
                <SequencePoint vc="0" uspid="58" ordinal="14" offset="82" sl="79" sc="17" el="79" ec="35" bec="2" bev="0" fileid="1" />
                <SequencePoint vc="0" uspid="59" ordinal="15" offset="96" sl="80" sc="17" el="80" ec="18" bec="0" bev="0" fileid="1" />
                <SequencePoint vc="0" uspid="60" ordinal="16" offset="97" sl="81" sc="21" el="81" ec="64" bec="0" bev="0" fileid="1" />
                <SequencePoint vc="0" uspid="61" ordinal="17" offset="104" sl="82" sc="21" el="82" ec="34" bec="0" bev="0" fileid="1" />
                <SequencePoint vc="0" uspid="62" ordinal="18" offset="108" sl="85" sc="13" el="85" ec="14" bec="0" bev="0" fileid="1" />
                <SequencePoint vc="0" uspid="63" ordinal="19" offset="109" sl="77" sc="31" el="77" ec="33" bec="0" bev="0" fileid="1" />
                <SequencePoint vc="0" uspid="64" ordinal="20" offset="135" sl="90" sc="13" el="90" ec="25" bec="0" bev="0" fileid="1" />
                <SequencePoint vc="0" uspid="65" ordinal="21" offset="139" sl="91" sc="9" el="91" ec="10" bec="0" bev="0" fileid="1" />
              </SequencePoints>
              <BranchPoints>
                <BranchPoint vc="0" uspid="66" ordinal="0" offset="14" sl="63" path="0" offsetend="16" fileid="1" />
                <BranchPoint vc="0" uspid="67" ordinal="1" offset="14" sl="63" path="1" offsetend="28" fileid="1" />
                <BranchPoint vc="0" uspid="68" ordinal="2" offset="41" sl="70" path="0" offsetend="43" fileid="1" />
                <BranchPoint vc="0" uspid="69" ordinal="3" offset="41" sl="70" path="1" offsetend="55" fileid="1" />
                <BranchPoint vc="0" uspid="70" ordinal="4" offset="94" sl="79" path="0" offsetend="96" fileid="1" />
                <BranchPoint vc="0" uspid="71" ordinal="5" offset="94" sl="79" path="1" offsetend="108" fileid="1" />
              </BranchPoints>
              <MethodPoint xsi:type="SequencePoint" vc="0" uspid="44" ordinal="0" offset="0" sl="62" sc="9" el="62" ec="10" bec="0" bev="0" fileid="1" />
            </Method>
            <Method visited="false" cyclomaticComplexity="1" nPathComplexity="0" sequenceCoverage="0" branchCoverage="0" crapScore="2" isConstructor="false" isStatic="true" isGetter="false" isSetter="false">
              <Summary numSequencePoints="3" visitedSequencePoints="0" numBranchPoints="1" visitedBranchPoints="0" sequenceCoverage="0" branchCoverage="0" maxCyclomaticComplexity="1" minCyclomaticComplexity="1" maxCrapScore="2" minCrapScore="2" visitedClasses="0" numClasses="0" visitedMethods="0" numMethods="1" />
              <MetadataToken>100663301</MetadataToken>
              <Name>System.Collections.Generic.List`1&lt;System.String&gt; BLL.AccountBLL::danhSachUserName()</Name>
              <FileRef uid="1" />
              <SequencePoints>
                <SequencePoint vc="0" uspid="74" ordinal="0" offset="0" sl="94" sc="9" el="94" ec="10" bec="0" bev="0" fileid="1" />
                <SequencePoint vc="0" uspid="75" ordinal="1" offset="1" sl="95" sc="13" el="95" ec="48" bec="0" bev="0" fileid="1" />
                <SequencePoint vc="0" uspid="76" ordinal="2" offset="9" sl="98" sc="9" el="98" ec="10" bec="0" bev="0" fileid="1" />
              </SequencePoints>
              <BranchPoints />
              <MethodPoint xsi:type="SequencePoint" vc="0" uspid="74" ordinal="0" offset="0" sl="94" sc="9" el="94" ec="10" bec="0" bev="0" fileid="1" />
            </Method>
            <Method visited="false" cyclomaticComplexity="1" nPathComplexity="0" sequenceCoverage="0" branchCoverage="0" crapScore="2" isConstructor="false" isStatic="false" isGetter="false" isSetter="false">
              <Summary numSequencePoints="3" visitedSequencePoints="0" numBranchPoints="1" visitedBranchPoints="0" sequenceCoverage="0" branchCoverage="0" maxCyclomaticComplexity="1" minCyclomaticComplexity="1" maxCrapScore="2" minCrapScore="2" visitedClasses="0" numClasses="0" visitedMethods="0" numMethods="1" />
              <MetadataToken>100663302</MetadataToken>
              <Name>System.Boolean BLL.AccountBLL::themRow(DTO.Account)</Name>
              <FileRef uid="1" />
              <SequencePoints>
                <SequencePoint vc="0" uspid="77" ordinal="0" offset="0" sl="100" sc="9" el="100" ec="10" bec="0" bev="0" fileid="1" />
                <SequencePoint vc="0" uspid="78" ordinal="1" offset="1" sl="101" sc="13" el="101" ec="40" bec="0" bev="0" fileid="1" />
                <SequencePoint vc="0" uspid="79" ordinal="2" offset="10" sl="102" sc="9" el="102" ec="10" bec="0" bev="0" fileid="1" />
              </SequencePoints>
              <BranchPoints />
              <MethodPoint xsi:type="SequencePoint" vc="0" uspid="77" ordinal="0" offset="0" sl="100" sc="9" el="100" ec="10" bec="0" bev="0" fileid="1" />
            </Method>
            <Method visited="false" cyclomaticComplexity="1" nPathComplexity="0" sequenceCoverage="0" branchCoverage="0" crapScore="2" isConstructor="false" isStatic="true" isGetter="false" isSetter="false">
              <Summary numSequencePoints="3" visitedSequencePoints="0" numBranchPoints="1" visitedBranchPoints="0" sequenceCoverage="0" branchCoverage="0" maxCyclomaticComplexity="1" minCyclomaticComplexity="1" maxCrapScore="2" minCrapScore="2" visitedClasses="0" numClasses="0" visitedMethods="0" numMethods="1" />
              <MetadataToken>100663303</MetadataToken>
              <Name>System.Boolean BLL.AccountBLL::xoaRow(System.Int32)</Name>
              <FileRef uid="1" />
              <SequencePoints>
                <SequencePoint vc="0" uspid="80" ordinal="0" offset="0" sl="104" sc="9" el="104" ec="10" bec="0" bev="0" fileid="1" />
                <SequencePoint vc="0" uspid="81" ordinal="1" offset="1" sl="106" sc="13" el="106" ec="40" bec="0" bev="0" fileid="1" />
                <SequencePoint vc="0" uspid="82" ordinal="2" offset="10" sl="108" sc="9" el="108" ec="10" bec="0" bev="0" fileid="1" />
              </SequencePoints>
              <BranchPoints />
              <MethodPoint xsi:type="SequencePoint" vc="0" uspid="80" ordinal="0" offset="0" sl="104" sc="9" el="104" ec="10" bec="0" bev="0" fileid="1" />
            </Method>
            <Method visited="false" cyclomaticComplexity="6" nPathComplexity="16" sequenceCoverage="0" branchCoverage="0" crapScore="42" isConstructor="false" isStatic="true" isGetter="false" isSetter="false">
              <Summary numSequencePoints="26" visitedSequencePoints="0" numBranchPoints="9" visitedBranchPoints="0" sequenceCoverage="0" branchCoverage="0" maxCyclomaticComplexity="6" minCyclomaticComplexity="6" maxCrapScore="42" minCrapScore="42" visitedClasses="0" numClasses="0" visitedMethods="0" numMethods="1" />
              <MetadataToken>100663304</MetadataToken>
              <Name>System.Boolean BLL.AccountBLL::xuLyChinhSuaAccount(System.Int32,System.String,System.String,System.String&amp;)</Name>
              <FileRef uid="1" />
              <SequencePoints>
                <SequencePoint vc="0" uspid="83" ordinal="0" offset="0" sl="110" sc="9" el="110" ec="10" bec="0" bev="0" fileid="1" />
                <SequencePoint vc="0" uspid="84" ordinal="1" offset="1" sl="112" sc="13" el="112" ec="32" bec="2" bev="0" fileid="1" />
                <SequencePoint vc="0" uspid="85" ordinal="2" offset="16" sl="113" sc="13" el="113" ec="14" bec="0" bev="0" fileid="1" />
                <SequencePoint vc="0" uspid="86" ordinal="3" offset="17" sl="114" sc="17" el="114" ec="43" bec="0" bev="0" fileid="1" />
                <SequencePoint vc="0" uspid="87" ordinal="4" offset="24" sl="115" sc="17" el="115" ec="30" bec="0" bev="0" fileid="1" />
                <SequencePoint vc="0" uspid="88" ordinal="5" offset="31" sl="117" sc="13" el="117" ec="49" bec="0" bev="0" fileid="1" />
                <SequencePoint vc="0" uspid="89" ordinal="6" offset="37" sl="119" sc="13" el="119" ec="65" bec="0" bev="0" fileid="1" />
                <SequencePoint vc="0" uspid="90" ordinal="7" offset="44" sl="120" sc="13" el="120" ec="36" bec="2" bev="0" fileid="1" />
                <SequencePoint vc="0" uspid="91" ordinal="8" offset="57" sl="121" sc="13" el="121" ec="14" bec="0" bev="0" fileid="1" />
                <SequencePoint vc="0" uspid="92" ordinal="9" offset="58" sl="123" sc="17" el="123" ec="24" bec="0" bev="0" fileid="1" />
                <SequencePoint vc="0" uspid="93" ordinal="10" offset="59" sl="123" sc="38" el="123" ec="39" bec="0" bev="0" fileid="1" />
                <SequencePoint vc="0" uspid="94" ordinal="11" offset="69" sl="123" sc="26" el="123" ec="34" bec="0" bev="0" fileid="1" />
                <SequencePoint vc="0" uspid="95" ordinal="12" offset="78" sl="124" sc="17" el="124" ec="18" bec="0" bev="0" fileid="1" />
                <SequencePoint vc="0" uspid="96" ordinal="13" offset="79" sl="125" sc="21" el="125" ec="39" bec="2" bev="0" fileid="1" />
                <SequencePoint vc="0" uspid="97" ordinal="14" offset="93" sl="126" sc="21" el="126" ec="22" bec="0" bev="0" fileid="1" />
                <SequencePoint vc="0" uspid="98" ordinal="15" offset="94" sl="127" sc="25" el="127" ec="72" bec="0" bev="0" fileid="1" />
                <SequencePoint vc="0" uspid="99" ordinal="16" offset="101" sl="128" sc="25" el="128" ec="38" bec="0" bev="0" fileid="1" />
                <SequencePoint vc="0" uspid="100" ordinal="17" offset="105" sl="131" sc="17" el="131" ec="18" bec="0" bev="0" fileid="1" />
                <SequencePoint vc="0" uspid="101" ordinal="18" offset="106" sl="123" sc="35" el="123" ec="37" bec="0" bev="0" fileid="1" />
                <SequencePoint vc="0" uspid="102" ordinal="19" offset="132" sl="132" sc="13" el="132" ec="14" bec="0" bev="0" fileid="1" />
                <SequencePoint vc="0" uspid="103" ordinal="20" offset="133" sl="133" sc="13" el="133" ec="35" bec="2" bev="0" fileid="1" />
                <SequencePoint vc="0" uspid="104" ordinal="21" offset="150" sl="134" sc="13" el="134" ec="14" bec="0" bev="0" fileid="1" />
                <SequencePoint vc="0" uspid="105" ordinal="22" offset="151" sl="135" sc="17" el="135" ec="47" bec="0" bev="0" fileid="1" />
                <SequencePoint vc="0" uspid="106" ordinal="23" offset="158" sl="136" sc="17" el="136" ec="30" bec="0" bev="0" fileid="1" />
                <SequencePoint vc="0" uspid="107" ordinal="24" offset="162" sl="138" sc="13" el="138" ec="25" bec="0" bev="0" fileid="1" />
                <SequencePoint vc="0" uspid="108" ordinal="25" offset="166" sl="139" sc="9" el="139" ec="10" bec="0" bev="0" fileid="1" />
              </SequencePoints>
              <BranchPoints>
                <BranchPoint vc="0" uspid="109" ordinal="0" offset="14" sl="112" path="0" offsetend="16" fileid="1" />
                <BranchPoint vc="0" uspid="110" ordinal="1" offset="14" sl="112" path="1" offsetend="31" fileid="1" />
                <BranchPoint vc="0" uspid="111" ordinal="2" offset="55" sl="120" path="0" offsetend="57" fileid="1" />
                <BranchPoint vc="0" uspid="112" ordinal="3" offset="55" sl="120" path="1" offsetend="133" fileid="1" />
                <BranchPoint vc="0" uspid="113" ordinal="4" offset="91" sl="125" path="0" offsetend="93" fileid="1" />
                <BranchPoint vc="0" uspid="114" ordinal="5" offset="91" sl="125" path="1" offsetend="105" fileid="1" />
                <BranchPoint vc="0" uspid="117" ordinal="8" offset="148" sl="133" path="0" offsetend="150" fileid="1" />
                <BranchPoint vc="0" uspid="118" ordinal="9" offset="148" sl="133" path="1" offsetend="162" fileid="1" />
              </BranchPoints>
              <MethodPoint xsi:type="SequencePoint" vc="0" uspid="83" ordinal="0" offset="0" sl="110" sc="9" el="110" ec="10" bec="0" bev="0" fileid="1" />
            </Method>
            <Method visited="false" cyclomaticComplexity="1" nPathComplexity="0" sequenceCoverage="0" branchCoverage="0" crapScore="2" isConstructor="false" isStatic="true" isGetter="false" isSetter="false">
              <Summary numSequencePoints="3" visitedSequencePoints="0" numBranchPoints="1" visitedBranchPoints="0" sequenceCoverage="0" branchCoverage="0" maxCyclomaticComplexity="1" minCyclomaticComplexity="1" maxCrapScore="2" minCrapScore="2" visitedClasses="0" numClasses="0" visitedMethods="0" numMethods="1" />
              <MetadataToken>100663305</MetadataToken>
              <Name>System.Boolean BLL.AccountBLL::chinhSuaRow(DTO.Account)</Name>
              <FileRef uid="1" />
              <SequencePoints>
                <SequencePoint vc="0" uspid="119" ordinal="0" offset="0" sl="141" sc="9" el="141" ec="10" bec="0" bev="0" fileid="1" />
                <SequencePoint vc="0" uspid="120" ordinal="1" offset="1" sl="142" sc="13" el="142" ec="44" bec="0" bev="0" fileid="1" />
                <SequencePoint vc="0" uspid="121" ordinal="2" offset="10" sl="144" sc="9" el="144" ec="10" bec="0" bev="0" fileid="1" />
              </SequencePoints>
              <BranchPoints />
              <MethodPoint xsi:type="SequencePoint" vc="0" uspid="119" ordinal="0" offset="0" sl="141" sc="9" el="141" ec="10" bec="0" bev="0" fileid="1" />
            </Method>
            <Method visited="false" cyclomaticComplexity="1" nPathComplexity="0" sequenceCoverage="0" branchCoverage="0" crapScore="2" isConstructor="false" isStatic="true" isGetter="false" isSetter="false">
              <Summary numSequencePoints="3" visitedSequencePoints="0" numBranchPoints="1" visitedBranchPoints="0" sequenceCoverage="0" branchCoverage="0" maxCyclomaticComplexity="1" minCyclomaticComplexity="1" maxCrapScore="2" minCrapScore="2" visitedClasses="0" numClasses="0" visitedMethods="0" numMethods="1" />
              <MetadataToken>100663306</MetadataToken>
              <Name>System.Data.DataTable BLL.AccountBLL::TimKiemTaiKhoan(System.String)</Name>
              <FileRef uid="1" />
              <SequencePoints>
                <SequencePoint vc="0" uspid="122" ordinal="0" offset="0" sl="146" sc="9" el="146" ec="10" bec="0" bev="0" fileid="1" />
                <SequencePoint vc="0" uspid="123" ordinal="1" offset="1" sl="148" sc="12" el="148" ec="51" bec="0" bev="0" fileid="1" />
                <SequencePoint vc="0" uspid="124" ordinal="2" offset="10" sl="150" sc="9" el="150" ec="10" bec="0" bev="0" fileid="1" />
              </SequencePoints>
              <BranchPoints />
              <MethodPoint xsi:type="SequencePoint" vc="0" uspid="122" ordinal="0" offset="0" sl="146" sc="9" el="146" ec="10" bec="0" bev="0" fileid="1" />
            </Method>
            <Method visited="false" cyclomaticComplexity="1" nPathComplexity="0" sequenceCoverage="0" branchCoverage="0" crapScore="2" isConstructor="false" isStatic="true" isGetter="false" isSetter="false">
              <Summary numSequencePoints="3" visitedSequencePoints="0" numBranchPoints="1" visitedBranchPoints="0" sequenceCoverage="0" branchCoverage="0" maxCyclomaticComplexity="1" minCyclomaticComplexity="1" maxCrapScore="2" minCrapScore="2" visitedClasses="0" numClasses="0" visitedMethods="0" numMethods="1" />
              <MetadataToken>100663307</MetadataToken>
              <Name>System.Boolean BLL.AccountBLL::ktCurPass(System.String,System.String)</Name>
              <FileRef uid="1" />
              <SequencePoints>
                <SequencePoint vc="0" uspid="125" ordinal="0" offset="0" sl="152" sc="9" el="152" ec="10" bec="0" bev="0" fileid="1" />
                <SequencePoint vc="0" uspid="126" ordinal="1" offset="1" sl="153" sc="12" el="153" ec="59" bec="0" bev="0" fileid="1" />
                <SequencePoint vc="0" uspid="127" ordinal="2" offset="11" sl="154" sc="9" el="154" ec="10" bec="0" bev="0" fileid="1" />
              </SequencePoints>
              <BranchPoints />
              <MethodPoint xsi:type="SequencePoint" vc="0" uspid="125" ordinal="0" offset="0" sl="152" sc="9" el="152" ec="10" bec="0" bev="0" fileid="1" />
            </Method>
            <Method visited="false" cyclomaticComplexity="1" nPathComplexity="0" sequenceCoverage="0" branchCoverage="0" crapScore="2" isConstructor="false" isStatic="true" isGetter="false" isSetter="false">
              <Summary numSequencePoints="3" visitedSequencePoints="0" numBranchPoints="1" visitedBranchPoints="0" sequenceCoverage="0" branchCoverage="0" maxCyclomaticComplexity="1" minCyclomaticComplexity="1" maxCrapScore="2" minCrapScore="2" visitedClasses="0" numClasses="0" visitedMethods="0" numMethods="1" />
              <MetadataToken>100663308</MetadataToken>
              <Name>System.Boolean BLL.AccountBLL::DoiPassword(System.String,System.String)</Name>
              <FileRef uid="1" />
              <SequencePoints>
                <SequencePoint vc="0" uspid="128" ordinal="0" offset="0" sl="156" sc="9" el="156" ec="10" bec="0" bev="0" fileid="1" />
                <SequencePoint vc="0" uspid="129" ordinal="1" offset="1" sl="158" sc="13" el="158" ec="61" bec="0" bev="0" fileid="1" />
                <SequencePoint vc="0" uspid="130" ordinal="2" offset="11" sl="161" sc="9" el="161" ec="10" bec="0" bev="0" fileid="1" />
              </SequencePoints>
              <BranchPoints />
              <MethodPoint xsi:type="SequencePoint" vc="0" uspid="128" ordinal="0" offset="0" sl="156" sc="9" el="156" ec="10" bec="0" bev="0" fileid="1" />
            </Method>
            <Method visited="false" cyclomaticComplexity="1" nPathComplexity="0" sequenceCoverage="0" branchCoverage="0" crapScore="2" isConstructor="true" isStatic="false" isGetter="false" isSetter="false">
              <Summary numSequencePoints="0" visitedSequencePoints="0" numBranchPoints="0" visitedBranchPoints="0" sequenceCoverage="0" branchCoverage="0" maxCyclomaticComplexity="1" minCyclomaticComplexity="1" maxCrapScore="2" minCrapScore="2" visitedClasses="0" numClasses="0" visitedMethods="0" numMethods="0" />
              <MetadataToken>100663309</MetadataToken>
              <Name>System.Void BLL.AccountBLL::.ctor()</Name>
              <SequencePoints />
              <BranchPoints />
              <MethodPoint vc="0" uspid="131" ordinal="0" offset="0" />
            </Method>
          </Methods>
        </Class>
        <Class>
          <Summary numSequencePoints="33" visitedSequencePoints="0" numBranchPoints="11" visitedBranchPoints="0" sequenceCoverage="0" branchCoverage="0" maxCyclomaticComplexity="1" minCyclomaticComplexity="1" maxCrapScore="2" minCrapScore="2" visitedClasses="0" numClasses="1" visitedMethods="0" numMethods="11" />
          <FullName>BLL.BillBLL</FullName>
          <Methods>
            <Method visited="false" cyclomaticComplexity="1" nPathComplexity="0" sequenceCoverage="0" branchCoverage="0" crapScore="2" isConstructor="false" isStatic="false" isGetter="false" isSetter="false">
              <Summary numSequencePoints="3" visitedSequencePoints="0" numBranchPoints="1" visitedBranchPoints="0" sequenceCoverage="0" branchCoverage="0" maxCyclomaticComplexity="1" minCyclomaticComplexity="1" maxCrapScore="2" minCrapScore="2" visitedClasses="0" numClasses="0" visitedMethods="0" numMethods="1" />
              <MetadataToken>100663310</MetadataToken>
              <Name>System.Boolean BLL.BillBLL::thucHienCheckOut(System.Int32)</Name>
              <FileRef uid="2" />
              <SequencePoints>
                <SequencePoint vc="0" uspid="132" ordinal="0" offset="0" sl="14" sc="9" el="14" ec="10" bec="0" bev="0" fileid="2" />
                <SequencePoint vc="0" uspid="133" ordinal="1" offset="1" sl="15" sc="13" el="15" ec="61" bec="0" bev="0" fileid="2" />
                <SequencePoint vc="0" uspid="134" ordinal="2" offset="15" sl="16" sc="9" el="16" ec="10" bec="0" bev="0" fileid="2" />
              </SequencePoints>
              <BranchPoints />
              <MethodPoint xsi:type="SequencePoint" vc="0" uspid="132" ordinal="0" offset="0" sl="14" sc="9" el="14" ec="10" bec="0" bev="0" fileid="2" />
            </Method>
            <Method visited="false" cyclomaticComplexity="1" nPathComplexity="0" sequenceCoverage="0" branchCoverage="0" crapScore="2" isConstructor="false" isStatic="false" isGetter="false" isSetter="false">
              <Summary numSequencePoints="3" visitedSequencePoints="0" numBranchPoints="1" visitedBranchPoints="0" sequenceCoverage="0" branchCoverage="0" maxCyclomaticComplexity="1" minCyclomaticComplexity="1" maxCrapScore="2" minCrapScore="2" visitedClasses="0" numClasses="0" visitedMethods="0" numMethods="1" />
              <MetadataToken>100663311</MetadataToken>
              <Name>System.Int32 BLL.BillBLL::getIdBillByIdTable(System.Int32)</Name>
              <FileRef uid="2" />
              <SequencePoints>
                <SequencePoint vc="0" uspid="135" ordinal="0" offset="0" sl="18" sc="9" el="18" ec="10" bec="0" bev="0" fileid="2" />
                <SequencePoint vc="0" uspid="136" ordinal="1" offset="1" sl="20" sc="13" el="20" ec="68" bec="0" bev="0" fileid="2" />
                <SequencePoint vc="0" uspid="137" ordinal="2" offset="15" sl="22" sc="9" el="22" ec="10" bec="0" bev="0" fileid="2" />
              </SequencePoints>
              <BranchPoints />
              <MethodPoint xsi:type="SequencePoint" vc="0" uspid="135" ordinal="0" offset="0" sl="18" sc="9" el="18" ec="10" bec="0" bev="0" fileid="2" />
            </Method>
            <Method visited="false" cyclomaticComplexity="1" nPathComplexity="0" sequenceCoverage="0" branchCoverage="0" crapScore="2" isConstructor="false" isStatic="false" isGetter="false" isSetter="false">
              <Summary numSequencePoints="3" visitedSequencePoints="0" numBranchPoints="1" visitedBranchPoints="0" sequenceCoverage="0" branchCoverage="0" maxCyclomaticComplexity="1" minCyclomaticComplexity="1" maxCrapScore="2" minCrapScore="2" visitedClasses="0" numClasses="0" visitedMethods="0" numMethods="1" />
              <MetadataToken>100663312</MetadataToken>
              <Name>System.Boolean BLL.BillBLL::themBill(System.Int32)</Name>
              <FileRef uid="2" />
              <SequencePoints>
                <SequencePoint vc="0" uspid="138" ordinal="0" offset="0" sl="24" sc="9" el="24" ec="10" bec="0" bev="0" fileid="2" />
                <SequencePoint vc="0" uspid="139" ordinal="1" offset="1" sl="25" sc="13" el="25" ec="53" bec="0" bev="0" fileid="2" />
                <SequencePoint vc="0" uspid="140" ordinal="2" offset="15" sl="26" sc="9" el="26" ec="10" bec="0" bev="0" fileid="2" />
              </SequencePoints>
              <BranchPoints />
              <MethodPoint xsi:type="SequencePoint" vc="0" uspid="138" ordinal="0" offset="0" sl="24" sc="9" el="24" ec="10" bec="0" bev="0" fileid="2" />
            </Method>
            <Method visited="false" cyclomaticComplexity="1" nPathComplexity="0" sequenceCoverage="0" branchCoverage="0" crapScore="2" isConstructor="false" isStatic="false" isGetter="false" isSetter="false">
              <Summary numSequencePoints="3" visitedSequencePoints="0" numBranchPoints="1" visitedBranchPoints="0" sequenceCoverage="0" branchCoverage="0" maxCyclomaticComplexity="1" minCyclomaticComplexity="1" maxCrapScore="2" minCrapScore="2" visitedClasses="0" numClasses="0" visitedMethods="0" numMethods="1" />
              <MetadataToken>100663313</MetadataToken>
              <Name>System.Boolean BLL.BillBLL::ChuyenBan(System.Int32,System.Int32)</Name>
              <FileRef uid="2" />
              <SequencePoints>
                <SequencePoint vc="0" uspid="141" ordinal="0" offset="0" sl="28" sc="9" el="28" ec="10" bec="0" bev="0" fileid="2" />
                <SequencePoint vc="0" uspid="142" ordinal="1" offset="1" sl="29" sc="13" el="29" ec="64" bec="0" bev="0" fileid="2" />
                <SequencePoint vc="0" uspid="143" ordinal="2" offset="16" sl="31" sc="9" el="31" ec="10" bec="0" bev="0" fileid="2" />
              </SequencePoints>
              <BranchPoints />
              <MethodPoint xsi:type="SequencePoint" vc="0" uspid="141" ordinal="0" offset="0" sl="28" sc="9" el="28" ec="10" bec="0" bev="0" fileid="2" />
            </Method>
            <Method visited="false" cyclomaticComplexity="1" nPathComplexity="0" sequenceCoverage="0" branchCoverage="0" crapScore="2" isConstructor="false" isStatic="true" isGetter="false" isSetter="false">
              <Summary numSequencePoints="3" visitedSequencePoints="0" numBranchPoints="1" visitedBranchPoints="0" sequenceCoverage="0" branchCoverage="0" maxCyclomaticComplexity="1" minCyclomaticComplexity="1" maxCrapScore="2" minCrapScore="2" visitedClasses="0" numClasses="0" visitedMethods="0" numMethods="1" />
              <MetadataToken>100663314</MetadataToken>
              <Name>System.Data.DataTable BLL.BillBLL::HienThiDoanhThu(System.Int32,System.DateTime,System.DateTime)</Name>
              <FileRef uid="2" />
              <SequencePoints>
                <SequencePoint vc="0" uspid="144" ordinal="0" offset="0" sl="33" sc="9" el="33" ec="10" bec="0" bev="0" fileid="2" />
                <SequencePoint vc="0" uspid="145" ordinal="1" offset="1" sl="34" sc="13" el="34" ec="78" bec="0" bev="0" fileid="2" />
                <SequencePoint vc="0" uspid="146" ordinal="2" offset="17" sl="36" sc="9" el="36" ec="10" bec="0" bev="0" fileid="2" />
              </SequencePoints>
              <BranchPoints />
              <MethodPoint xsi:type="SequencePoint" vc="0" uspid="144" ordinal="0" offset="0" sl="33" sc="9" el="33" ec="10" bec="0" bev="0" fileid="2" />
            </Method>
            <Method visited="false" cyclomaticComplexity="1" nPathComplexity="0" sequenceCoverage="0" branchCoverage="0" crapScore="2" isConstructor="false" isStatic="false" isGetter="false" isSetter="false">
              <Summary numSequencePoints="3" visitedSequencePoints="0" numBranchPoints="1" visitedBranchPoints="0" sequenceCoverage="0" branchCoverage="0" maxCyclomaticComplexity="1" minCyclomaticComplexity="1" maxCrapScore="2" minCrapScore="2" visitedClasses="0" numClasses="0" visitedMethods="0" numMethods="1" />
              <MetadataToken>100663315</MetadataToken>
              <Name>System.Boolean BLL.BillBLL::capNhatDiscount(System.Int32,System.Decimal)</Name>
              <FileRef uid="2" />
              <SequencePoints>
                <SequencePoint vc="0" uspid="147" ordinal="0" offset="0" sl="38" sc="9" el="38" ec="10" bec="0" bev="0" fileid="2" />
                <SequencePoint vc="0" uspid="148" ordinal="1" offset="1" sl="39" sc="13" el="39" ec="70" bec="0" bev="0" fileid="2" />
                <SequencePoint vc="0" uspid="149" ordinal="2" offset="16" sl="40" sc="9" el="40" ec="10" bec="0" bev="0" fileid="2" />
              </SequencePoints>
              <BranchPoints />
              <MethodPoint xsi:type="SequencePoint" vc="0" uspid="147" ordinal="0" offset="0" sl="38" sc="9" el="38" ec="10" bec="0" bev="0" fileid="2" />
            </Method>
            <Method visited="false" cyclomaticComplexity="1" nPathComplexity="0" sequenceCoverage="0" branchCoverage="0" crapScore="2" isConstructor="false" isStatic="false" isGetter="false" isSetter="false">
              <Summary numSequencePoints="3" visitedSequencePoints="0" numBranchPoints="1" visitedBranchPoints="0" sequenceCoverage="0" branchCoverage="0" maxCyclomaticComplexity="1" minCyclomaticComplexity="1" maxCrapScore="2" minCrapScore="2" visitedClasses="0" numClasses="0" visitedMethods="0" numMethods="1" />
              <MetadataToken>100663316</MetadataToken>
              <Name>System.Int32 BLL.BillBLL::getDiscount(System.Int32)</Name>
              <FileRef uid="2" />
              <SequencePoints>
                <SequencePoint vc="0" uspid="150" ordinal="0" offset="0" sl="42" sc="9" el="42" ec="10" bec="0" bev="0" fileid="2" />
                <SequencePoint vc="0" uspid="151" ordinal="1" offset="1" sl="43" sc="13" el="43" ec="57" bec="0" bev="0" fileid="2" />
                <SequencePoint vc="0" uspid="152" ordinal="2" offset="15" sl="44" sc="9" el="44" ec="10" bec="0" bev="0" fileid="2" />
              </SequencePoints>
              <BranchPoints />
              <MethodPoint xsi:type="SequencePoint" vc="0" uspid="150" ordinal="0" offset="0" sl="42" sc="9" el="42" ec="10" bec="0" bev="0" fileid="2" />
            </Method>
            <Method visited="false" cyclomaticComplexity="1" nPathComplexity="0" sequenceCoverage="0" branchCoverage="0" crapScore="2" isConstructor="false" isStatic="false" isGetter="false" isSetter="false">
              <Summary numSequencePoints="3" visitedSequencePoints="0" numBranchPoints="1" visitedBranchPoints="0" sequenceCoverage="0" branchCoverage="0" maxCyclomaticComplexity="1" minCyclomaticComplexity="1" maxCrapScore="2" minCrapScore="2" visitedClasses="0" numClasses="0" visitedMethods="0" numMethods="1" />
              <MetadataToken>100663317</MetadataToken>
              <Name>System.Boolean BLL.BillBLL::huyBill(System.Int32)</Name>
              <FileRef uid="2" />
              <SequencePoints>
                <SequencePoint vc="0" uspid="153" ordinal="0" offset="0" sl="46" sc="9" el="46" ec="10" bec="0" bev="0" fileid="2" />
                <SequencePoint vc="0" uspid="154" ordinal="1" offset="1" sl="47" sc="13" el="47" ec="53" bec="0" bev="0" fileid="2" />
                <SequencePoint vc="0" uspid="155" ordinal="2" offset="15" sl="48" sc="9" el="48" ec="10" bec="0" bev="0" fileid="2" />
              </SequencePoints>
              <BranchPoints />
              <MethodPoint xsi:type="SequencePoint" vc="0" uspid="153" ordinal="0" offset="0" sl="46" sc="9" el="46" ec="10" bec="0" bev="0" fileid="2" />
            </Method>
            <Method visited="false" cyclomaticComplexity="1" nPathComplexity="0" sequenceCoverage="0" branchCoverage="0" crapScore="2" isConstructor="false" isStatic="true" isGetter="false" isSetter="false">
              <Summary numSequencePoints="3" visitedSequencePoints="0" numBranchPoints="1" visitedBranchPoints="0" sequenceCoverage="0" branchCoverage="0" maxCyclomaticComplexity="1" minCyclomaticComplexity="1" maxCrapScore="2" minCrapScore="2" visitedClasses="0" numClasses="0" visitedMethods="0" numMethods="1" />
              <MetadataToken>100663318</MetadataToken>
              <Name>System.Int32 BLL.BillBLL::getSizeOfBill(System.DateTime,System.DateTime)</Name>
              <FileRef uid="2" />
              <SequencePoints>
                <SequencePoint vc="0" uspid="156" ordinal="0" offset="0" sl="50" sc="9" el="50" ec="10" bec="0" bev="0" fileid="2" />
                <SequencePoint vc="0" uspid="157" ordinal="1" offset="1" sl="51" sc="13" el="51" ec="62" bec="0" bev="0" fileid="2" />
                <SequencePoint vc="0" uspid="158" ordinal="2" offset="11" sl="52" sc="9" el="52" ec="10" bec="0" bev="0" fileid="2" />
              </SequencePoints>
              <BranchPoints />
              <MethodPoint xsi:type="SequencePoint" vc="0" uspid="156" ordinal="0" offset="0" sl="50" sc="9" el="50" ec="10" bec="0" bev="0" fileid="2" />
            </Method>
            <Method visited="false" cyclomaticComplexity="1" nPathComplexity="0" sequenceCoverage="0" branchCoverage="0" crapScore="2" isConstructor="false" isStatic="true" isGetter="false" isSetter="false">
              <Summary numSequencePoints="3" visitedSequencePoints="0" numBranchPoints="1" visitedBranchPoints="0" sequenceCoverage="0" branchCoverage="0" maxCyclomaticComplexity="1" minCyclomaticComplexity="1" maxCrapScore="2" minCrapScore="2" visitedClasses="0" numClasses="0" visitedMethods="0" numMethods="1" />
              <MetadataToken>100663319</MetadataToken>
              <Name>System.Int32 BLL.BillBLL::hienThiTongDanhThu(System.DateTime,System.DateTime)</Name>
              <FileRef uid="2" />
              <SequencePoints>
                <SequencePoint vc="0" uspid="159" ordinal="0" offset="0" sl="54" sc="9" el="54" ec="10" bec="0" bev="0" fileid="2" />
                <SequencePoint vc="0" uspid="160" ordinal="1" offset="1" sl="55" sc="13" el="55" ec="67" bec="0" bev="0" fileid="2" />
                <SequencePoint vc="0" uspid="161" ordinal="2" offset="11" sl="56" sc="9" el="56" ec="10" bec="0" bev="0" fileid="2" />
              </SequencePoints>
              <BranchPoints />
              <MethodPoint xsi:type="SequencePoint" vc="0" uspid="159" ordinal="0" offset="0" sl="54" sc="9" el="54" ec="10" bec="0" bev="0" fileid="2" />
            </Method>
            <Method visited="false" cyclomaticComplexity="1" nPathComplexity="0" sequenceCoverage="0" branchCoverage="0" crapScore="2" isConstructor="false" isStatic="true" isGetter="false" isSetter="false">
              <Summary numSequencePoints="3" visitedSequencePoints="0" numBranchPoints="1" visitedBranchPoints="0" sequenceCoverage="0" branchCoverage="0" maxCyclomaticComplexity="1" minCyclomaticComplexity="1" maxCrapScore="2" minCrapScore="2" visitedClasses="0" numClasses="0" visitedMethods="0" numMethods="1" />
              <MetadataToken>100663320</MetadataToken>
              <Name>System.Data.DataTable BLL.BillBLL::HienThiDoanhThuForReport(System.DateTime,System.DateTime)</Name>
              <FileRef uid="2" />
              <SequencePoints>
                <SequencePoint vc="0" uspid="162" ordinal="0" offset="0" sl="58" sc="9" el="58" ec="10" bec="0" bev="0" fileid="2" />
                <SequencePoint vc="0" uspid="163" ordinal="1" offset="1" sl="59" sc="13" el="59" ec="73" bec="0" bev="0" fileid="2" />
                <SequencePoint vc="0" uspid="164" ordinal="2" offset="11" sl="60" sc="9" el="60" ec="10" bec="0" bev="0" fileid="2" />
              </SequencePoints>
              <BranchPoints />
              <MethodPoint xsi:type="SequencePoint" vc="0" uspid="162" ordinal="0" offset="0" sl="58" sc="9" el="58" ec="10" bec="0" bev="0" fileid="2" />
            </Method>
            <Method visited="false" cyclomaticComplexity="1" nPathComplexity="0" sequenceCoverage="0" branchCoverage="0" crapScore="2" isConstructor="true" isStatic="false" isGetter="false" isSetter="false">
              <Summary numSequencePoints="0" visitedSequencePoints="0" numBranchPoints="0" visitedBranchPoints="0" sequenceCoverage="0" branchCoverage="0" maxCyclomaticComplexity="1" minCyclomaticComplexity="1" maxCrapScore="2" minCrapScore="2" visitedClasses="0" numClasses="0" visitedMethods="0" numMethods="0" />
              <MetadataToken>100663321</MetadataToken>
              <Name>System.Void BLL.BillBLL::.ctor()</Name>
              <SequencePoints />
              <BranchPoints />
              <MethodPoint vc="0" uspid="165" ordinal="0" offset="0" />
            </Method>
          </Methods>
        </Class>
        <Class>
          <Summary numSequencePoints="12" visitedSequencePoints="0" numBranchPoints="5" visitedBranchPoints="0" sequenceCoverage="0" branchCoverage="0" maxCyclomaticComplexity="2" minCyclomaticComplexity="1" maxCrapScore="6" minCrapScore="2" visitedClasses="0" numClasses="1" visitedMethods="0" numMethods="3" />
          <FullName>BLL.Bill_InforBLL</FullName>
          <Methods>
            <Method visited="false" cyclomaticComplexity="2" nPathComplexity="2" sequenceCoverage="0" branchCoverage="0" crapScore="6" isConstructor="false" isStatic="false" isGetter="false" isSetter="false">
              <Summary numSequencePoints="5" visitedSequencePoints="0" numBranchPoints="3" visitedBranchPoints="0" sequenceCoverage="0" branchCoverage="0" maxCyclomaticComplexity="2" minCyclomaticComplexity="2" maxCrapScore="6" minCrapScore="6" visitedClasses="0" numClasses="0" visitedMethods="0" numMethods="1" />
              <MetadataToken>100663322</MetadataToken>
              <Name>System.Boolean BLL.Bill_InforBLL::themMonAnChoBill(System.Int32,System.Int32,System.Int32)</Name>
              <FileRef uid="3" />
              <SequencePoints>
                <SequencePoint vc="0" uspid="166" ordinal="0" offset="0" sl="15" sc="9" el="15" ec="10" bec="0" bev="0" fileid="3" />
                <SequencePoint vc="0" uspid="167" ordinal="1" offset="1" sl="16" sc="13" el="16" ec="82" bec="2" bev="0" fileid="3" />
                <SequencePoint vc="0" uspid="168" ordinal="2" offset="18" sl="17" sc="17" el="17" ec="29" bec="0" bev="0" fileid="3" />
                <SequencePoint vc="0" uspid="169" ordinal="3" offset="22" sl="18" sc="13" el="18" ec="26" bec="0" bev="0" fileid="3" />
                <SequencePoint vc="0" uspid="170" ordinal="4" offset="26" sl="21" sc="9" el="21" ec="10" bec="0" bev="0" fileid="3" />
              </SequencePoints>
              <BranchPoints>
                <BranchPoint vc="0" uspid="171" ordinal="0" offset="16" sl="16" path="0" offsetend="18" fileid="3" />
                <BranchPoint vc="0" uspid="172" ordinal="1" offset="16" sl="16" path="1" offsetend="22" fileid="3" />
              </BranchPoints>
              <MethodPoint xsi:type="SequencePoint" vc="0" uspid="166" ordinal="0" offset="0" sl="15" sc="9" el="15" ec="10" bec="0" bev="0" fileid="3" />
            </Method>
            <Method visited="false" cyclomaticComplexity="1" nPathComplexity="0" sequenceCoverage="0" branchCoverage="0" crapScore="2" isConstructor="false" isStatic="false" isGetter="false" isSetter="false">
              <Summary numSequencePoints="4" visitedSequencePoints="0" numBranchPoints="1" visitedBranchPoints="0" sequenceCoverage="0" branchCoverage="0" maxCyclomaticComplexity="1" minCyclomaticComplexity="1" maxCrapScore="2" minCrapScore="2" visitedClasses="0" numClasses="0" visitedMethods="0" numMethods="1" />
              <MetadataToken>100663323</MetadataToken>
              <Name>System.Data.DataTable BLL.Bill_InforBLL::getBill_Infor(System.Int32)</Name>
              <FileRef uid="3" />
              <SequencePoints>
                <SequencePoint vc="0" uspid="173" ordinal="0" offset="0" sl="23" sc="9" el="23" ec="10" bec="0" bev="0" fileid="3" />
                <SequencePoint vc="0" uspid="174" ordinal="1" offset="1" sl="24" sc="13" el="24" ec="73" bec="0" bev="0" fileid="3" />
                <SequencePoint vc="0" uspid="175" ordinal="2" offset="13" sl="25" sc="13" el="25" ec="23" bec="0" bev="0" fileid="3" />
                <SequencePoint vc="0" uspid="176" ordinal="3" offset="17" sl="26" sc="9" el="26" ec="10" bec="0" bev="0" fileid="3" />
              </SequencePoints>
              <BranchPoints />
              <MethodPoint xsi:type="SequencePoint" vc="0" uspid="173" ordinal="0" offset="0" sl="23" sc="9" el="23" ec="10" bec="0" bev="0" fileid="3" />
            </Method>
            <Method visited="false" cyclomaticComplexity="1" nPathComplexity="0" sequenceCoverage="0" branchCoverage="0" crapScore="2" isConstructor="false" isStatic="false" isGetter="false" isSetter="false">
              <Summary numSequencePoints="3" visitedSequencePoints="0" numBranchPoints="1" visitedBranchPoints="0" sequenceCoverage="0" branchCoverage="0" maxCyclomaticComplexity="1" minCyclomaticComplexity="1" maxCrapScore="2" minCrapScore="2" visitedClasses="0" numClasses="0" visitedMethods="0" numMethods="1" />
              <MetadataToken>100663324</MetadataToken>
              <Name>System.Boolean BLL.Bill_InforBLL::capNhapSoLuong(System.Int32,System.Int32,System.Int32)</Name>
              <FileRef uid="3" />
              <SequencePoints>
                <SequencePoint vc="0" uspid="177" ordinal="0" offset="0" sl="28" sc="9" el="28" ec="10" bec="0" bev="0" fileid="3" />
                <SequencePoint vc="0" uspid="178" ordinal="1" offset="1" sl="29" sc="13" el="29" ec="82" bec="0" bev="0" fileid="3" />
                <SequencePoint vc="0" uspid="179" ordinal="2" offset="17" sl="30" sc="9" el="30" ec="10" bec="0" bev="0" fileid="3" />
              </SequencePoints>
              <BranchPoints />
              <MethodPoint xsi:type="SequencePoint" vc="0" uspid="177" ordinal="0" offset="0" sl="28" sc="9" el="28" ec="10" bec="0" bev="0" fileid="3" />
            </Method>
            <Method visited="false" cyclomaticComplexity="1" nPathComplexity="0" sequenceCoverage="0" branchCoverage="0" crapScore="2" isConstructor="true" isStatic="false" isGetter="false" isSetter="false">
              <Summary numSequencePoints="0" visitedSequencePoints="0" numBranchPoints="0" visitedBranchPoints="0" sequenceCoverage="0" branchCoverage="0" maxCyclomaticComplexity="1" minCyclomaticComplexity="1" maxCrapScore="2" minCrapScore="2" visitedClasses="0" numClasses="0" visitedMethods="0" numMethods="0" />
              <MetadataToken>100663325</MetadataToken>
              <Name>System.Void BLL.Bill_InforBLL::.ctor()</Name>
              <SequencePoints />
              <BranchPoints />
              <MethodPoint vc="0" uspid="180" ordinal="0" offset="0" />
            </Method>
          </Methods>
        </Class>
        <Class>
          <Summary numSequencePoints="59" visitedSequencePoints="0" numBranchPoints="18" visitedBranchPoints="0" sequenceCoverage="0" branchCoverage="0" maxCyclomaticComplexity="5" minCyclomaticComplexity="1" maxCrapScore="30" minCrapScore="2" visitedClasses="0" numClasses="1" visitedMethods="0" numMethods="8" />
          <FullName>BLL.Category_FoodBLL</FullName>
          <Methods>
            <Method visited="false" cyclomaticComplexity="1" nPathComplexity="0" sequenceCoverage="0" branchCoverage="0" crapScore="2" isConstructor="false" isStatic="false" isGetter="false" isSetter="false">
              <Summary numSequencePoints="3" visitedSequencePoints="0" numBranchPoints="1" visitedBranchPoints="0" sequenceCoverage="0" branchCoverage="0" maxCyclomaticComplexity="1" minCyclomaticComplexity="1" maxCrapScore="2" minCrapScore="2" visitedClasses="0" numClasses="0" visitedMethods="0" numMethods="1" />
              <MetadataToken>100663326</MetadataToken>
              <Name>System.Data.DataTable BLL.Category_FoodBLL::hienThiDanhSachFoodCategory()</Name>
              <FileRef uid="4" />
              <SequencePoints>
                <SequencePoint vc="0" uspid="181" ordinal="0" offset="0" sl="17" sc="9" el="17" ec="10" bec="0" bev="0" fileid="4" />
                <SequencePoint vc="0" uspid="182" ordinal="1" offset="1" sl="18" sc="13" el="18" ec="71" bec="0" bev="0" fileid="4" />
                <SequencePoint vc="0" uspid="183" ordinal="2" offset="14" sl="19" sc="9" el="19" ec="10" bec="0" bev="0" fileid="4" />
              </SequencePoints>
              <BranchPoints />
              <MethodPoint xsi:type="SequencePoint" vc="0" uspid="181" ordinal="0" offset="0" sl="17" sc="9" el="17" ec="10" bec="0" bev="0" fileid="4" />
            </Method>
            <Method visited="false" cyclomaticComplexity="4" nPathComplexity="4" sequenceCoverage="0" branchCoverage="0" crapScore="20" isConstructor="false" isStatic="false" isGetter="false" isSetter="false">
              <Summary numSequencePoints="18" visitedSequencePoints="0" numBranchPoints="5" visitedBranchPoints="0" sequenceCoverage="0" branchCoverage="0" maxCyclomaticComplexity="4" minCyclomaticComplexity="4" maxCrapScore="20" minCrapScore="20" visitedClasses="0" numClasses="0" visitedMethods="0" numMethods="1" />
              <MetadataToken>100663327</MetadataToken>
              <Name>System.Boolean BLL.Category_FoodBLL::xuLyThemCategoryFood(System.String,System.String&amp;)</Name>
              <FileRef uid="4" />
              <SequencePoints>
                <SequencePoint vc="0" uspid="184" ordinal="0" offset="0" sl="21" sc="9" el="21" ec="10" bec="0" bev="0" fileid="4" />
                <SequencePoint vc="0" uspid="185" ordinal="1" offset="1" sl="22" sc="13" el="22" ec="28" bec="2" bev="0" fileid="4" />
                <SequencePoint vc="0" uspid="186" ordinal="2" offset="16" sl="23" sc="13" el="23" ec="14" bec="0" bev="0" fileid="4" />
                <SequencePoint vc="0" uspid="187" ordinal="3" offset="17" sl="24" sc="17" el="24" ec="47" bec="0" bev="0" fileid="4" />
                <SequencePoint vc="0" uspid="188" ordinal="4" offset="24" sl="25" sc="17" el="25" ec="30" bec="0" bev="0" fileid="4" />
                <SequencePoint vc="0" uspid="189" ordinal="5" offset="28" sl="27" sc="13" el="27" ec="51" bec="0" bev="0" fileid="4" />
                <SequencePoint vc="0" uspid="190" ordinal="6" offset="35" sl="29" sc="13" el="29" ec="20" bec="0" bev="0" fileid="4" />
                <SequencePoint vc="0" uspid="191" ordinal="7" offset="36" sl="29" sc="34" el="29" ec="35" bec="0" bev="0" fileid="4" />
                <SequencePoint vc="0" uspid="192" ordinal="8" offset="45" sl="29" sc="22" el="29" ec="30" bec="0" bev="0" fileid="4" />
                <SequencePoint vc="0" uspid="193" ordinal="9" offset="54" sl="30" sc="13" el="30" ec="14" bec="0" bev="0" fileid="4" />
                <SequencePoint vc="0" uspid="194" ordinal="10" offset="55" sl="31" sc="17" el="31" ec="31" bec="2" bev="0" fileid="4" />
                <SequencePoint vc="0" uspid="195" ordinal="11" offset="69" sl="32" sc="17" el="32" ec="18" bec="0" bev="0" fileid="4" />
                <SequencePoint vc="0" uspid="196" ordinal="12" offset="70" sl="33" sc="21" el="33" ec="68" bec="0" bev="0" fileid="4" />
                <SequencePoint vc="0" uspid="197" ordinal="13" offset="77" sl="34" sc="21" el="34" ec="34" bec="0" bev="0" fileid="4" />
                <SequencePoint vc="0" uspid="198" ordinal="14" offset="81" sl="37" sc="13" el="37" ec="14" bec="0" bev="0" fileid="4" />
                <SequencePoint vc="0" uspid="199" ordinal="15" offset="82" sl="29" sc="31" el="29" ec="33" bec="0" bev="0" fileid="4" />
                <SequencePoint vc="0" uspid="200" ordinal="16" offset="108" sl="38" sc="13" el="38" ec="25" bec="0" bev="0" fileid="4" />
                <SequencePoint vc="0" uspid="201" ordinal="17" offset="112" sl="40" sc="9" el="40" ec="10" bec="0" bev="0" fileid="4" />
              </SequencePoints>
              <BranchPoints>
                <BranchPoint vc="0" uspid="202" ordinal="0" offset="14" sl="22" path="0" offsetend="16" fileid="4" />
                <BranchPoint vc="0" uspid="203" ordinal="1" offset="14" sl="22" path="1" offsetend="28" fileid="4" />
                <BranchPoint vc="0" uspid="204" ordinal="2" offset="67" sl="31" path="0" offsetend="69" fileid="4" />
                <BranchPoint vc="0" uspid="205" ordinal="3" offset="67" sl="31" path="1" offsetend="81" fileid="4" />
              </BranchPoints>
              <MethodPoint xsi:type="SequencePoint" vc="0" uspid="184" ordinal="0" offset="0" sl="21" sc="9" el="21" ec="10" bec="0" bev="0" fileid="4" />
            </Method>
            <Method visited="false" cyclomaticComplexity="1" nPathComplexity="0" sequenceCoverage="0" branchCoverage="0" crapScore="2" isConstructor="false" isStatic="false" isGetter="false" isSetter="false">
              <Summary numSequencePoints="3" visitedSequencePoints="0" numBranchPoints="1" visitedBranchPoints="0" sequenceCoverage="0" branchCoverage="0" maxCyclomaticComplexity="1" minCyclomaticComplexity="1" maxCrapScore="2" minCrapScore="2" visitedClasses="0" numClasses="0" visitedMethods="0" numMethods="1" />
              <MetadataToken>100663328</MetadataToken>
              <Name>System.Collections.Generic.List`1&lt;System.String&gt; BLL.Category_FoodBLL::danhSachTenDanhMuc()</Name>
              <FileRef uid="4" />
              <SequencePoints>
                <SequencePoint vc="0" uspid="208" ordinal="0" offset="0" sl="43" sc="9" el="43" ec="10" bec="0" bev="0" fileid="4" />
                <SequencePoint vc="0" uspid="209" ordinal="1" offset="1" sl="45" sc="13" el="45" ec="60" bec="0" bev="0" fileid="4" />
                <SequencePoint vc="0" uspid="210" ordinal="2" offset="14" sl="48" sc="9" el="48" ec="10" bec="0" bev="0" fileid="4" />
              </SequencePoints>
              <BranchPoints />
              <MethodPoint xsi:type="SequencePoint" vc="0" uspid="208" ordinal="0" offset="0" sl="43" sc="9" el="43" ec="10" bec="0" bev="0" fileid="4" />
            </Method>
            <Method visited="false" cyclomaticComplexity="1" nPathComplexity="0" sequenceCoverage="0" branchCoverage="0" crapScore="2" isConstructor="false" isStatic="false" isGetter="false" isSetter="false">
              <Summary numSequencePoints="3" visitedSequencePoints="0" numBranchPoints="1" visitedBranchPoints="0" sequenceCoverage="0" branchCoverage="0" maxCyclomaticComplexity="1" minCyclomaticComplexity="1" maxCrapScore="2" minCrapScore="2" visitedClasses="0" numClasses="0" visitedMethods="0" numMethods="1" />
              <MetadataToken>100663329</MetadataToken>
              <Name>System.Boolean BLL.Category_FoodBLL::themRow(System.String)</Name>
              <FileRef uid="4" />
              <SequencePoints>
                <SequencePoint vc="0" uspid="211" ordinal="0" offset="0" sl="50" sc="9" el="50" ec="10" bec="0" bev="0" fileid="4" />
                <SequencePoint vc="0" uspid="212" ordinal="1" offset="1" sl="51" sc="13" el="51" ec="55" bec="0" bev="0" fileid="4" />
                <SequencePoint vc="0" uspid="213" ordinal="2" offset="15" sl="52" sc="9" el="52" ec="10" bec="0" bev="0" fileid="4" />
              </SequencePoints>
              <BranchPoints />
              <MethodPoint xsi:type="SequencePoint" vc="0" uspid="211" ordinal="0" offset="0" sl="50" sc="9" el="50" ec="10" bec="0" bev="0" fileid="4" />
            </Method>
            <Method visited="false" cyclomaticComplexity="5" nPathComplexity="8" sequenceCoverage="0" branchCoverage="0" crapScore="30" isConstructor="false" isStatic="false" isGetter="false" isSetter="false">
              <Summary numSequencePoints="23" visitedSequencePoints="0" numBranchPoints="7" visitedBranchPoints="0" sequenceCoverage="0" branchCoverage="0" maxCyclomaticComplexity="5" minCyclomaticComplexity="5" maxCrapScore="30" minCrapScore="30" visitedClasses="0" numClasses="0" visitedMethods="0" numMethods="1" />
              <MetadataToken>100663330</MetadataToken>
              <Name>System.Boolean BLL.Category_FoodBLL::xuLyChinhSuaCategoryFood(System.Int32,System.String,System.String&amp;)</Name>
              <FileRef uid="4" />
              <SequencePoints>
                <SequencePoint vc="0" uspid="214" ordinal="0" offset="0" sl="54" sc="9" el="54" ec="10" bec="0" bev="0" fileid="4" />
                <SequencePoint vc="0" uspid="215" ordinal="1" offset="1" sl="55" sc="13" el="55" ec="28" bec="2" bev="0" fileid="4" />
                <SequencePoint vc="0" uspid="216" ordinal="2" offset="16" sl="56" sc="13" el="56" ec="14" bec="0" bev="0" fileid="4" />
                <SequencePoint vc="0" uspid="217" ordinal="3" offset="17" sl="57" sc="17" el="57" ec="50" bec="0" bev="0" fileid="4" />
                <SequencePoint vc="0" uspid="218" ordinal="4" offset="24" sl="58" sc="17" el="58" ec="30" bec="0" bev="0" fileid="4" />
                <SequencePoint vc="0" uspid="219" ordinal="5" offset="28" sl="60" sc="13" el="60" ec="51" bec="0" bev="0" fileid="4" />
                <SequencePoint vc="0" uspid="220" ordinal="6" offset="35" sl="62" sc="13" el="62" ec="85" bec="0" bev="0" fileid="4" />
                <SequencePoint vc="0" uspid="221" ordinal="7" offset="52" sl="63" sc="13" el="63" ec="32" bec="2" bev="0" fileid="4" />
                <SequencePoint vc="0" uspid="222" ordinal="8" offset="65" sl="64" sc="13" el="64" ec="14" bec="0" bev="0" fileid="4" />
                <SequencePoint vc="0" uspid="223" ordinal="9" offset="66" sl="66" sc="17" el="66" ec="24" bec="0" bev="0" fileid="4" />
                <SequencePoint vc="0" uspid="224" ordinal="10" offset="67" sl="66" sc="38" el="66" ec="39" bec="0" bev="0" fileid="4" />
                <SequencePoint vc="0" uspid="225" ordinal="11" offset="77" sl="66" sc="26" el="66" ec="34" bec="0" bev="0" fileid="4" />
                <SequencePoint vc="0" uspid="226" ordinal="12" offset="86" sl="67" sc="17" el="67" ec="18" bec="0" bev="0" fileid="4" />
                <SequencePoint vc="0" uspid="227" ordinal="13" offset="87" sl="68" sc="21" el="68" ec="45" bec="0" bev="0" fileid="4" />
                <SequencePoint vc="0" uspid="228" ordinal="14" offset="96" sl="69" sc="21" el="69" ec="39" bec="2" bev="0" fileid="4" />
                <SequencePoint vc="0" uspid="229" ordinal="15" offset="110" sl="70" sc="21" el="70" ec="22" bec="0" bev="0" fileid="4" />
                <SequencePoint vc="0" uspid="230" ordinal="16" offset="111" sl="71" sc="25" el="71" ec="75" bec="0" bev="0" fileid="4" />
                <SequencePoint vc="0" uspid="231" ordinal="17" offset="118" sl="72" sc="25" el="72" ec="38" bec="0" bev="0" fileid="4" />
                <SequencePoint vc="0" uspid="232" ordinal="18" offset="122" sl="76" sc="17" el="76" ec="18" bec="0" bev="0" fileid="4" />
                <SequencePoint vc="0" uspid="233" ordinal="19" offset="123" sl="66" sc="35" el="66" ec="37" bec="0" bev="0" fileid="4" />
                <SequencePoint vc="0" uspid="234" ordinal="20" offset="149" sl="77" sc="13" el="77" ec="14" bec="0" bev="0" fileid="4" />
                <SequencePoint vc="0" uspid="235" ordinal="21" offset="150" sl="79" sc="13" el="79" ec="25" bec="0" bev="0" fileid="4" />
                <SequencePoint vc="0" uspid="236" ordinal="22" offset="154" sl="80" sc="9" el="80" ec="10" bec="0" bev="0" fileid="4" />
              </SequencePoints>
              <BranchPoints>
                <BranchPoint vc="0" uspid="237" ordinal="0" offset="14" sl="55" path="0" offsetend="16" fileid="4" />
                <BranchPoint vc="0" uspid="238" ordinal="1" offset="14" sl="55" path="1" offsetend="28" fileid="4" />
                <BranchPoint vc="0" uspid="239" ordinal="2" offset="63" sl="63" path="0" offsetend="65" fileid="4" />
                <BranchPoint vc="0" uspid="240" ordinal="3" offset="63" sl="63" path="1" offsetend="150" fileid="4" />
                <BranchPoint vc="0" uspid="241" ordinal="4" offset="108" sl="69" path="0" offsetend="110" fileid="4" />
                <BranchPoint vc="0" uspid="242" ordinal="5" offset="108" sl="69" path="1" offsetend="122" fileid="4" />
              </BranchPoints>
              <MethodPoint xsi:type="SequencePoint" vc="0" uspid="214" ordinal="0" offset="0" sl="54" sc="9" el="54" ec="10" bec="0" bev="0" fileid="4" />
            </Method>
            <Method visited="false" cyclomaticComplexity="1" nPathComplexity="0" sequenceCoverage="0" branchCoverage="0" crapScore="2" isConstructor="false" isStatic="false" isGetter="false" isSetter="false">
              <Summary numSequencePoints="3" visitedSequencePoints="0" numBranchPoints="1" visitedBranchPoints="0" sequenceCoverage="0" branchCoverage="0" maxCyclomaticComplexity="1" minCyclomaticComplexity="1" maxCrapScore="2" minCrapScore="2" visitedClasses="0" numClasses="0" visitedMethods="0" numMethods="1" />
              <MetadataToken>100663331</MetadataToken>
              <Name>System.Boolean BLL.Category_FoodBLL::chinhSuaRow(DTO.CategoryDTO)</Name>
              <FileRef uid="4" />
              <SequencePoints>
                <SequencePoint vc="0" uspid="245" ordinal="0" offset="0" sl="84" sc="9" el="84" ec="10" bec="0" bev="0" fileid="4" />
                <SequencePoint vc="0" uspid="246" ordinal="1" offset="1" sl="85" sc="13" el="85" ec="56" bec="0" bev="0" fileid="4" />
                <SequencePoint vc="0" uspid="247" ordinal="2" offset="15" sl="86" sc="9" el="86" ec="10" bec="0" bev="0" fileid="4" />
              </SequencePoints>
              <BranchPoints />
              <MethodPoint xsi:type="SequencePoint" vc="0" uspid="245" ordinal="0" offset="0" sl="84" sc="9" el="84" ec="10" bec="0" bev="0" fileid="4" />
            </Method>
            <Method visited="false" cyclomaticComplexity="1" nPathComplexity="0" sequenceCoverage="0" branchCoverage="0" crapScore="2" isConstructor="false" isStatic="false" isGetter="false" isSetter="false">
              <Summary numSequencePoints="3" visitedSequencePoints="0" numBranchPoints="1" visitedBranchPoints="0" sequenceCoverage="0" branchCoverage="0" maxCyclomaticComplexity="1" minCyclomaticComplexity="1" maxCrapScore="2" minCrapScore="2" visitedClasses="0" numClasses="0" visitedMethods="0" numMethods="1" />
              <MetadataToken>100663332</MetadataToken>
              <Name>System.Data.DataTable BLL.Category_FoodBLL::TimKiemLoaiMonAn(System.String)</Name>
              <FileRef uid="4" />
              <SequencePoints>
                <SequencePoint vc="0" uspid="248" ordinal="0" offset="0" sl="88" sc="9" el="88" ec="10" bec="0" bev="0" fileid="4" />
                <SequencePoint vc="0" uspid="249" ordinal="1" offset="1" sl="89" sc="13" el="89" ec="61" bec="0" bev="0" fileid="4" />
                <SequencePoint vc="0" uspid="250" ordinal="2" offset="15" sl="92" sc="9" el="92" ec="10" bec="0" bev="0" fileid="4" />
              </SequencePoints>
              <BranchPoints />
              <MethodPoint xsi:type="SequencePoint" vc="0" uspid="248" ordinal="0" offset="0" sl="88" sc="9" el="88" ec="10" bec="0" bev="0" fileid="4" />
            </Method>
            <Method visited="false" cyclomaticComplexity="1" nPathComplexity="0" sequenceCoverage="0" branchCoverage="0" crapScore="2" isConstructor="false" isStatic="true" isGetter="false" isSetter="false">
              <Summary numSequencePoints="3" visitedSequencePoints="0" numBranchPoints="1" visitedBranchPoints="0" sequenceCoverage="0" branchCoverage="0" maxCyclomaticComplexity="1" minCyclomaticComplexity="1" maxCrapScore="2" minCrapScore="2" visitedClasses="0" numClasses="0" visitedMethods="0" numMethods="1" />
              <MetadataToken>100663333</MetadataToken>
              <Name>System.Boolean BLL.Category_FoodBLL::xoaLoaiMonAn(System.Int32)</Name>
              <FileRef uid="4" />
              <SequencePoints>
                <SequencePoint vc="0" uspid="251" ordinal="0" offset="0" sl="94" sc="9" el="94" ec="10" bec="0" bev="0" fileid="4" />
                <SequencePoint vc="0" uspid="252" ordinal="1" offset="1" sl="95" sc="13" el="95" ec="49" bec="0" bev="0" fileid="4" />
                <SequencePoint vc="0" uspid="253" ordinal="2" offset="10" sl="96" sc="9" el="96" ec="10" bec="0" bev="0" fileid="4" />
              </SequencePoints>
              <BranchPoints />
              <MethodPoint xsi:type="SequencePoint" vc="0" uspid="251" ordinal="0" offset="0" sl="94" sc="9" el="94" ec="10" bec="0" bev="0" fileid="4" />
            </Method>
            <Method visited="false" cyclomaticComplexity="1" nPathComplexity="0" sequenceCoverage="0" branchCoverage="0" crapScore="2" isConstructor="true" isStatic="false" isGetter="false" isSetter="false">
              <Summary numSequencePoints="0" visitedSequencePoints="0" numBranchPoints="0" visitedBranchPoints="0" sequenceCoverage="0" branchCoverage="0" maxCyclomaticComplexity="1" minCyclomaticComplexity="1" maxCrapScore="2" minCrapScore="2" visitedClasses="0" numClasses="0" visitedMethods="0" numMethods="0" />
              <MetadataToken>100663334</MetadataToken>
              <Name>System.Void BLL.Category_FoodBLL::.ctor()</Name>
              <SequencePoints />
              <BranchPoints />
              <MethodPoint vc="0" uspid="254" ordinal="0" offset="0" />
            </Method>
          </Methods>
        </Class>
        <Class>
          <Summary numSequencePoints="3" visitedSequencePoints="0" numBranchPoints="1" visitedBranchPoints="0" sequenceCoverage="0" branchCoverage="0" maxCyclomaticComplexity="1" minCyclomaticComplexity="1" maxCrapScore="2" minCrapScore="2" visitedClasses="0" numClasses="1" visitedMethods="0" numMethods="1" />
          <FullName>BLL.DataBLL</FullName>
          <Methods>
            <Method visited="false" cyclomaticComplexity="1" nPathComplexity="0" sequenceCoverage="0" branchCoverage="0" crapScore="2" isConstructor="false" isStatic="false" isGetter="false" isSetter="false">
              <Summary numSequencePoints="3" visitedSequencePoints="0" numBranchPoints="1" visitedBranchPoints="0" sequenceCoverage="0" branchCoverage="0" maxCyclomaticComplexity="1" minCyclomaticComplexity="1" maxCrapScore="2" minCrapScore="2" visitedClasses="0" numClasses="0" visitedMethods="0" numMethods="1" />
              <MetadataToken>100663335</MetadataToken>
              <Name>System.Void BLL.DataBLL::closeCon()</Name>
              <FileRef uid="5" />
              <SequencePoints>
                <SequencePoint vc="0" uspid="255" ordinal="0" offset="0" sl="13" sc="9" el="13" ec="10" bec="0" bev="0" fileid="5" />
                <SequencePoint vc="0" uspid="256" ordinal="1" offset="1" sl="14" sc="13" el="14" ec="48" bec="0" bev="0" fileid="5" />
                <SequencePoint vc="0" uspid="257" ordinal="2" offset="12" sl="15" sc="9" el="15" ec="10" bec="0" bev="0" fileid="5" />
              </SequencePoints>
              <BranchPoints />
              <MethodPoint xsi:type="SequencePoint" vc="0" uspid="255" ordinal="0" offset="0" sl="13" sc="9" el="13" ec="10" bec="0" bev="0" fileid="5" />
            </Method>
            <Method visited="false" cyclomaticComplexity="1" nPathComplexity="0" sequenceCoverage="0" branchCoverage="0" crapScore="2" isConstructor="true" isStatic="false" isGetter="false" isSetter="false">
              <Summary numSequencePoints="0" visitedSequencePoints="0" numBranchPoints="0" visitedBranchPoints="0" sequenceCoverage="0" branchCoverage="0" maxCyclomaticComplexity="1" minCyclomaticComplexity="1" maxCrapScore="2" minCrapScore="2" visitedClasses="0" numClasses="0" visitedMethods="0" numMethods="0" />
              <MetadataToken>100663336</MetadataToken>
              <Name>System.Void BLL.DataBLL::.ctor()</Name>
              <SequencePoints />
              <BranchPoints />
              <MethodPoint vc="0" uspid="258" ordinal="0" offset="0" />
            </Method>
          </Methods>
        </Class>
        <Class>
          <Summary numSequencePoints="80" visitedSequencePoints="0" numBranchPoints="27" visitedBranchPoints="0" sequenceCoverage="0" branchCoverage="0" maxCyclomaticComplexity="7" minCyclomaticComplexity="1" maxCrapScore="56" minCrapScore="2" visitedClasses="0" numClasses="1" visitedMethods="0" numMethods="9" />
          <FullName>BLL.FoodBLL</FullName>
          <Methods>
            <Method visited="false" cyclomaticComplexity="1" nPathComplexity="0" sequenceCoverage="0" branchCoverage="0" crapScore="2" isConstructor="false" isStatic="false" isGetter="false" isSetter="false">
              <Summary numSequencePoints="3" visitedSequencePoints="0" numBranchPoints="1" visitedBranchPoints="0" sequenceCoverage="0" branchCoverage="0" maxCyclomaticComplexity="1" minCyclomaticComplexity="1" maxCrapScore="2" minCrapScore="2" visitedClasses="0" numClasses="0" visitedMethods="0" numMethods="1" />
              <MetadataToken>100663337</MetadataToken>
              <Name>System.Collections.Generic.List`1&lt;DTO.FoodDTO&gt; BLL.FoodBLL::getFoodByCateGory(System.Int32)</Name>
              <FileRef uid="6" />
              <SequencePoints>
                <SequencePoint vc="0" uspid="259" ordinal="0" offset="0" sl="17" sc="9" el="17" ec="10" bec="0" bev="0" fileid="6" />
                <SequencePoint vc="0" uspid="260" ordinal="1" offset="1" sl="18" sc="13" el="18" ec="59" bec="0" bev="0" fileid="6" />
                <SequencePoint vc="0" uspid="261" ordinal="2" offset="15" sl="21" sc="9" el="21" ec="10" bec="0" bev="0" fileid="6" />
              </SequencePoints>
              <BranchPoints />
              <MethodPoint xsi:type="SequencePoint" vc="0" uspid="259" ordinal="0" offset="0" sl="17" sc="9" el="17" ec="10" bec="0" bev="0" fileid="6" />
            </Method>
            <Method visited="false" cyclomaticComplexity="1" nPathComplexity="0" sequenceCoverage="0" branchCoverage="0" crapScore="2" isConstructor="false" isStatic="false" isGetter="false" isSetter="false">
              <Summary numSequencePoints="3" visitedSequencePoints="0" numBranchPoints="1" visitedBranchPoints="0" sequenceCoverage="0" branchCoverage="0" maxCyclomaticComplexity="1" minCyclomaticComplexity="1" maxCrapScore="2" minCrapScore="2" visitedClasses="0" numClasses="0" visitedMethods="0" numMethods="1" />
              <MetadataToken>100663338</MetadataToken>
              <Name>System.Data.DataTable BLL.FoodBLL::hienThiDanhSachFood()</Name>
              <FileRef uid="6" />
              <SequencePoints>
                <SequencePoint vc="0" uspid="262" ordinal="0" offset="0" sl="23" sc="9" el="23" ec="10" bec="0" bev="0" fileid="6" />
                <SequencePoint vc="0" uspid="263" ordinal="1" offset="1" sl="24" sc="13" el="24" ec="59" bec="0" bev="0" fileid="6" />
                <SequencePoint vc="0" uspid="264" ordinal="2" offset="14" sl="25" sc="8" el="25" ec="9" bec="0" bev="0" fileid="6" />
              </SequencePoints>
              <BranchPoints />
              <MethodPoint xsi:type="SequencePoint" vc="0" uspid="262" ordinal="0" offset="0" sl="23" sc="9" el="23" ec="10" bec="0" bev="0" fileid="6" />
            </Method>
            <Method visited="false" cyclomaticComplexity="6" nPathComplexity="16" sequenceCoverage="0" branchCoverage="0" crapScore="42" isConstructor="false" isStatic="false" isGetter="false" isSetter="false">
              <Summary numSequencePoints="27" visitedSequencePoints="0" numBranchPoints="9" visitedBranchPoints="0" sequenceCoverage="0" branchCoverage="0" maxCyclomaticComplexity="6" minCyclomaticComplexity="6" maxCrapScore="42" minCrapScore="42" visitedClasses="0" numClasses="0" visitedMethods="0" numMethods="1" />
              <MetadataToken>100663339</MetadataToken>
              <Name>System.Boolean BLL.FoodBLL::xuLyThemFood(System.String,System.String,System.String&amp;)</Name>
              <FileRef uid="6" />
              <SequencePoints>
                <SequencePoint vc="0" uspid="265" ordinal="0" offset="0" sl="27" sc="9" el="27" ec="10" bec="0" bev="0" fileid="6" />
                <SequencePoint vc="0" uspid="266" ordinal="1" offset="1" sl="29" sc="13" el="29" ec="26" bec="2" bev="0" fileid="6" />
                <SequencePoint vc="0" uspid="267" ordinal="2" offset="16" sl="30" sc="13" el="30" ec="14" bec="0" bev="0" fileid="6" />
                <SequencePoint vc="0" uspid="268" ordinal="3" offset="17" sl="31" sc="17" el="31" ec="45" bec="0" bev="0" fileid="6" />
                <SequencePoint vc="0" uspid="269" ordinal="4" offset="24" sl="32" sc="17" el="32" ec="30" bec="0" bev="0" fileid="6" />
[...]
                <SequencePoint vc="0" uspid="384" ordinal="4" offset="21" sl="37" sc="12" el="37" ec="25" bec="0" bev="0" fileid="8" />
                <SequencePoint vc="0" uspid="385" ordinal="5" offset="25" sl="39" sc="9" el="39" ec="10" bec="0" bev="0" fileid="8" />
              </SequencePoints>
              <BranchPoints>
                <BranchPoint vc="0" uspid="386" ordinal="0" offset="14" sl="31" path="0" offsetend="16" fileid="8" />
                <BranchPoint vc="0" uspid="387" ordinal="1" offset="14" sl="31" path="1" offsetend="21" fileid="8" />
              </BranchPoints>
              <MethodPoint xsi:type="SequencePoint" vc="0" uspid="380" ordinal="0" offset="0" sl="30" sc="9" el="30" ec="10" bec="0" bev="0" fileid="8" />
            </Method>
            <Method visited="false" cyclomaticComplexity="2" nPathComplexity="2" sequenceCoverage="0" branchCoverage="0" crapScore="6" isConstructor="false" isStatic="false" isGetter="false" isSetter="false">
              <Summary numSequencePoints="6" visitedSequencePoints="0" numBranchPoints="3" visitedBranchPoints="0" sequenceCoverage="0" branchCoverage="0" maxCyclomaticComplexity="2" minCyclomaticComplexity="2" maxCrapScore="6" minCrapScore="6" visitedClasses="0" numClasses="0" visitedMethods="0" numMethods="1" />
              <MetadataToken>100663352</MetadataToken>
              <Name>System.Boolean BLL.TableBLL::chinhSuaRow(DTO.TableDTO)</Name>
              <FileRef uid="8" />
              <SequencePoints>
                <SequencePoint vc="0" uspid="388" ordinal="0" offset="0" sl="41" sc="9" el="41" ec="10" bec="0" bev="0" fileid="8" />
                <SequencePoint vc="0" uspid="389" ordinal="1" offset="1" sl="42" sc="13" el="42" ec="50" bec="2" bev="0" fileid="8" />
                <SequencePoint vc="0" uspid="390" ordinal="2" offset="16" sl="43" sc="13" el="43" ec="14" bec="0" bev="0" fileid="8" />
                <SequencePoint vc="0" uspid="391" ordinal="3" offset="17" sl="44" sc="17" el="44" ec="29" bec="0" bev="0" fileid="8" />
                <SequencePoint vc="0" uspid="392" ordinal="4" offset="21" sl="47" sc="17" el="47" ec="30" bec="0" bev="0" fileid="8" />
                <SequencePoint vc="0" uspid="393" ordinal="5" offset="25" sl="49" sc="9" el="49" ec="10" bec="0" bev="0" fileid="8" />
              </SequencePoints>
              <BranchPoints>
                <BranchPoint vc="0" uspid="394" ordinal="0" offset="14" sl="42" path="0" offsetend="16" fileid="8" />
                <BranchPoint vc="0" uspid="395" ordinal="1" offset="14" sl="42" path="1" offsetend="21" fileid="8" />
              </BranchPoints>
              <MethodPoint xsi:type="SequencePoint" vc="0" uspid="388" ordinal="0" offset="0" sl="41" sc="9" el="41" ec="10" bec="0" bev="0" fileid="8" />
            </Method>
            <Method visited="false" cyclomaticComplexity="3" nPathComplexity="2" sequenceCoverage="0" branchCoverage="0" crapScore="12" isConstructor="false" isStatic="false" isGetter="false" isSetter="false">
              <Summary numSequencePoints="3" visitedSequencePoints="0" numBranchPoints="3" visitedBranchPoints="0" sequenceCoverage="0" branchCoverage="0" maxCyclomaticComplexity="3" minCyclomaticComplexity="3" maxCrapScore="12" minCrapScore="12" visitedClasses="0" numClasses="0" visitedMethods="0" numMethods="1" />
              <MetadataToken>100663353</MetadataToken>
              <Name>System.Boolean BLL.TableBLL::xoaRow(System.Int32)</Name>
              <FileRef uid="8" />
              <SequencePoints>
                <SequencePoint vc="0" uspid="396" ordinal="0" offset="0" sl="51" sc="9" el="51" ec="10" bec="0" bev="0" fileid="8" />
                <SequencePoint vc="0" uspid="397" ordinal="1" offset="1" sl="52" sc="13" el="52" ec="70" bec="2" bev="0" fileid="8" />
                <SequencePoint vc="0" uspid="398" ordinal="2" offset="21" sl="54" sc="9" el="54" ec="10" bec="0" bev="0" fileid="8" />
              </SequencePoints>
              <BranchPoints>
                <BranchPoint vc="0" uspid="399" ordinal="0" offset="12" sl="52" path="0" offsetend="14" fileid="8" />
                <BranchPoint vc="0" uspid="400" ordinal="1" offset="12" sl="52" path="1" offsetend="17" fileid="8" />
              </BranchPoints>
              <MethodPoint xsi:type="SequencePoint" vc="0" uspid="396" ordinal="0" offset="0" sl="51" sc="9" el="51" ec="10" bec="0" bev="0" fileid="8" />
            </Method>
            <Method visited="false" cyclomaticComplexity="4" nPathComplexity="4" sequenceCoverage="0" branchCoverage="0" crapScore="20" isConstructor="false" isStatic="false" isGetter="false" isSetter="false">
              <Summary numSequencePoints="19" visitedSequencePoints="0" numBranchPoints="5" visitedBranchPoints="0" sequenceCoverage="0" branchCoverage="0" maxCyclomaticComplexity="4" minCyclomaticComplexity="4" maxCrapScore="20" minCrapScore="20" visitedClasses="0" numClasses="0" visitedMethods="0" numMethods="1" />
              <MetadataToken>100663354</MetadataToken>
              <Name>System.Boolean BLL.TableBLL::xuLyThemTable(System.String,System.String&amp;)</Name>
              <FileRef uid="8" />
              <SequencePoints>
                <SequencePoint vc="0" uspid="401" ordinal="0" offset="0" sl="56" sc="9" el="56" ec="10" bec="0" bev="0" fileid="8" />
                <SequencePoint vc="0" uspid="402" ordinal="1" offset="1" sl="57" sc="13" el="57" ec="27" bec="2" bev="0" fileid="8" />
                <SequencePoint vc="0" uspid="403" ordinal="2" offset="16" sl="58" sc="13" el="58" ec="14" bec="0" bev="0" fileid="8" />
                <SequencePoint vc="0" uspid="404" ordinal="3" offset="17" sl="59" sc="17" el="59" ec="42" bec="0" bev="0" fileid="8" />
                <SequencePoint vc="0" uspid="405" ordinal="4" offset="24" sl="60" sc="17" el="60" ec="30" bec="0" bev="0" fileid="8" />
                <SequencePoint vc="0" uspid="406" ordinal="5" offset="28" sl="62" sc="13" el="62" ec="46" bec="0" bev="0" fileid="8" />
                <SequencePoint vc="0" uspid="407" ordinal="6" offset="35" sl="64" sc="13" el="64" ec="20" bec="0" bev="0" fileid="8" />
                <SequencePoint vc="0" uspid="408" ordinal="7" offset="36" sl="64" sc="34" el="64" ec="35" bec="0" bev="0" fileid="8" />
                <SequencePoint vc="0" uspid="409" ordinal="8" offset="45" sl="64" sc="22" el="64" ec="30" bec="0" bev="0" fileid="8" />
                <SequencePoint vc="0" uspid="410" ordinal="9" offset="54" sl="65" sc="13" el="65" ec="14" bec="0" bev="0" fileid="8" />
                <SequencePoint vc="0" uspid="411" ordinal="10" offset="55" sl="66" sc="17" el="66" ec="41" bec="0" bev="0" fileid="8" />
                <SequencePoint vc="0" uspid="412" ordinal="11" offset="64" sl="68" sc="17" el="68" ec="36" bec="2" bev="0" fileid="8" />
                <SequencePoint vc="0" uspid="413" ordinal="12" offset="78" sl="69" sc="17" el="69" ec="18" bec="0" bev="0" fileid="8" />
                <SequencePoint vc="0" uspid="414" ordinal="13" offset="79" sl="70" sc="21" el="70" ec="66" bec="0" bev="0" fileid="8" />
                <SequencePoint vc="0" uspid="415" ordinal="14" offset="86" sl="71" sc="21" el="71" ec="34" bec="0" bev="0" fileid="8" />
                <SequencePoint vc="0" uspid="416" ordinal="15" offset="90" sl="74" sc="13" el="74" ec="14" bec="0" bev="0" fileid="8" />
                <SequencePoint vc="0" uspid="417" ordinal="16" offset="91" sl="64" sc="31" el="64" ec="33" bec="0" bev="0" fileid="8" />
                <SequencePoint vc="0" uspid="418" ordinal="17" offset="117" sl="76" sc="13" el="76" ec="25" bec="0" bev="0" fileid="8" />
                <SequencePoint vc="0" uspid="419" ordinal="18" offset="121" sl="77" sc="9" el="77" ec="10" bec="0" bev="0" fileid="8" />
              </SequencePoints>
              <BranchPoints>
                <BranchPoint vc="0" uspid="420" ordinal="0" offset="14" sl="57" path="0" offsetend="16" fileid="8" />
                <BranchPoint vc="0" uspid="421" ordinal="1" offset="14" sl="57" path="1" offsetend="28" fileid="8" />
                <BranchPoint vc="0" uspid="422" ordinal="2" offset="76" sl="68" path="0" offsetend="78" fileid="8" />
                <BranchPoint vc="0" uspid="423" ordinal="3" offset="76" sl="68" path="1" offsetend="90" fileid="8" />
              </BranchPoints>
              <MethodPoint xsi:type="SequencePoint" vc="0" uspid="401" ordinal="0" offset="0" sl="56" sc="9" el="56" ec="10" bec="0" bev="0" fileid="8" />
            </Method>
            <Method visited="false" cyclomaticComplexity="5" nPathComplexity="8" sequenceCoverage="0" branchCoverage="0" crapScore="30" isConstructor="false" isStatic="false" isGetter="false" isSetter="false">
              <Summary numSequencePoints="22" visitedSequencePoints="0" numBranchPoints="7" visitedBranchPoints="0" sequenceCoverage="0" branchCoverage="0" maxCyclomaticComplexity="5" minCyclomaticComplexity="5" maxCrapScore="30" minCrapScore="30" visitedClasses="0" numClasses="0" visitedMethods="0" numMethods="1" />
              <MetadataToken>100663355</MetadataToken>
              <Name>System.Boolean BLL.TableBLL::xuLyChinhSuaTable(System.Int32,System.String,System.String&amp;)</Name>
              <FileRef uid="8" />
              <SequencePoints>
                <SequencePoint vc="0" uspid="426" ordinal="0" offset="0" sl="80" sc="9" el="80" ec="10" bec="0" bev="0" fileid="8" />
                <SequencePoint vc="0" uspid="427" ordinal="1" offset="1" sl="82" sc="13" el="82" ec="28" bec="2" bev="0" fileid="8" />
                <SequencePoint vc="0" uspid="428" ordinal="2" offset="16" sl="83" sc="13" el="83" ec="14" bec="0" bev="0" fileid="8" />
                <SequencePoint vc="0" uspid="429" ordinal="3" offset="17" sl="84" sc="17" el="84" ec="42" bec="0" bev="0" fileid="8" />
                <SequencePoint vc="0" uspid="430" ordinal="4" offset="24" sl="85" sc="17" el="85" ec="30" bec="0" bev="0" fileid="8" />
                <SequencePoint vc="0" uspid="431" ordinal="5" offset="28" sl="87" sc="13" el="87" ec="46" bec="0" bev="0" fileid="8" />
                <SequencePoint vc="0" uspid="432" ordinal="6" offset="35" sl="89" sc="13" el="89" ec="73" bec="0" bev="0" fileid="8" />
                <SequencePoint vc="0" uspid="433" ordinal="7" offset="47" sl="90" sc="13" el="90" ec="32" bec="2" bev="0" fileid="8" />
                <SequencePoint vc="0" uspid="434" ordinal="8" offset="60" sl="91" sc="13" el="91" ec="14" bec="0" bev="0" fileid="8" />
                <SequencePoint vc="0" uspid="435" ordinal="9" offset="61" sl="93" sc="17" el="93" ec="24" bec="0" bev="0" fileid="8" />
                <SequencePoint vc="0" uspid="436" ordinal="10" offset="62" sl="93" sc="38" el="93" ec="39" bec="0" bev="0" fileid="8" />
                <SequencePoint vc="0" uspid="437" ordinal="11" offset="72" sl="93" sc="26" el="93" ec="34" bec="0" bev="0" fileid="8" />
                <SequencePoint vc="0" uspid="438" ordinal="12" offset="81" sl="94" sc="17" el="94" ec="18" bec="0" bev="0" fileid="8" />
                <SequencePoint vc="0" uspid="439" ordinal="13" offset="82" sl="95" sc="21" el="95" ec="35" bec="2" bev="0" fileid="8" />
                <SequencePoint vc="0" uspid="440" ordinal="14" offset="96" sl="96" sc="21" el="96" ec="22" bec="0" bev="0" fileid="8" />
                <SequencePoint vc="0" uspid="441" ordinal="15" offset="97" sl="97" sc="25" el="97" ec="70" bec="0" bev="0" fileid="8" />
                <SequencePoint vc="0" uspid="442" ordinal="16" offset="104" sl="98" sc="25" el="98" ec="38" bec="0" bev="0" fileid="8" />
                <SequencePoint vc="0" uspid="443" ordinal="17" offset="108" sl="101" sc="17" el="101" ec="18" bec="0" bev="0" fileid="8" />
                <SequencePoint vc="0" uspid="444" ordinal="18" offset="109" sl="93" sc="35" el="93" ec="37" bec="0" bev="0" fileid="8" />
                <SequencePoint vc="0" uspid="445" ordinal="19" offset="135" sl="102" sc="17" el="102" ec="29" bec="0" bev="0" fileid="8" />
                <SequencePoint vc="0" uspid="446" ordinal="20" offset="139" sl="105" sc="13" el="105" ec="26" bec="0" bev="0" fileid="8" />
                <SequencePoint vc="0" uspid="447" ordinal="21" offset="143" sl="106" sc="9" el="106" ec="10" bec="0" bev="0" fileid="8" />
              </SequencePoints>
              <BranchPoints>
                <BranchPoint vc="0" uspid="448" ordinal="0" offset="14" sl="82" path="0" offsetend="16" fileid="8" />
                <BranchPoint vc="0" uspid="449" ordinal="1" offset="14" sl="82" path="1" offsetend="28" fileid="8" />
                <BranchPoint vc="0" uspid="450" ordinal="2" offset="58" sl="90" path="0" offsetend="60" fileid="8" />
                <BranchPoint vc="0" uspid="451" ordinal="3" offset="58" sl="90" path="1" offsetend="139" fileid="8" />
                <BranchPoint vc="0" uspid="452" ordinal="4" offset="94" sl="95" path="0" offsetend="96" fileid="8" />
                <BranchPoint vc="0" uspid="453" ordinal="5" offset="94" sl="95" path="1" offsetend="108" fileid="8" />
              </BranchPoints>
              <MethodPoint xsi:type="SequencePoint" vc="0" uspid="426" ordinal="0" offset="0" sl="80" sc="9" el="80" ec="10" bec="0" bev="0" fileid="8" />
            </Method>
            <Method visited="false" cyclomaticComplexity="1" nPathComplexity="0" sequenceCoverage="0" branchCoverage="0" crapScore="2" isConstructor="false" isStatic="false" isGetter="false" isSetter="false">
              <Summary numSequencePoints="4" visitedSequencePoints="0" numBranchPoints="1" visitedBranchPoints="0" sequenceCoverage="0" branchCoverage="0" maxCyclomaticComplexity="1" minCyclomaticComplexity="1" maxCrapScore="2" minCrapScore="2" visitedClasses="0" numClasses="0" visitedMethods="0" numMethods="1" />
              <MetadataToken>100663356</MetadataToken>
              <Name>System.Collections.Generic.List`1&lt;System.Int32&gt; BLL.TableBLL::danhSachIDTable()</Name>
              <FileRef uid="8" />
              <SequencePoints>
                <SequencePoint vc="0" uspid="456" ordinal="0" offset="0" sl="108" sc="9" el="108" ec="10" bec="0" bev="0" fileid="8" />
                <SequencePoint vc="0" uspid="457" ordinal="1" offset="1" sl="109" sc="13" el="109" ec="64" bec="0" bev="0" fileid="8" />
                <SequencePoint vc="0" uspid="458" ordinal="2" offset="12" sl="110" sc="13" el="110" ec="22" bec="0" bev="0" fileid="8" />
                <SequencePoint vc="0" uspid="459" ordinal="3" offset="16" sl="113" sc="9" el="113" ec="10" bec="0" bev="0" fileid="8" />
              </SequencePoints>
              <BranchPoints />
              <MethodPoint xsi:type="SequencePoint" vc="0" uspid="456" ordinal="0" offset="0" sl="108" sc="9" el="108" ec="10" bec="0" bev="0" fileid="8" />
            </Method>
            <Method visited="false" cyclomaticComplexity="1" nPathComplexity="0" sequenceCoverage="0" branchCoverage="0" crapScore="2" isConstructor="false" isStatic="false" isGetter="false" isSetter="false">
              <Summary numSequencePoints="4" visitedSequencePoints="0" numBranchPoints="1" visitedBranchPoints="0" sequenceCoverage="0" branchCoverage="0" maxCyclomaticComplexity="1" minCyclomaticComplexity="1" maxCrapScore="2" minCrapScore="2" visitedClasses="0" numClasses="0" visitedMethods="0" numMethods="1" />
              <MetadataToken>100663357</MetadataToken>
              <Name>System.Collections.Generic.List`1&lt;System.String&gt; BLL.TableBLL::danhSachTable()</Name>
              <FileRef uid="8" />
              <SequencePoints>
                <SequencePoint vc="0" uspid="460" ordinal="0" offset="0" sl="115" sc="9" el="115" ec="10" bec="0" bev="0" fileid="8" />
                <SequencePoint vc="0" uspid="461" ordinal="1" offset="1" sl="116" sc="13" el="116" ec="64" bec="0" bev="0" fileid="8" />
                <SequencePoint vc="0" uspid="462" ordinal="2" offset="12" sl="117" sc="13" el="117" ec="22" bec="0" bev="0" fileid="8" />
                <SequencePoint vc="0" uspid="463" ordinal="3" offset="16" sl="120" sc="9" el="120" ec="10" bec="0" bev="0" fileid="8" />
              </SequencePoints>
              <BranchPoints />
              <MethodPoint xsi:type="SequencePoint" vc="0" uspid="460" ordinal="0" offset="0" sl="115" sc="9" el="115" ec="10" bec="0" bev="0" fileid="8" />
            </Method>
            <Method visited="false" cyclomaticComplexity="1" nPathComplexity="0" sequenceCoverage="0" branchCoverage="0" crapScore="2" isConstructor="false" isStatic="false" isGetter="false" isSetter="false">
              <Summary numSequencePoints="3" visitedSequencePoints="0" numBranchPoints="1" visitedBranchPoints="0" sequenceCoverage="0" branchCoverage="0" maxCyclomaticComplexity="1" minCyclomaticComplexity="1" maxCrapScore="2" minCrapScore="2" visitedClasses="0" numClasses="0" visitedMethods="0" numMethods="1" />
              <MetadataToken>100663358</MetadataToken>
              <Name>System.Data.DataTable BLL.TableBLL::TimKiemBanAn(System.String)</Name>
              <FileRef uid="8" />
              <SequencePoints>
                <SequencePoint vc="0" uspid="464" ordinal="0" offset="0" sl="122" sc="9" el="122" ec="10" bec="0" bev="0" fileid="8" />
                <SequencePoint vc="0" uspid="465" ordinal="1" offset="1" sl="123" sc="13" el="123" ec="54" bec="0" bev="0" fileid="8" />
                <SequencePoint vc="0" uspid="466" ordinal="2" offset="15" sl="126" sc="9" el="126" ec="10" bec="0" bev="0" fileid="8" />
              </SequencePoints>
              <BranchPoints />
              <MethodPoint xsi:type="SequencePoint" vc="0" uspid="464" ordinal="0" offset="0" sl="122" sc="9" el="122" ec="10" bec="0" bev="0" fileid="8" />
            </Method>
            <Method visited="false" cyclomaticComplexity="1" nPathComplexity="0" sequenceCoverage="0" branchCoverage="0" crapScore="2" isConstructor="true" isStatic="false" isGetter="false" isSetter="false">
              <Summary numSequencePoints="0" visitedSequencePoints="0" numBranchPoints="0" visitedBranchPoints="0" sequenceCoverage="0" branchCoverage="0" maxCyclomaticComplexity="1" minCyclomaticComplexity="1" maxCrapScore="2" minCrapScore="2" visitedClasses="0" numClasses="0" visitedMethods="0" numMethods="0" />
              <MetadataToken>100663359</MetadataToken>
              <Name>System.Void BLL.TableBLL::.ctor()</Name>
              <SequencePoints />
              <BranchPoints />
              <MethodPoint vc="0" uspid="467" ordinal="0" offset="0" />
            </Method>
            <Method visited="false" cyclomaticComplexity="1" nPathComplexity="0" sequenceCoverage="0" branchCoverage="0" crapScore="2" isConstructor="true" isStatic="true" isGetter="false" isSetter="false">
              <Summary numSequencePoints="2" visitedSequencePoints="0" numBranchPoints="1" visitedBranchPoints="0" sequenceCoverage="0" branchCoverage="0" maxCyclomaticComplexity="1" minCyclomaticComplexity="1" maxCrapScore="2" minCrapScore="2" visitedClasses="0" numClasses="0" visitedMethods="0" numMethods="1" />
              <MetadataToken>100663360</MetadataToken>
              <Name>System.Void BLL.TableBLL::.cctor()</Name>
              <FileRef uid="8" />
              <SequencePoints>
                <SequencePoint vc="0" uspid="468" ordinal="0" offset="0" sl="18" sc="9" el="18" ec="45" bec="0" bev="0" fileid="8" />
                <SequencePoint vc="0" uspid="469" ordinal="1" offset="7" sl="19" sc="9" el="19" ec="44" bec="0" bev="0" fileid="8" />
              </SequencePoints>
              <BranchPoints />
              <MethodPoint xsi:type="SequencePoint" vc="0" uspid="468" ordinal="0" offset="0" sl="18" sc="9" el="18" ec="45" bec="0" bev="0" fileid="8" />
            </Method>
          </Methods>
        </Class>
      </Classes>
    </Module>
  </Modules>
</CoverageSession>